<?xml version="1.0" encoding="UTF-8"?>
<!-- Generated by org.testng.reporters.JUnitXMLReporter -->
<testsuite hostname="KashifAli" name="PliroRegressionSuite" tests="150" failures="38" timestamp="10 Jul 2018 12:55:49 GMT" time="359.848" errors="0">
  <testcase name="findGoodDoctorTextTest" time="4.457" classname="tests.OnboardingPageTests"/>
  <testcase name="findDoctorCoverageTextTest" time="0.336" classname="tests.OnboardingPageTests"/>
  <testcase name="visibilityOfSkipButton" time="0.132" classname="tests.OnboardingPageTests"/>
  <testcase name="isSkipButtonEnabled" time="0.113" classname="tests.OnboardingPageTests"/>
  <testcase name="clickOnNextPageButton" time="1.775" classname="tests.OnboardingPageTests"/>
  <testcase name="visibilityOfAppointmentOnTheGoText" time="0.287" classname="tests.OnboardingPageTests"/>
  <testcase name="visibilityOfFindBestDocText" time="0.261" classname="tests.OnboardingPageTests"/>
  <testcase name="visibilityOfSkipButtonOnPage2" time="0.159" classname="tests.OnboardingPageTests"/>
  <testcase name="againClickOnNextPageButton" time="0.088" classname="tests.OnboardingPageTests"/>
  <testcase name="visibilityOfFindQuestionsText" time="1.098" classname="tests.OnboardingPageTests"/>
  <testcase name="visibilityOfFindBestDocTextonPage3" time="0.26" classname="tests.OnboardingPageTests"/>
  <testcase name="tapDoneButton" time="3.219" classname="tests.OnboardingPageTests"/>
  <testcase name="lookingForDoctorPage" time="0.164" classname="tests.OnboardingPageTests"/>
  <testcase name="clickOnSkipButtonOnOnboardingPage1" time="27.725" classname="tests.OnboardingPageTests"/>
  <testcase name="isFindBestDoctorTextVisible" time="0.2" classname="tests.LookingForDoctorPageTests"/>
  <testcase name="isLoginWithEmailButtonVisible" time="0.169" classname="tests.LookingForDoctorPageTests"/>
  <testcase name="isDontHaveAccountTextVisible" time="0.243" classname="tests.LookingForDoctorPageTests"/>
  <testcase name="isLoginWithEmailButtonEnabled" time="0.052" classname="tests.LookingForDoctorPageTests"/>
  <testcase name="isSignupTextVisible" time="0.177" classname="tests.LookingForDoctorPageTests"/>
  <testcase name="isSkipThisStepTextVisible" time="0.209" classname="tests.LookingForDoctorPageTests"/>
  <testcase name="clickOnLoginWithEmailButton" time="1.33" classname="tests.LoginPageTests"/>
  <testcase name="isEmailFieldVisible" time="0.152" classname="tests.LoginPageTests"/>
  <testcase name="enterEmail" time="0.873" classname="tests.LoginPageTests"/>
  <testcase name="isPasswordFieldVisible" time="0.675" classname="tests.LoginPageTests"/>
  <testcase name="enterPassword" time="0.642" classname="tests.LoginPageTests"/>
  <testcase name="isSignInButtonVisible" time="0.627" classname="tests.LoginPageTests"/>
  <testcase name="isDontHaveAccountLinkTextVisible" time="0.156" classname="tests.LoginPageTests"/>
  <testcase name="isSignUpNowLinkTextVisible" time="0.194" classname="tests.LoginPageTests"/>
  <testcase name="clickOnSignInButton" time="0.922" classname="tests.LoginPageTests"/>
  <testcase name="clickOnCONTINUEButton" time="7.024" classname="tests.LoginPageTests"/>
  <testcase name="isSearchDoctorLinkTextVisible" time="0.221" classname="tests.AppointmentBookingPatientTests"/>
  <testcase name="isSearchDiagnosticLinkTextVisible" time="0.345" classname="tests.AppointmentBookingPatientTests"/>
  <testcase name="isTapToSelectLinkTextVisible" time="3.066" classname="tests.AppointmentBookingPatientTests"/>
  <testcase name="isSelectionLocationLinkTextVisible" time="0.193" classname="tests.AppointmentBookingPatientTests"/>
  <testcase name="isFindDoctorButtonVisible" time="0.195" classname="tests.AppointmentBookingPatientTests"/>
  <testcase name="isMoreSpecialitiesLinkTextVisible" time="0.198" classname="tests.AppointmentBookingPatientTests"/>
  <testcase name="clickOnTapToSelectDropDown" time="1.562" classname="tests.AppointmentBookingPatientTests"/>
  <testcase name="isSearchVisible" time="0.202" classname="tests.AppointmentBookingPatientTests"/>
  <testcase name="isCloseButtonVisible" time="0.21" classname="tests.AppointmentBookingPatientTests"/>
  <testcase name="isCloseButtonClickable" time="3.547" classname="tests.AppointmentBookingPatientTests"/>
  <testcase name="clickTapToSelectDropDown" time="2.123" classname="tests.AppointmentBookingPatientTests"/>
  <testcase name="clickBackButton" time="0.314" classname="tests.AppointmentBookingPatientTests"/>
  <testcase name="clickTapToSelectDD" time="2.597" classname="tests.AppointmentBookingPatientTests"/>
  <testcase name="searchDoctor" time="6.818" classname="tests.AppointmentBookingPatientTests"/>
  <testcase name="clickLocationDD" time="2.116" classname="tests.AppointmentBookingPatientTests"/>
  <testcase name="isSearchFieldOnLocationPageVisible" time="0.203" classname="tests.AppointmentBookingPatientTests"/>
  <testcase name="searchLocation" time="5.975" classname="tests.AppointmentBookingPatientTests"/>
  <testcase name="tapFindDoctorButton" time="1.374" classname="tests.AppointmentBookingPatientTests"/>
  <testcase name="selectDoctor" time="2.837" classname="tests.AppointmentBookingPatientTests"/>
  <testcase name="isBookAppointmentButtonVisible" time="0.207" classname="tests.AppointmentBookingPatientTests"/>
  <testcase name="tapBookAppointmentButton" time="1.852" classname="tests.AppointmentBookingPatientTests"/>
  <testcase name="isTimeScheduleWindowPageAvailable" time="5.682" classname="tests.AppointmentBookingPatientTests">
    <failure type="org.openqa.selenium.NoSuchElementException" message="An element could not be located on the page using the given search parameters. (WARNING: The server did not provide any stacktrace information)
Command duration or timeout: 0 milliseconds
For documentation on this error, please visit: http://seleniumhq.org/exceptions/no_such_element.html
Build info: version: &amp;apos;3.9.1&amp;apos;, revision: &amp;apos;63f7b50&amp;apos;, time: &amp;apos;2018-02-07T22:25:02.294Z&amp;apos;
System info: host: &amp;apos;KASHIFALI&amp;apos;, ip: &amp;apos;192.168.1.135&amp;apos;, os.name: &amp;apos;Windows 8.1&amp;apos;, os.arch: &amp;apos;amd64&amp;apos;, os.version: &amp;apos;6.3&amp;apos;, java.version: &amp;apos;1.8.0_25&amp;apos;
Driver info: io.appium.java_client.android.AndroidDriver
Capabilities {app: D:\pliro-mobile-2.0\automat..., appActivity: com.pliro_mobile_2.SplashAc..., appPackage: com.aurora.pliro, automationName: UiAutomator2, deviceName: emulator-5554, javascriptEnabled: true, newCommandTimeout: 30, platform: ANDROID, platformName: ANDROID, platformVersion: 7.1.1}
Session ID: 53f6dfe6-c93c-4343-b890-8e9ebbad1621
*** Element info: {Using=-android uiautomator, value=new UiSelector().text(&amp;quot;Time Schedule&amp;quot;)}">
      <![CDATA[org.openqa.selenium.NoSuchElementException: An element could not be located on the page using the given search parameters. (WARNING: The server did not provide any stacktrace information)
Command duration or timeout: 0 milliseconds
For documentation on this error, please visit: http://seleniumhq.org/exceptions/no_such_element.html
Build info: version: '3.9.1', revision: '63f7b50', time: '2018-02-07T22:25:02.294Z'
System info: host: 'KASHIFALI', ip: '192.168.1.135', os.name: 'Windows 8.1', os.arch: 'amd64', os.version: '6.3', java.version: '1.8.0_25'
Driver info: io.appium.java_client.android.AndroidDriver
Capabilities {app: D:\pliro-mobile-2.0\automat..., appActivity: com.pliro_mobile_2.SplashAc..., appPackage: com.aurora.pliro, automationName: UiAutomator2, deviceName: emulator-5554, javascriptEnabled: true, newCommandTimeout: 30, platform: ANDROID, platformName: ANDROID, platformVersion: 7.1.1}
Session ID: 53f6dfe6-c93c-4343-b890-8e9ebbad1621
*** Element info: {Using=-android uiautomator, value=new UiSelector().text("Time Schedule")}
	at org.openqa.selenium.remote.ErrorHandler.createThrowable(ErrorHandler.java:214)
	at org.openqa.selenium.remote.ErrorHandler.throwIfResponseFailed(ErrorHandler.java:166)
	at org.openqa.selenium.remote.http.JsonHttpResponseCodec.reconstructValue(JsonHttpResponseCodec.java:40)
	at org.openqa.selenium.remote.http.AbstractHttpResponseCodec.decode(AbstractHttpResponseCodec.java:80)
	at org.openqa.selenium.remote.http.AbstractHttpResponseCodec.decode(AbstractHttpResponseCodec.java:44)
	at org.openqa.selenium.remote.HttpCommandExecutor.execute(HttpCommandExecutor.java:160)
	at io.appium.java_client.remote.AppiumCommandExecutor.execute(AppiumCommandExecutor.java:129)
	at org.openqa.selenium.remote.RemoteWebDriver.execute(RemoteWebDriver.java:601)
	at io.appium.java_client.DefaultGenericMobileDriver.execute(DefaultGenericMobileDriver.java:42)
	at io.appium.java_client.AppiumDriver.execute(AppiumDriver.java:1)
	at io.appium.java_client.android.AndroidDriver.execute(AndroidDriver.java:1)
	at org.openqa.selenium.remote.RemoteWebDriver.findElement(RemoteWebDriver.java:371)
	at io.appium.java_client.DefaultGenericMobileDriver.findElement(DefaultGenericMobileDriver.java:62)
	at io.appium.java_client.AppiumDriver.findElement(AppiumDriver.java:1)
	at io.appium.java_client.android.AndroidDriver.findElement(AndroidDriver.java:1)
	at io.appium.java_client.FindsByAndroidUIAutomator.findElementByAndroidUIAutomator(FindsByAndroidUIAutomator.java:38)
	at core.UiObject.getText(UiObject.java:120)
	at api.apps.Pliro.timeSchedule.TimeSchedulePage.isTimeScheduleWindowVisible(TimeSchedulePage.java:18)
	at tests.AppointmentBookingPatientTests.isTimeScheduleWindowPageAvailable(AppointmentBookingPatientTests.java:166)
	at org.apache.maven.surefire.testng.TestNGExecutor.run(TestNGExecutor.java:283)
	at org.apache.maven.surefire.testng.TestNGXmlTestSuite.execute(TestNGXmlTestSuite.java:75)
	at org.apache.maven.surefire.testng.TestNGProvider.invoke(TestNGProvider.java:120)
	at org.apache.maven.surefire.booter.ForkedBooter.invokeProviderInSameClassLoader(ForkedBooter.java:373)
	at org.apache.maven.surefire.booter.ForkedBooter.runSuitesInProcess(ForkedBooter.java:334)
	at org.apache.maven.surefire.booter.ForkedBooter.execute(ForkedBooter.java:119)
	at org.apache.maven.surefire.booter.ForkedBooter.main(ForkedBooter.java:407)
... Removed 25 stack frames]]>
    </failure>
  </testcase> <!-- isTimeScheduleWindowPageAvailable -->
  <testcase name="isTimeSlotAvailable" time="0.0" classname="tests.AppointmentBookingPatientTests">
    <skipped/>
  </testcase> <!-- isTimeSlotAvailable -->
  <testcase name="isConfirmAppointmentButtonVisible" time="0.0" classname="tests.AppointmentBookingPatientTests">
    <skipped/>
  </testcase> <!-- isConfirmAppointmentButtonVisible -->
  <testcase name="tapConfirmAppointmentButton" time="0.0" classname="tests.AppointmentBookingPatientTests">
    <skipped/>
  </testcase> <!-- tapConfirmAppointmentButton -->
  <testcase name="congratulationsText" time="0.0" classname="tests.AppointmentBookingPatientTests">
    <skipped/>
  </testcase> <!-- congratulationsText -->
  <testcase name="appointmentCompletedSuccessfullyText" time="0.0" classname="tests.AppointmentBookingPatientTests">
    <skipped/>
  </testcase> <!-- appointmentCompletedSuccessfullyText -->
  <testcase name="continueUsingPliroButton" time="0.0" classname="tests.AppointmentBookingPatientTests">
    <skipped/>
  </testcase> <!-- continueUsingPliroButton -->
  <testcase name="tapContinueUsingPliroButton" time="0.0" classname="tests.AppointmentBookingPatientTests">
    <skipped/>
  </testcase> <!-- tapContinueUsingPliroButton -->
  <testcase name="clickonsettingsText" time="5.512" classname="tests.SettingsPageTests">
    <failure type="org.openqa.selenium.NoSuchElementException" message="An element could not be located on the page using the given search parameters. (WARNING: The server did not provide any stacktrace information)
Command duration or timeout: 0 milliseconds
For documentation on this error, please visit: http://seleniumhq.org/exceptions/no_such_element.html
Build info: version: &amp;apos;3.9.1&amp;apos;, revision: &amp;apos;63f7b50&amp;apos;, time: &amp;apos;2018-02-07T22:25:02.294Z&amp;apos;
System info: host: &amp;apos;KASHIFALI&amp;apos;, ip: &amp;apos;192.168.1.135&amp;apos;, os.name: &amp;apos;Windows 8.1&amp;apos;, os.arch: &amp;apos;amd64&amp;apos;, os.version: &amp;apos;6.3&amp;apos;, java.version: &amp;apos;1.8.0_25&amp;apos;
Driver info: io.appium.java_client.android.AndroidDriver
Capabilities {app: D:\pliro-mobile-2.0\automat..., appActivity: com.pliro_mobile_2.SplashAc..., appPackage: com.aurora.pliro, automationName: UiAutomator2, deviceName: emulator-5554, javascriptEnabled: true, newCommandTimeout: 30, platform: ANDROID, platformName: ANDROID, platformVersion: 7.1.1}
Session ID: 53f6dfe6-c93c-4343-b890-8e9ebbad1621
*** Element info: {Using=xpath, value=/hierarchy/android.widget.FrameLayout/android.widget.LinearLayout/android.widget.FrameLayout/android.widget.LinearLayout/android.widget.FrameLayout/android.widget.RelativeLayout/android.widget.FrameLayout/android.widget.LinearLayout/android.widget.FrameLayout[4]/android.widget.ImageView}">
      <![CDATA[org.openqa.selenium.NoSuchElementException: An element could not be located on the page using the given search parameters. (WARNING: The server did not provide any stacktrace information)
Command duration or timeout: 0 milliseconds
For documentation on this error, please visit: http://seleniumhq.org/exceptions/no_such_element.html
Build info: version: '3.9.1', revision: '63f7b50', time: '2018-02-07T22:25:02.294Z'
System info: host: 'KASHIFALI', ip: '192.168.1.135', os.name: 'Windows 8.1', os.arch: 'amd64', os.version: '6.3', java.version: '1.8.0_25'
Driver info: io.appium.java_client.android.AndroidDriver
Capabilities {app: D:\pliro-mobile-2.0\automat..., appActivity: com.pliro_mobile_2.SplashAc..., appPackage: com.aurora.pliro, automationName: UiAutomator2, deviceName: emulator-5554, javascriptEnabled: true, newCommandTimeout: 30, platform: ANDROID, platformName: ANDROID, platformVersion: 7.1.1}
Session ID: 53f6dfe6-c93c-4343-b890-8e9ebbad1621
*** Element info: {Using=xpath, value=/hierarchy/android.widget.FrameLayout/android.widget.LinearLayout/android.widget.FrameLayout/android.widget.LinearLayout/android.widget.FrameLayout/android.widget.RelativeLayout/android.widget.FrameLayout/android.widget.LinearLayout/android.widget.FrameLayout[4]/android.widget.ImageView}
	at org.openqa.selenium.remote.ErrorHandler.createThrowable(ErrorHandler.java:214)
	at org.openqa.selenium.remote.ErrorHandler.throwIfResponseFailed(ErrorHandler.java:166)
	at org.openqa.selenium.remote.http.JsonHttpResponseCodec.reconstructValue(JsonHttpResponseCodec.java:40)
	at org.openqa.selenium.remote.http.AbstractHttpResponseCodec.decode(AbstractHttpResponseCodec.java:80)
	at org.openqa.selenium.remote.http.AbstractHttpResponseCodec.decode(AbstractHttpResponseCodec.java:44)
	at org.openqa.selenium.remote.HttpCommandExecutor.execute(HttpCommandExecutor.java:160)
	at io.appium.java_client.remote.AppiumCommandExecutor.execute(AppiumCommandExecutor.java:129)
	at org.openqa.selenium.remote.RemoteWebDriver.execute(RemoteWebDriver.java:601)
	at io.appium.java_client.DefaultGenericMobileDriver.execute(DefaultGenericMobileDriver.java:42)
	at io.appium.java_client.AppiumDriver.execute(AppiumDriver.java:1)
	at io.appium.java_client.android.AndroidDriver.execute(AndroidDriver.java:1)
	at org.openqa.selenium.remote.RemoteWebDriver.findElement(RemoteWebDriver.java:371)
	at io.appium.java_client.DefaultGenericMobileDriver.findElement(DefaultGenericMobileDriver.java:62)
	at io.appium.java_client.AppiumDriver.findElement(AppiumDriver.java:1)
	at io.appium.java_client.android.AndroidDriver.findElement(AndroidDriver.java:1)
	at org.openqa.selenium.remote.RemoteWebDriver.findElementByXPath(RemoteWebDriver.java:473)
	at io.appium.java_client.DefaultGenericMobileDriver.findElementByXPath(DefaultGenericMobileDriver.java:152)
	at io.appium.java_client.AppiumDriver.findElementByXPath(AppiumDriver.java:1)
	at io.appium.java_client.android.AndroidDriver.findElementByXPath(AndroidDriver.java:1)
	at core.UiObject.tap(UiObject.java:178)
	at api.apps.Pliro.settingsPage.SettingsPage.tapsettingsText(SettingsPage.java:47)
	at tests.SettingsPageTests.clickonsettingsText(SettingsPageTests.java:13)
	at org.apache.maven.surefire.testng.TestNGExecutor.run(TestNGExecutor.java:283)
	at org.apache.maven.surefire.testng.TestNGXmlTestSuite.execute(TestNGXmlTestSuite.java:75)
	at org.apache.maven.surefire.testng.TestNGProvider.invoke(TestNGProvider.java:120)
	at org.apache.maven.surefire.booter.ForkedBooter.invokeProviderInSameClassLoader(ForkedBooter.java:373)
	at org.apache.maven.surefire.booter.ForkedBooter.runSuitesInProcess(ForkedBooter.java:334)
	at org.apache.maven.surefire.booter.ForkedBooter.execute(ForkedBooter.java:119)
	at org.apache.maven.surefire.booter.ForkedBooter.main(ForkedBooter.java:407)
... Removed 25 stack frames]]>
    </failure>
  </testcase> <!-- clickonsettingsText -->
  <testcase name="findLogoutText" time="5.392" classname="tests.SettingsPageTests">
    <failure type="org.openqa.selenium.NoSuchElementException" message="An element could not be located on the page using the given search parameters. (WARNING: The server did not provide any stacktrace information)
Command duration or timeout: 0 milliseconds
For documentation on this error, please visit: http://seleniumhq.org/exceptions/no_such_element.html
Build info: version: &amp;apos;3.9.1&amp;apos;, revision: &amp;apos;63f7b50&amp;apos;, time: &amp;apos;2018-02-07T22:25:02.294Z&amp;apos;
System info: host: &amp;apos;KASHIFALI&amp;apos;, ip: &amp;apos;192.168.1.135&amp;apos;, os.name: &amp;apos;Windows 8.1&amp;apos;, os.arch: &amp;apos;amd64&amp;apos;, os.version: &amp;apos;6.3&amp;apos;, java.version: &amp;apos;1.8.0_25&amp;apos;
Driver info: io.appium.java_client.android.AndroidDriver
Capabilities {app: D:\pliro-mobile-2.0\automat..., appActivity: com.pliro_mobile_2.SplashAc..., appPackage: com.aurora.pliro, automationName: UiAutomator2, deviceName: emulator-5554, javascriptEnabled: true, newCommandTimeout: 30, platform: ANDROID, platformName: ANDROID, platformVersion: 7.1.1}
Session ID: 53f6dfe6-c93c-4343-b890-8e9ebbad1621
*** Element info: {Using=-android uiautomator, value=new UiSelector().text(&amp;quot;Logout&amp;quot;)}">
      <![CDATA[org.openqa.selenium.NoSuchElementException: An element could not be located on the page using the given search parameters. (WARNING: The server did not provide any stacktrace information)
Command duration or timeout: 0 milliseconds
For documentation on this error, please visit: http://seleniumhq.org/exceptions/no_such_element.html
Build info: version: '3.9.1', revision: '63f7b50', time: '2018-02-07T22:25:02.294Z'
System info: host: 'KASHIFALI', ip: '192.168.1.135', os.name: 'Windows 8.1', os.arch: 'amd64', os.version: '6.3', java.version: '1.8.0_25'
Driver info: io.appium.java_client.android.AndroidDriver
Capabilities {app: D:\pliro-mobile-2.0\automat..., appActivity: com.pliro_mobile_2.SplashAc..., appPackage: com.aurora.pliro, automationName: UiAutomator2, deviceName: emulator-5554, javascriptEnabled: true, newCommandTimeout: 30, platform: ANDROID, platformName: ANDROID, platformVersion: 7.1.1}
Session ID: 53f6dfe6-c93c-4343-b890-8e9ebbad1621
*** Element info: {Using=-android uiautomator, value=new UiSelector().text("Logout")}
	at org.openqa.selenium.remote.ErrorHandler.createThrowable(ErrorHandler.java:214)
	at org.openqa.selenium.remote.ErrorHandler.throwIfResponseFailed(ErrorHandler.java:166)
	at org.openqa.selenium.remote.http.JsonHttpResponseCodec.reconstructValue(JsonHttpResponseCodec.java:40)
	at org.openqa.selenium.remote.http.AbstractHttpResponseCodec.decode(AbstractHttpResponseCodec.java:80)
	at org.openqa.selenium.remote.http.AbstractHttpResponseCodec.decode(AbstractHttpResponseCodec.java:44)
	at org.openqa.selenium.remote.HttpCommandExecutor.execute(HttpCommandExecutor.java:160)
	at io.appium.java_client.remote.AppiumCommandExecutor.execute(AppiumCommandExecutor.java:129)
	at org.openqa.selenium.remote.RemoteWebDriver.execute(RemoteWebDriver.java:601)
	at io.appium.java_client.DefaultGenericMobileDriver.execute(DefaultGenericMobileDriver.java:42)
	at io.appium.java_client.AppiumDriver.execute(AppiumDriver.java:1)
	at io.appium.java_client.android.AndroidDriver.execute(AndroidDriver.java:1)
	at org.openqa.selenium.remote.RemoteWebDriver.findElement(RemoteWebDriver.java:371)
	at io.appium.java_client.DefaultGenericMobileDriver.findElement(DefaultGenericMobileDriver.java:62)
	at io.appium.java_client.AppiumDriver.findElement(AppiumDriver.java:1)
	at io.appium.java_client.android.AndroidDriver.findElement(AndroidDriver.java:1)
	at io.appium.java_client.FindsByAndroidUIAutomator.findElementByAndroidUIAutomator(FindsByAndroidUIAutomator.java:38)
	at core.UiObject.getText(UiObject.java:120)
	at api.apps.Pliro.settingsPage.SettingsPage.findLogoutTextLink(SettingsPage.java:24)
	at tests.SettingsPageTests.findLogoutText(SettingsPageTests.java:20)
	at org.apache.maven.surefire.testng.TestNGExecutor.run(TestNGExecutor.java:283)
	at org.apache.maven.surefire.testng.TestNGXmlTestSuite.execute(TestNGXmlTestSuite.java:75)
	at org.apache.maven.surefire.testng.TestNGProvider.invoke(TestNGProvider.java:120)
	at org.apache.maven.surefire.booter.ForkedBooter.invokeProviderInSameClassLoader(ForkedBooter.java:373)
	at org.apache.maven.surefire.booter.ForkedBooter.runSuitesInProcess(ForkedBooter.java:334)
	at org.apache.maven.surefire.booter.ForkedBooter.execute(ForkedBooter.java:119)
	at org.apache.maven.surefire.booter.ForkedBooter.main(ForkedBooter.java:407)
... Removed 25 stack frames]]>
    </failure>
  </testcase> <!-- findLogoutText -->
  <testcase name="clickOnLoginWithEmailButton" time="5.388" classname="tests.DoctorLoginPageTests">
    <failure type="org.openqa.selenium.NoSuchElementException" message="An element could not be located on the page using the given search parameters. (WARNING: The server did not provide any stacktrace information)
Command duration or timeout: 0 milliseconds
For documentation on this error, please visit: http://seleniumhq.org/exceptions/no_such_element.html
Build info: version: &amp;apos;3.9.1&amp;apos;, revision: &amp;apos;63f7b50&amp;apos;, time: &amp;apos;2018-02-07T22:25:02.294Z&amp;apos;
System info: host: &amp;apos;KASHIFALI&amp;apos;, ip: &amp;apos;192.168.1.135&amp;apos;, os.name: &amp;apos;Windows 8.1&amp;apos;, os.arch: &amp;apos;amd64&amp;apos;, os.version: &amp;apos;6.3&amp;apos;, java.version: &amp;apos;1.8.0_25&amp;apos;
Driver info: io.appium.java_client.android.AndroidDriver
Capabilities {app: D:\pliro-mobile-2.0\automat..., appActivity: com.pliro_mobile_2.SplashAc..., appPackage: com.aurora.pliro, automationName: UiAutomator2, deviceName: emulator-5554, javascriptEnabled: true, newCommandTimeout: 30, platform: ANDROID, platformName: ANDROID, platformVersion: 7.1.1}
Session ID: 53f6dfe6-c93c-4343-b890-8e9ebbad1621
*** Element info: {Using=-android uiautomator, value=new UiSelector().text(&amp;quot;Login&amp;quot;)}">
      <![CDATA[org.openqa.selenium.NoSuchElementException: An element could not be located on the page using the given search parameters. (WARNING: The server did not provide any stacktrace information)
Command duration or timeout: 0 milliseconds
For documentation on this error, please visit: http://seleniumhq.org/exceptions/no_such_element.html
Build info: version: '3.9.1', revision: '63f7b50', time: '2018-02-07T22:25:02.294Z'
System info: host: 'KASHIFALI', ip: '192.168.1.135', os.name: 'Windows 8.1', os.arch: 'amd64', os.version: '6.3', java.version: '1.8.0_25'
Driver info: io.appium.java_client.android.AndroidDriver
Capabilities {app: D:\pliro-mobile-2.0\automat..., appActivity: com.pliro_mobile_2.SplashAc..., appPackage: com.aurora.pliro, automationName: UiAutomator2, deviceName: emulator-5554, javascriptEnabled: true, newCommandTimeout: 30, platform: ANDROID, platformName: ANDROID, platformVersion: 7.1.1}
Session ID: 53f6dfe6-c93c-4343-b890-8e9ebbad1621
*** Element info: {Using=-android uiautomator, value=new UiSelector().text("Login")}
	at org.openqa.selenium.remote.ErrorHandler.createThrowable(ErrorHandler.java:214)
	at org.openqa.selenium.remote.ErrorHandler.throwIfResponseFailed(ErrorHandler.java:166)
	at org.openqa.selenium.remote.http.JsonHttpResponseCodec.reconstructValue(JsonHttpResponseCodec.java:40)
	at org.openqa.selenium.remote.http.AbstractHttpResponseCodec.decode(AbstractHttpResponseCodec.java:80)
	at org.openqa.selenium.remote.http.AbstractHttpResponseCodec.decode(AbstractHttpResponseCodec.java:44)
	at org.openqa.selenium.remote.HttpCommandExecutor.execute(HttpCommandExecutor.java:160)
	at io.appium.java_client.remote.AppiumCommandExecutor.execute(AppiumCommandExecutor.java:129)
	at org.openqa.selenium.remote.RemoteWebDriver.execute(RemoteWebDriver.java:601)
	at io.appium.java_client.DefaultGenericMobileDriver.execute(DefaultGenericMobileDriver.java:42)
	at io.appium.java_client.AppiumDriver.execute(AppiumDriver.java:1)
	at io.appium.java_client.android.AndroidDriver.execute(AndroidDriver.java:1)
	at org.openqa.selenium.remote.RemoteWebDriver.findElement(RemoteWebDriver.java:371)
	at io.appium.java_client.DefaultGenericMobileDriver.findElement(DefaultGenericMobileDriver.java:62)
	at io.appium.java_client.AppiumDriver.findElement(AppiumDriver.java:1)
	at io.appium.java_client.android.AndroidDriver.findElement(AndroidDriver.java:1)
	at io.appium.java_client.FindsByAndroidUIAutomator.findElementByAndroidUIAutomator(FindsByAndroidUIAutomator.java:38)
	at core.UiObject.tap(UiObject.java:179)
	at api.apps.Pliro.settingsPage.SettingsPage.tapLoginTextLink(SettingsPage.java:14)
	at tests.DoctorLoginPageTests.clickOnLoginWithEmailButton(DoctorLoginPageTests.java:16)
	at org.apache.maven.surefire.testng.TestNGExecutor.run(TestNGExecutor.java:283)
	at org.apache.maven.surefire.testng.TestNGXmlTestSuite.execute(TestNGXmlTestSuite.java:75)
	at org.apache.maven.surefire.testng.TestNGProvider.invoke(TestNGProvider.java:120)
	at org.apache.maven.surefire.booter.ForkedBooter.invokeProviderInSameClassLoader(ForkedBooter.java:373)
	at org.apache.maven.surefire.booter.ForkedBooter.runSuitesInProcess(ForkedBooter.java:334)
	at org.apache.maven.surefire.booter.ForkedBooter.execute(ForkedBooter.java:119)
	at org.apache.maven.surefire.booter.ForkedBooter.main(ForkedBooter.java:407)
... Removed 25 stack frames]]>
    </failure>
  </testcase> <!-- clickOnLoginWithEmailButton -->
  <testcase name="enterEmail" time="5.401" classname="tests.DoctorLoginPageTests">
    <failure type="org.openqa.selenium.NoSuchElementException" message="An element could not be located on the page using the given search parameters. (WARNING: The server did not provide any stacktrace information)
Command duration or timeout: 0 milliseconds
For documentation on this error, please visit: http://seleniumhq.org/exceptions/no_such_element.html
Build info: version: &amp;apos;3.9.1&amp;apos;, revision: &amp;apos;63f7b50&amp;apos;, time: &amp;apos;2018-02-07T22:25:02.294Z&amp;apos;
System info: host: &amp;apos;KASHIFALI&amp;apos;, ip: &amp;apos;192.168.1.135&amp;apos;, os.name: &amp;apos;Windows 8.1&amp;apos;, os.arch: &amp;apos;amd64&amp;apos;, os.version: &amp;apos;6.3&amp;apos;, java.version: &amp;apos;1.8.0_25&amp;apos;
Driver info: io.appium.java_client.android.AndroidDriver
Capabilities {app: D:\pliro-mobile-2.0\automat..., appActivity: com.pliro_mobile_2.SplashAc..., appPackage: com.aurora.pliro, automationName: UiAutomator2, deviceName: emulator-5554, javascriptEnabled: true, newCommandTimeout: 30, platform: ANDROID, platformName: ANDROID, platformVersion: 7.1.1}
Session ID: 53f6dfe6-c93c-4343-b890-8e9ebbad1621
*** Element info: {Using=-android uiautomator, value=new UiSelector().text(&amp;quot;Email&amp;quot;)}">
      <![CDATA[org.openqa.selenium.NoSuchElementException: An element could not be located on the page using the given search parameters. (WARNING: The server did not provide any stacktrace information)
Command duration or timeout: 0 milliseconds
For documentation on this error, please visit: http://seleniumhq.org/exceptions/no_such_element.html
Build info: version: '3.9.1', revision: '63f7b50', time: '2018-02-07T22:25:02.294Z'
System info: host: 'KASHIFALI', ip: '192.168.1.135', os.name: 'Windows 8.1', os.arch: 'amd64', os.version: '6.3', java.version: '1.8.0_25'
Driver info: io.appium.java_client.android.AndroidDriver
Capabilities {app: D:\pliro-mobile-2.0\automat..., appActivity: com.pliro_mobile_2.SplashAc..., appPackage: com.aurora.pliro, automationName: UiAutomator2, deviceName: emulator-5554, javascriptEnabled: true, newCommandTimeout: 30, platform: ANDROID, platformName: ANDROID, platformVersion: 7.1.1}
Session ID: 53f6dfe6-c93c-4343-b890-8e9ebbad1621
*** Element info: {Using=-android uiautomator, value=new UiSelector().text("Email")}
	at org.openqa.selenium.remote.ErrorHandler.createThrowable(ErrorHandler.java:214)
	at org.openqa.selenium.remote.ErrorHandler.throwIfResponseFailed(ErrorHandler.java:166)
	at org.openqa.selenium.remote.http.JsonHttpResponseCodec.reconstructValue(JsonHttpResponseCodec.java:40)
	at org.openqa.selenium.remote.http.AbstractHttpResponseCodec.decode(AbstractHttpResponseCodec.java:80)
	at org.openqa.selenium.remote.http.AbstractHttpResponseCodec.decode(AbstractHttpResponseCodec.java:44)
	at org.openqa.selenium.remote.HttpCommandExecutor.execute(HttpCommandExecutor.java:160)
	at io.appium.java_client.remote.AppiumCommandExecutor.execute(AppiumCommandExecutor.java:129)
	at org.openqa.selenium.remote.RemoteWebDriver.execute(RemoteWebDriver.java:601)
	at io.appium.java_client.DefaultGenericMobileDriver.execute(DefaultGenericMobileDriver.java:42)
	at io.appium.java_client.AppiumDriver.execute(AppiumDriver.java:1)
	at io.appium.java_client.android.AndroidDriver.execute(AndroidDriver.java:1)
	at org.openqa.selenium.remote.RemoteWebDriver.findElement(RemoteWebDriver.java:371)
	at io.appium.java_client.DefaultGenericMobileDriver.findElement(DefaultGenericMobileDriver.java:62)
	at io.appium.java_client.AppiumDriver.findElement(AppiumDriver.java:1)
	at io.appium.java_client.android.AndroidDriver.findElement(AndroidDriver.java:1)
	at io.appium.java_client.FindsByAndroidUIAutomator.findElementByAndroidUIAutomator(FindsByAndroidUIAutomator.java:38)
	at core.UiObject.sendText(UiObject.java:163)
	at tests.DoctorLoginPageTests.enterEmail(DoctorLoginPageTests.java:22)
	at org.apache.maven.surefire.testng.TestNGExecutor.run(TestNGExecutor.java:283)
	at org.apache.maven.surefire.testng.TestNGXmlTestSuite.execute(TestNGXmlTestSuite.java:75)
	at org.apache.maven.surefire.testng.TestNGProvider.invoke(TestNGProvider.java:120)
	at org.apache.maven.surefire.booter.ForkedBooter.invokeProviderInSameClassLoader(ForkedBooter.java:373)
	at org.apache.maven.surefire.booter.ForkedBooter.runSuitesInProcess(ForkedBooter.java:334)
	at org.apache.maven.surefire.booter.ForkedBooter.execute(ForkedBooter.java:119)
	at org.apache.maven.surefire.booter.ForkedBooter.main(ForkedBooter.java:407)
... Removed 25 stack frames]]>
    </failure>
  </testcase> <!-- enterEmail -->
  <testcase name="isPasswordFieldVisible" time="5.4" classname="tests.DoctorLoginPageTests">
    <failure type="org.openqa.selenium.NoSuchElementException" message="An element could not be located on the page using the given search parameters. (WARNING: The server did not provide any stacktrace information)
Command duration or timeout: 0 milliseconds
For documentation on this error, please visit: http://seleniumhq.org/exceptions/no_such_element.html
Build info: version: &amp;apos;3.9.1&amp;apos;, revision: &amp;apos;63f7b50&amp;apos;, time: &amp;apos;2018-02-07T22:25:02.294Z&amp;apos;
System info: host: &amp;apos;KASHIFALI&amp;apos;, ip: &amp;apos;192.168.1.135&amp;apos;, os.name: &amp;apos;Windows 8.1&amp;apos;, os.arch: &amp;apos;amd64&amp;apos;, os.version: &amp;apos;6.3&amp;apos;, java.version: &amp;apos;1.8.0_25&amp;apos;
Driver info: io.appium.java_client.android.AndroidDriver
Capabilities {app: D:\pliro-mobile-2.0\automat..., appActivity: com.pliro_mobile_2.SplashAc..., appPackage: com.aurora.pliro, automationName: UiAutomator2, deviceName: emulator-5554, javascriptEnabled: true, newCommandTimeout: 30, platform: ANDROID, platformName: ANDROID, platformVersion: 7.1.1}
Session ID: 53f6dfe6-c93c-4343-b890-8e9ebbad1621
*** Element info: {Using=-android uiautomator, value=new UiSelector().text(&amp;quot;Password&amp;quot;)}">
      <![CDATA[org.openqa.selenium.NoSuchElementException: An element could not be located on the page using the given search parameters. (WARNING: The server did not provide any stacktrace information)
Command duration or timeout: 0 milliseconds
For documentation on this error, please visit: http://seleniumhq.org/exceptions/no_such_element.html
Build info: version: '3.9.1', revision: '63f7b50', time: '2018-02-07T22:25:02.294Z'
System info: host: 'KASHIFALI', ip: '192.168.1.135', os.name: 'Windows 8.1', os.arch: 'amd64', os.version: '6.3', java.version: '1.8.0_25'
Driver info: io.appium.java_client.android.AndroidDriver
Capabilities {app: D:\pliro-mobile-2.0\automat..., appActivity: com.pliro_mobile_2.SplashAc..., appPackage: com.aurora.pliro, automationName: UiAutomator2, deviceName: emulator-5554, javascriptEnabled: true, newCommandTimeout: 30, platform: ANDROID, platformName: ANDROID, platformVersion: 7.1.1}
Session ID: 53f6dfe6-c93c-4343-b890-8e9ebbad1621
*** Element info: {Using=-android uiautomator, value=new UiSelector().text("Password")}
	at org.openqa.selenium.remote.ErrorHandler.createThrowable(ErrorHandler.java:214)
	at org.openqa.selenium.remote.ErrorHandler.throwIfResponseFailed(ErrorHandler.java:166)
	at org.openqa.selenium.remote.http.JsonHttpResponseCodec.reconstructValue(JsonHttpResponseCodec.java:40)
	at org.openqa.selenium.remote.http.AbstractHttpResponseCodec.decode(AbstractHttpResponseCodec.java:80)
	at org.openqa.selenium.remote.http.AbstractHttpResponseCodec.decode(AbstractHttpResponseCodec.java:44)
	at org.openqa.selenium.remote.HttpCommandExecutor.execute(HttpCommandExecutor.java:160)
	at io.appium.java_client.remote.AppiumCommandExecutor.execute(AppiumCommandExecutor.java:129)
	at org.openqa.selenium.remote.RemoteWebDriver.execute(RemoteWebDriver.java:601)
	at io.appium.java_client.DefaultGenericMobileDriver.execute(DefaultGenericMobileDriver.java:42)
	at io.appium.java_client.AppiumDriver.execute(AppiumDriver.java:1)
	at io.appium.java_client.android.AndroidDriver.execute(AndroidDriver.java:1)
	at org.openqa.selenium.remote.RemoteWebDriver.findElement(RemoteWebDriver.java:371)
	at io.appium.java_client.DefaultGenericMobileDriver.findElement(DefaultGenericMobileDriver.java:62)
	at io.appium.java_client.AppiumDriver.findElement(AppiumDriver.java:1)
	at io.appium.java_client.android.AndroidDriver.findElement(AndroidDriver.java:1)
	at io.appium.java_client.FindsByAndroidUIAutomator.findElementByAndroidUIAutomator(FindsByAndroidUIAutomator.java:38)
	at core.UiObject.getText(UiObject.java:120)
	at api.apps.Pliro.loginPage.LoginPage.findPasswordField(LoginPage.java:28)
	at tests.DoctorLoginPageTests.isPasswordFieldVisible(DoctorLoginPageTests.java:28)
	at org.apache.maven.surefire.testng.TestNGExecutor.run(TestNGExecutor.java:283)
	at org.apache.maven.surefire.testng.TestNGXmlTestSuite.execute(TestNGXmlTestSuite.java:75)
	at org.apache.maven.surefire.testng.TestNGProvider.invoke(TestNGProvider.java:120)
	at org.apache.maven.surefire.booter.ForkedBooter.invokeProviderInSameClassLoader(ForkedBooter.java:373)
	at org.apache.maven.surefire.booter.ForkedBooter.runSuitesInProcess(ForkedBooter.java:334)
	at org.apache.maven.surefire.booter.ForkedBooter.execute(ForkedBooter.java:119)
	at org.apache.maven.surefire.booter.ForkedBooter.main(ForkedBooter.java:407)
... Removed 25 stack frames]]>
    </failure>
  </testcase> <!-- isPasswordFieldVisible -->
  <testcase name="enterPassword" time="5.322" classname="tests.DoctorLoginPageTests">
    <failure type="org.openqa.selenium.NoSuchElementException" message="An element could not be located on the page using the given search parameters. (WARNING: The server did not provide any stacktrace information)
Command duration or timeout: 0 milliseconds
For documentation on this error, please visit: http://seleniumhq.org/exceptions/no_such_element.html
Build info: version: &amp;apos;3.9.1&amp;apos;, revision: &amp;apos;63f7b50&amp;apos;, time: &amp;apos;2018-02-07T22:25:02.294Z&amp;apos;
System info: host: &amp;apos;KASHIFALI&amp;apos;, ip: &amp;apos;192.168.1.135&amp;apos;, os.name: &amp;apos;Windows 8.1&amp;apos;, os.arch: &amp;apos;amd64&amp;apos;, os.version: &amp;apos;6.3&amp;apos;, java.version: &amp;apos;1.8.0_25&amp;apos;
Driver info: io.appium.java_client.android.AndroidDriver
Capabilities {app: D:\pliro-mobile-2.0\automat..., appActivity: com.pliro_mobile_2.SplashAc..., appPackage: com.aurora.pliro, automationName: UiAutomator2, deviceName: emulator-5554, javascriptEnabled: true, newCommandTimeout: 30, platform: ANDROID, platformName: ANDROID, platformVersion: 7.1.1}
Session ID: 53f6dfe6-c93c-4343-b890-8e9ebbad1621
*** Element info: {Using=-android uiautomator, value=new UiSelector().text(&amp;quot;Password&amp;quot;)}">
      <![CDATA[org.openqa.selenium.NoSuchElementException: An element could not be located on the page using the given search parameters. (WARNING: The server did not provide any stacktrace information)
Command duration or timeout: 0 milliseconds
For documentation on this error, please visit: http://seleniumhq.org/exceptions/no_such_element.html
Build info: version: '3.9.1', revision: '63f7b50', time: '2018-02-07T22:25:02.294Z'
System info: host: 'KASHIFALI', ip: '192.168.1.135', os.name: 'Windows 8.1', os.arch: 'amd64', os.version: '6.3', java.version: '1.8.0_25'
Driver info: io.appium.java_client.android.AndroidDriver
Capabilities {app: D:\pliro-mobile-2.0\automat..., appActivity: com.pliro_mobile_2.SplashAc..., appPackage: com.aurora.pliro, automationName: UiAutomator2, deviceName: emulator-5554, javascriptEnabled: true, newCommandTimeout: 30, platform: ANDROID, platformName: ANDROID, platformVersion: 7.1.1}
Session ID: 53f6dfe6-c93c-4343-b890-8e9ebbad1621
*** Element info: {Using=-android uiautomator, value=new UiSelector().text("Password")}
	at org.openqa.selenium.remote.ErrorHandler.createThrowable(ErrorHandler.java:214)
	at org.openqa.selenium.remote.ErrorHandler.throwIfResponseFailed(ErrorHandler.java:166)
	at org.openqa.selenium.remote.http.JsonHttpResponseCodec.reconstructValue(JsonHttpResponseCodec.java:40)
	at org.openqa.selenium.remote.http.AbstractHttpResponseCodec.decode(AbstractHttpResponseCodec.java:80)
	at org.openqa.selenium.remote.http.AbstractHttpResponseCodec.decode(AbstractHttpResponseCodec.java:44)
	at org.openqa.selenium.remote.HttpCommandExecutor.execute(HttpCommandExecutor.java:160)
	at io.appium.java_client.remote.AppiumCommandExecutor.execute(AppiumCommandExecutor.java:129)
	at org.openqa.selenium.remote.RemoteWebDriver.execute(RemoteWebDriver.java:601)
	at io.appium.java_client.DefaultGenericMobileDriver.execute(DefaultGenericMobileDriver.java:42)
	at io.appium.java_client.AppiumDriver.execute(AppiumDriver.java:1)
	at io.appium.java_client.android.AndroidDriver.execute(AndroidDriver.java:1)
	at org.openqa.selenium.remote.RemoteWebDriver.findElement(RemoteWebDriver.java:371)
	at io.appium.java_client.DefaultGenericMobileDriver.findElement(DefaultGenericMobileDriver.java:62)
	at io.appium.java_client.AppiumDriver.findElement(AppiumDriver.java:1)
	at io.appium.java_client.android.AndroidDriver.findElement(AndroidDriver.java:1)
	at io.appium.java_client.FindsByAndroidUIAutomator.findElementByAndroidUIAutomator(FindsByAndroidUIAutomator.java:38)
	at core.UiObject.sendText(UiObject.java:163)
	at tests.DoctorLoginPageTests.enterPassword(DoctorLoginPageTests.java:34)
	at org.apache.maven.surefire.testng.TestNGExecutor.run(TestNGExecutor.java:283)
	at org.apache.maven.surefire.testng.TestNGXmlTestSuite.execute(TestNGXmlTestSuite.java:75)
	at org.apache.maven.surefire.testng.TestNGProvider.invoke(TestNGProvider.java:120)
	at org.apache.maven.surefire.booter.ForkedBooter.invokeProviderInSameClassLoader(ForkedBooter.java:373)
	at org.apache.maven.surefire.booter.ForkedBooter.runSuitesInProcess(ForkedBooter.java:334)
	at org.apache.maven.surefire.booter.ForkedBooter.execute(ForkedBooter.java:119)
	at org.apache.maven.surefire.booter.ForkedBooter.main(ForkedBooter.java:407)
... Removed 25 stack frames]]>
    </failure>
  </testcase> <!-- enterPassword -->
  <testcase name="isSignInButtonVisible" time="5.344" classname="tests.DoctorLoginPageTests">
    <failure type="org.openqa.selenium.NoSuchElementException" message="An element could not be located on the page using the given search parameters. (WARNING: The server did not provide any stacktrace information)
Command duration or timeout: 0 milliseconds
For documentation on this error, please visit: http://seleniumhq.org/exceptions/no_such_element.html
Build info: version: &amp;apos;3.9.1&amp;apos;, revision: &amp;apos;63f7b50&amp;apos;, time: &amp;apos;2018-02-07T22:25:02.294Z&amp;apos;
System info: host: &amp;apos;KASHIFALI&amp;apos;, ip: &amp;apos;192.168.1.135&amp;apos;, os.name: &amp;apos;Windows 8.1&amp;apos;, os.arch: &amp;apos;amd64&amp;apos;, os.version: &amp;apos;6.3&amp;apos;, java.version: &amp;apos;1.8.0_25&amp;apos;
Driver info: io.appium.java_client.android.AndroidDriver
Capabilities {app: D:\pliro-mobile-2.0\automat..., appActivity: com.pliro_mobile_2.SplashAc..., appPackage: com.aurora.pliro, automationName: UiAutomator2, deviceName: emulator-5554, javascriptEnabled: true, newCommandTimeout: 30, platform: ANDROID, platformName: ANDROID, platformVersion: 7.1.1}
Session ID: 53f6dfe6-c93c-4343-b890-8e9ebbad1621
*** Element info: {Using=-android uiautomator, value=new UiSelector().text(&amp;quot;SIGN IN&amp;quot;)}">
      <![CDATA[org.openqa.selenium.NoSuchElementException: An element could not be located on the page using the given search parameters. (WARNING: The server did not provide any stacktrace information)
Command duration or timeout: 0 milliseconds
For documentation on this error, please visit: http://seleniumhq.org/exceptions/no_such_element.html
Build info: version: '3.9.1', revision: '63f7b50', time: '2018-02-07T22:25:02.294Z'
System info: host: 'KASHIFALI', ip: '192.168.1.135', os.name: 'Windows 8.1', os.arch: 'amd64', os.version: '6.3', java.version: '1.8.0_25'
Driver info: io.appium.java_client.android.AndroidDriver
Capabilities {app: D:\pliro-mobile-2.0\automat..., appActivity: com.pliro_mobile_2.SplashAc..., appPackage: com.aurora.pliro, automationName: UiAutomator2, deviceName: emulator-5554, javascriptEnabled: true, newCommandTimeout: 30, platform: ANDROID, platformName: ANDROID, platformVersion: 7.1.1}
Session ID: 53f6dfe6-c93c-4343-b890-8e9ebbad1621
*** Element info: {Using=-android uiautomator, value=new UiSelector().text("SIGN IN")}
	at org.openqa.selenium.remote.ErrorHandler.createThrowable(ErrorHandler.java:214)
	at org.openqa.selenium.remote.ErrorHandler.throwIfResponseFailed(ErrorHandler.java:166)
	at org.openqa.selenium.remote.http.JsonHttpResponseCodec.reconstructValue(JsonHttpResponseCodec.java:40)
	at org.openqa.selenium.remote.http.AbstractHttpResponseCodec.decode(AbstractHttpResponseCodec.java:80)
	at org.openqa.selenium.remote.http.AbstractHttpResponseCodec.decode(AbstractHttpResponseCodec.java:44)
	at org.openqa.selenium.remote.HttpCommandExecutor.execute(HttpCommandExecutor.java:160)
	at io.appium.java_client.remote.AppiumCommandExecutor.execute(AppiumCommandExecutor.java:129)
	at org.openqa.selenium.remote.RemoteWebDriver.execute(RemoteWebDriver.java:601)
	at io.appium.java_client.DefaultGenericMobileDriver.execute(DefaultGenericMobileDriver.java:42)
	at io.appium.java_client.AppiumDriver.execute(AppiumDriver.java:1)
	at io.appium.java_client.android.AndroidDriver.execute(AndroidDriver.java:1)
	at org.openqa.selenium.remote.RemoteWebDriver.findElement(RemoteWebDriver.java:371)
	at io.appium.java_client.DefaultGenericMobileDriver.findElement(DefaultGenericMobileDriver.java:62)
	at io.appium.java_client.AppiumDriver.findElement(AppiumDriver.java:1)
	at io.appium.java_client.android.AndroidDriver.findElement(AndroidDriver.java:1)
	at io.appium.java_client.FindsByAndroidUIAutomator.findElementByAndroidUIAutomator(FindsByAndroidUIAutomator.java:38)
	at core.UiObject.getText(UiObject.java:120)
	at api.apps.Pliro.loginPage.LoginPage.findSignInButton(LoginPage.java:39)
	at tests.DoctorLoginPageTests.isSignInButtonVisible(DoctorLoginPageTests.java:40)
	at org.apache.maven.surefire.testng.TestNGExecutor.run(TestNGExecutor.java:283)
	at org.apache.maven.surefire.testng.TestNGXmlTestSuite.execute(TestNGXmlTestSuite.java:75)
	at org.apache.maven.surefire.testng.TestNGProvider.invoke(TestNGProvider.java:120)
	at org.apache.maven.surefire.booter.ForkedBooter.invokeProviderInSameClassLoader(ForkedBooter.java:373)
	at org.apache.maven.surefire.booter.ForkedBooter.runSuitesInProcess(ForkedBooter.java:334)
	at org.apache.maven.surefire.booter.ForkedBooter.execute(ForkedBooter.java:119)
	at org.apache.maven.surefire.booter.ForkedBooter.main(ForkedBooter.java:407)
... Removed 25 stack frames]]>
    </failure>
  </testcase> <!-- isSignInButtonVisible -->
  <testcase name="clickOnSignInButton" time="5.324" classname="tests.DoctorLoginPageTests">
    <failure type="org.openqa.selenium.NoSuchElementException" message="An element could not be located on the page using the given search parameters. (WARNING: The server did not provide any stacktrace information)
Command duration or timeout: 0 milliseconds
For documentation on this error, please visit: http://seleniumhq.org/exceptions/no_such_element.html
Build info: version: &amp;apos;3.9.1&amp;apos;, revision: &amp;apos;63f7b50&amp;apos;, time: &amp;apos;2018-02-07T22:25:02.294Z&amp;apos;
System info: host: &amp;apos;KASHIFALI&amp;apos;, ip: &amp;apos;192.168.1.135&amp;apos;, os.name: &amp;apos;Windows 8.1&amp;apos;, os.arch: &amp;apos;amd64&amp;apos;, os.version: &amp;apos;6.3&amp;apos;, java.version: &amp;apos;1.8.0_25&amp;apos;
Driver info: io.appium.java_client.android.AndroidDriver
Capabilities {app: D:\pliro-mobile-2.0\automat..., appActivity: com.pliro_mobile_2.SplashAc..., appPackage: com.aurora.pliro, automationName: UiAutomator2, deviceName: emulator-5554, javascriptEnabled: true, newCommandTimeout: 30, platform: ANDROID, platformName: ANDROID, platformVersion: 7.1.1}
Session ID: 53f6dfe6-c93c-4343-b890-8e9ebbad1621
*** Element info: {Using=-android uiautomator, value=new UiSelector().text(&amp;quot;SIGN IN&amp;quot;)}">
      <![CDATA[org.openqa.selenium.NoSuchElementException: An element could not be located on the page using the given search parameters. (WARNING: The server did not provide any stacktrace information)
Command duration or timeout: 0 milliseconds
For documentation on this error, please visit: http://seleniumhq.org/exceptions/no_such_element.html
Build info: version: '3.9.1', revision: '63f7b50', time: '2018-02-07T22:25:02.294Z'
System info: host: 'KASHIFALI', ip: '192.168.1.135', os.name: 'Windows 8.1', os.arch: 'amd64', os.version: '6.3', java.version: '1.8.0_25'
Driver info: io.appium.java_client.android.AndroidDriver
Capabilities {app: D:\pliro-mobile-2.0\automat..., appActivity: com.pliro_mobile_2.SplashAc..., appPackage: com.aurora.pliro, automationName: UiAutomator2, deviceName: emulator-5554, javascriptEnabled: true, newCommandTimeout: 30, platform: ANDROID, platformName: ANDROID, platformVersion: 7.1.1}
Session ID: 53f6dfe6-c93c-4343-b890-8e9ebbad1621
*** Element info: {Using=-android uiautomator, value=new UiSelector().text("SIGN IN")}
	at org.openqa.selenium.remote.ErrorHandler.createThrowable(ErrorHandler.java:214)
	at org.openqa.selenium.remote.ErrorHandler.throwIfResponseFailed(ErrorHandler.java:166)
	at org.openqa.selenium.remote.http.JsonHttpResponseCodec.reconstructValue(JsonHttpResponseCodec.java:40)
	at org.openqa.selenium.remote.http.AbstractHttpResponseCodec.decode(AbstractHttpResponseCodec.java:80)
	at org.openqa.selenium.remote.http.AbstractHttpResponseCodec.decode(AbstractHttpResponseCodec.java:44)
	at org.openqa.selenium.remote.HttpCommandExecutor.execute(HttpCommandExecutor.java:160)
	at io.appium.java_client.remote.AppiumCommandExecutor.execute(AppiumCommandExecutor.java:129)
	at org.openqa.selenium.remote.RemoteWebDriver.execute(RemoteWebDriver.java:601)
	at io.appium.java_client.DefaultGenericMobileDriver.execute(DefaultGenericMobileDriver.java:42)
	at io.appium.java_client.AppiumDriver.execute(AppiumDriver.java:1)
	at io.appium.java_client.android.AndroidDriver.execute(AndroidDriver.java:1)
	at org.openqa.selenium.remote.RemoteWebDriver.findElement(RemoteWebDriver.java:371)
	at io.appium.java_client.DefaultGenericMobileDriver.findElement(DefaultGenericMobileDriver.java:62)
	at io.appium.java_client.AppiumDriver.findElement(AppiumDriver.java:1)
	at io.appium.java_client.android.AndroidDriver.findElement(AndroidDriver.java:1)
	at io.appium.java_client.FindsByAndroidUIAutomator.findElementByAndroidUIAutomator(FindsByAndroidUIAutomator.java:38)
	at core.UiObject.tap(UiObject.java:179)
	at api.apps.Pliro.loginPage.LoginPage.tapSignInButton(LoginPage.java:50)
	at tests.DoctorLoginPageTests.clickOnSignInButton(DoctorLoginPageTests.java:46)
	at org.apache.maven.surefire.testng.TestNGExecutor.run(TestNGExecutor.java:283)
	at org.apache.maven.surefire.testng.TestNGXmlTestSuite.execute(TestNGXmlTestSuite.java:75)
	at org.apache.maven.surefire.testng.TestNGProvider.invoke(TestNGProvider.java:120)
	at org.apache.maven.surefire.booter.ForkedBooter.invokeProviderInSameClassLoader(ForkedBooter.java:373)
	at org.apache.maven.surefire.booter.ForkedBooter.runSuitesInProcess(ForkedBooter.java:334)
	at org.apache.maven.surefire.booter.ForkedBooter.execute(ForkedBooter.java:119)
	at org.apache.maven.surefire.booter.ForkedBooter.main(ForkedBooter.java:407)
... Removed 25 stack frames]]>
    </failure>
  </testcase> <!-- clickOnSignInButton -->
  <testcase name="isTabToAppointmentTextVisible" time="5.482" classname="tests.AppointmentBookingDoctorTests">
    <failure type="org.openqa.selenium.NoSuchElementException" message="An element could not be located on the page using the given search parameters. (WARNING: The server did not provide any stacktrace information)
Command duration or timeout: 0 milliseconds
For documentation on this error, please visit: http://seleniumhq.org/exceptions/no_such_element.html
Build info: version: &amp;apos;3.9.1&amp;apos;, revision: &amp;apos;63f7b50&amp;apos;, time: &amp;apos;2018-02-07T22:25:02.294Z&amp;apos;
System info: host: &amp;apos;KASHIFALI&amp;apos;, ip: &amp;apos;192.168.1.135&amp;apos;, os.name: &amp;apos;Windows 8.1&amp;apos;, os.arch: &amp;apos;amd64&amp;apos;, os.version: &amp;apos;6.3&amp;apos;, java.version: &amp;apos;1.8.0_25&amp;apos;
Driver info: io.appium.java_client.android.AndroidDriver
Capabilities {app: D:\pliro-mobile-2.0\automat..., appActivity: com.pliro_mobile_2.SplashAc..., appPackage: com.aurora.pliro, automationName: UiAutomator2, deviceName: emulator-5554, javascriptEnabled: true, newCommandTimeout: 30, platform: ANDROID, platformName: ANDROID, platformVersion: 7.1.1}
Session ID: 53f6dfe6-c93c-4343-b890-8e9ebbad1621
*** Element info: {Using=xpath, value=/hierarchy/android.widget.FrameLayout/android.widget.LinearLayout/android.widget.FrameLayout/android.widget.LinearLayout/android.widget.FrameLayout/android.widget.RelativeLayout/android.widget.FrameLayout/android.widget.LinearLayout/android.widget.FrameLayout[2]/android.widget.ImageView}">
      <![CDATA[org.openqa.selenium.NoSuchElementException: An element could not be located on the page using the given search parameters. (WARNING: The server did not provide any stacktrace information)
Command duration or timeout: 0 milliseconds
For documentation on this error, please visit: http://seleniumhq.org/exceptions/no_such_element.html
Build info: version: '3.9.1', revision: '63f7b50', time: '2018-02-07T22:25:02.294Z'
System info: host: 'KASHIFALI', ip: '192.168.1.135', os.name: 'Windows 8.1', os.arch: 'amd64', os.version: '6.3', java.version: '1.8.0_25'
Driver info: io.appium.java_client.android.AndroidDriver
Capabilities {app: D:\pliro-mobile-2.0\automat..., appActivity: com.pliro_mobile_2.SplashAc..., appPackage: com.aurora.pliro, automationName: UiAutomator2, deviceName: emulator-5554, javascriptEnabled: true, newCommandTimeout: 30, platform: ANDROID, platformName: ANDROID, platformVersion: 7.1.1}
Session ID: 53f6dfe6-c93c-4343-b890-8e9ebbad1621
*** Element info: {Using=xpath, value=/hierarchy/android.widget.FrameLayout/android.widget.LinearLayout/android.widget.FrameLayout/android.widget.LinearLayout/android.widget.FrameLayout/android.widget.RelativeLayout/android.widget.FrameLayout/android.widget.LinearLayout/android.widget.FrameLayout[2]/android.widget.ImageView}
	at org.openqa.selenium.remote.ErrorHandler.createThrowable(ErrorHandler.java:214)
	at org.openqa.selenium.remote.ErrorHandler.throwIfResponseFailed(ErrorHandler.java:166)
	at org.openqa.selenium.remote.http.JsonHttpResponseCodec.reconstructValue(JsonHttpResponseCodec.java:40)
	at org.openqa.selenium.remote.http.AbstractHttpResponseCodec.decode(AbstractHttpResponseCodec.java:80)
	at org.openqa.selenium.remote.http.AbstractHttpResponseCodec.decode(AbstractHttpResponseCodec.java:44)
	at org.openqa.selenium.remote.HttpCommandExecutor.execute(HttpCommandExecutor.java:160)
	at io.appium.java_client.remote.AppiumCommandExecutor.execute(AppiumCommandExecutor.java:129)
	at org.openqa.selenium.remote.RemoteWebDriver.execute(RemoteWebDriver.java:601)
	at io.appium.java_client.DefaultGenericMobileDriver.execute(DefaultGenericMobileDriver.java:42)
	at io.appium.java_client.AppiumDriver.execute(AppiumDriver.java:1)
	at io.appium.java_client.android.AndroidDriver.execute(AndroidDriver.java:1)
	at org.openqa.selenium.remote.RemoteWebDriver.findElement(RemoteWebDriver.java:371)
	at io.appium.java_client.DefaultGenericMobileDriver.findElement(DefaultGenericMobileDriver.java:62)
	at io.appium.java_client.AppiumDriver.findElement(AppiumDriver.java:1)
	at io.appium.java_client.android.AndroidDriver.findElement(AndroidDriver.java:1)
	at org.openqa.selenium.remote.RemoteWebDriver.findElementByXPath(RemoteWebDriver.java:473)
	at io.appium.java_client.DefaultGenericMobileDriver.findElementByXPath(DefaultGenericMobileDriver.java:152)
	at io.appium.java_client.AppiumDriver.findElementByXPath(AppiumDriver.java:1)
	at io.appium.java_client.android.AndroidDriver.findElementByXPath(AndroidDriver.java:1)
	at core.UiObject.tap(UiObject.java:178)
	at api.apps.Pliro.appointmentsPage.AppointmentsPage.tapAppointmentsText(AppointmentsPage.java:14)
	at tests.AppointmentBookingDoctorTests.isTabToAppointmentTextVisible(AppointmentBookingDoctorTests.java:12)
	at org.apache.maven.surefire.testng.TestNGExecutor.run(TestNGExecutor.java:283)
	at org.apache.maven.surefire.testng.TestNGXmlTestSuite.execute(TestNGXmlTestSuite.java:75)
	at org.apache.maven.surefire.testng.TestNGProvider.invoke(TestNGProvider.java:120)
	at org.apache.maven.surefire.booter.ForkedBooter.invokeProviderInSameClassLoader(ForkedBooter.java:373)
	at org.apache.maven.surefire.booter.ForkedBooter.runSuitesInProcess(ForkedBooter.java:334)
	at org.apache.maven.surefire.booter.ForkedBooter.execute(ForkedBooter.java:119)
	at org.apache.maven.surefire.booter.ForkedBooter.main(ForkedBooter.java:407)
... Removed 25 stack frames]]>
    </failure>
  </testcase> <!-- isTabToAppointmentTextVisible -->
  <testcase name="isRoleTextVisible" time="0.0" classname="tests.AppointmentBookingDoctorTests">
    <skipped/>
  </testcase> <!-- isRoleTextVisible -->
  <testcase name="isHealthCareTextVisible" time="0.0" classname="tests.AppointmentBookingDoctorTests">
    <skipped/>
  </testcase> <!-- isHealthCareTextVisible -->
  <testcase name="isPendingTextVisible" time="0.0" classname="tests.AppointmentBookingDoctorTests">
    <skipped/>
  </testcase> <!-- isPendingTextVisible -->
  <testcase name="isRoleChangeLinkTextVisible" time="5.483" classname="tests.RoleTests">
    <failure type="org.openqa.selenium.NoSuchElementException" message="An element could not be located on the page using the given search parameters. (WARNING: The server did not provide any stacktrace information)
Command duration or timeout: 0 milliseconds
For documentation on this error, please visit: http://seleniumhq.org/exceptions/no_such_element.html
Build info: version: &amp;apos;3.9.1&amp;apos;, revision: &amp;apos;63f7b50&amp;apos;, time: &amp;apos;2018-02-07T22:25:02.294Z&amp;apos;
System info: host: &amp;apos;KASHIFALI&amp;apos;, ip: &amp;apos;192.168.1.135&amp;apos;, os.name: &amp;apos;Windows 8.1&amp;apos;, os.arch: &amp;apos;amd64&amp;apos;, os.version: &amp;apos;6.3&amp;apos;, java.version: &amp;apos;1.8.0_25&amp;apos;
Driver info: io.appium.java_client.android.AndroidDriver
Capabilities {app: D:\pliro-mobile-2.0\automat..., appActivity: com.pliro_mobile_2.SplashAc..., appPackage: com.aurora.pliro, automationName: UiAutomator2, deviceName: emulator-5554, javascriptEnabled: true, newCommandTimeout: 30, platform: ANDROID, platformName: ANDROID, platformVersion: 7.1.1}
Session ID: 53f6dfe6-c93c-4343-b890-8e9ebbad1621
*** Element info: {Using=xpath, value=/hierarchy/android.widget.FrameLayout/android.widget.LinearLayout/android.widget.FrameLayout/android.widget.LinearLayout/android.widget.FrameLayout/android.widget.RelativeLayout/android.widget.RelativeLayout/android.widget.FrameLayout/android.view.ViewGroup/android.view.ViewGroup[1]}">
      <![CDATA[org.openqa.selenium.NoSuchElementException: An element could not be located on the page using the given search parameters. (WARNING: The server did not provide any stacktrace information)
Command duration or timeout: 0 milliseconds
For documentation on this error, please visit: http://seleniumhq.org/exceptions/no_such_element.html
Build info: version: '3.9.1', revision: '63f7b50', time: '2018-02-07T22:25:02.294Z'
System info: host: 'KASHIFALI', ip: '192.168.1.135', os.name: 'Windows 8.1', os.arch: 'amd64', os.version: '6.3', java.version: '1.8.0_25'
Driver info: io.appium.java_client.android.AndroidDriver
Capabilities {app: D:\pliro-mobile-2.0\automat..., appActivity: com.pliro_mobile_2.SplashAc..., appPackage: com.aurora.pliro, automationName: UiAutomator2, deviceName: emulator-5554, javascriptEnabled: true, newCommandTimeout: 30, platform: ANDROID, platformName: ANDROID, platformVersion: 7.1.1}
Session ID: 53f6dfe6-c93c-4343-b890-8e9ebbad1621
*** Element info: {Using=xpath, value=/hierarchy/android.widget.FrameLayout/android.widget.LinearLayout/android.widget.FrameLayout/android.widget.LinearLayout/android.widget.FrameLayout/android.widget.RelativeLayout/android.widget.RelativeLayout/android.widget.FrameLayout/android.view.ViewGroup/android.view.ViewGroup[1]}
	at org.openqa.selenium.remote.ErrorHandler.createThrowable(ErrorHandler.java:214)
	at org.openqa.selenium.remote.ErrorHandler.throwIfResponseFailed(ErrorHandler.java:166)
	at org.openqa.selenium.remote.http.JsonHttpResponseCodec.reconstructValue(JsonHttpResponseCodec.java:40)
	at org.openqa.selenium.remote.http.AbstractHttpResponseCodec.decode(AbstractHttpResponseCodec.java:80)
	at org.openqa.selenium.remote.http.AbstractHttpResponseCodec.decode(AbstractHttpResponseCodec.java:44)
	at org.openqa.selenium.remote.HttpCommandExecutor.execute(HttpCommandExecutor.java:160)
	at io.appium.java_client.remote.AppiumCommandExecutor.execute(AppiumCommandExecutor.java:129)
	at org.openqa.selenium.remote.RemoteWebDriver.execute(RemoteWebDriver.java:601)
	at io.appium.java_client.DefaultGenericMobileDriver.execute(DefaultGenericMobileDriver.java:42)
	at io.appium.java_client.AppiumDriver.execute(AppiumDriver.java:1)
	at io.appium.java_client.android.AndroidDriver.execute(AndroidDriver.java:1)
	at org.openqa.selenium.remote.RemoteWebDriver.findElement(RemoteWebDriver.java:371)
	at io.appium.java_client.DefaultGenericMobileDriver.findElement(DefaultGenericMobileDriver.java:62)
	at io.appium.java_client.AppiumDriver.findElement(AppiumDriver.java:1)
	at io.appium.java_client.android.AndroidDriver.findElement(AndroidDriver.java:1)
	at org.openqa.selenium.remote.RemoteWebDriver.findElementByXPath(RemoteWebDriver.java:473)
	at io.appium.java_client.DefaultGenericMobileDriver.findElementByXPath(DefaultGenericMobileDriver.java:152)
	at io.appium.java_client.AppiumDriver.findElementByXPath(AppiumDriver.java:1)
	at io.appium.java_client.android.AndroidDriver.findElementByXPath(AndroidDriver.java:1)
	at core.UiObject.getText(UiObject.java:119)
	at api.apps.Pliro.changeRole.RolePage.findRoleChangeLinkText(RolePage.java:15)
	at tests.RoleTests.isRoleChangeLinkTextVisible(RoleTests.java:12)
	at org.apache.maven.surefire.testng.TestNGExecutor.run(TestNGExecutor.java:283)
	at org.apache.maven.surefire.testng.TestNGXmlTestSuite.execute(TestNGXmlTestSuite.java:75)
	at org.apache.maven.surefire.testng.TestNGProvider.invoke(TestNGProvider.java:120)
	at org.apache.maven.surefire.booter.ForkedBooter.invokeProviderInSameClassLoader(ForkedBooter.java:373)
	at org.apache.maven.surefire.booter.ForkedBooter.runSuitesInProcess(ForkedBooter.java:334)
	at org.apache.maven.surefire.booter.ForkedBooter.execute(ForkedBooter.java:119)
	at org.apache.maven.surefire.booter.ForkedBooter.main(ForkedBooter.java:407)
... Removed 25 stack frames]]>
    </failure>
  </testcase> <!-- isRoleChangeLinkTextVisible -->
  <testcase name="clickOnRoleChangeDropDown" time="5.508" classname="tests.RoleTests">
    <failure type="org.openqa.selenium.NoSuchElementException" message="An element could not be located on the page using the given search parameters. (WARNING: The server did not provide any stacktrace information)
Command duration or timeout: 0 milliseconds
For documentation on this error, please visit: http://seleniumhq.org/exceptions/no_such_element.html
Build info: version: &amp;apos;3.9.1&amp;apos;, revision: &amp;apos;63f7b50&amp;apos;, time: &amp;apos;2018-02-07T22:25:02.294Z&amp;apos;
System info: host: &amp;apos;KASHIFALI&amp;apos;, ip: &amp;apos;192.168.1.135&amp;apos;, os.name: &amp;apos;Windows 8.1&amp;apos;, os.arch: &amp;apos;amd64&amp;apos;, os.version: &amp;apos;6.3&amp;apos;, java.version: &amp;apos;1.8.0_25&amp;apos;
Driver info: io.appium.java_client.android.AndroidDriver
Capabilities {app: D:\pliro-mobile-2.0\automat..., appActivity: com.pliro_mobile_2.SplashAc..., appPackage: com.aurora.pliro, automationName: UiAutomator2, deviceName: emulator-5554, javascriptEnabled: true, newCommandTimeout: 30, platform: ANDROID, platformName: ANDROID, platformVersion: 7.1.1}
Session ID: 53f6dfe6-c93c-4343-b890-8e9ebbad1621
*** Element info: {Using=xpath, value=/hierarchy/android.widget.FrameLayout/android.widget.LinearLayout/android.widget.FrameLayout/android.widget.LinearLayout/android.widget.FrameLayout/android.widget.RelativeLayout/android.widget.RelativeLayout/android.widget.FrameLayout/android.view.ViewGroup/android.view.ViewGroup[1]}">
      <![CDATA[org.openqa.selenium.NoSuchElementException: An element could not be located on the page using the given search parameters. (WARNING: The server did not provide any stacktrace information)
Command duration or timeout: 0 milliseconds
For documentation on this error, please visit: http://seleniumhq.org/exceptions/no_such_element.html
Build info: version: '3.9.1', revision: '63f7b50', time: '2018-02-07T22:25:02.294Z'
System info: host: 'KASHIFALI', ip: '192.168.1.135', os.name: 'Windows 8.1', os.arch: 'amd64', os.version: '6.3', java.version: '1.8.0_25'
Driver info: io.appium.java_client.android.AndroidDriver
Capabilities {app: D:\pliro-mobile-2.0\automat..., appActivity: com.pliro_mobile_2.SplashAc..., appPackage: com.aurora.pliro, automationName: UiAutomator2, deviceName: emulator-5554, javascriptEnabled: true, newCommandTimeout: 30, platform: ANDROID, platformName: ANDROID, platformVersion: 7.1.1}
Session ID: 53f6dfe6-c93c-4343-b890-8e9ebbad1621
*** Element info: {Using=xpath, value=/hierarchy/android.widget.FrameLayout/android.widget.LinearLayout/android.widget.FrameLayout/android.widget.LinearLayout/android.widget.FrameLayout/android.widget.RelativeLayout/android.widget.RelativeLayout/android.widget.FrameLayout/android.view.ViewGroup/android.view.ViewGroup[1]}
	at org.openqa.selenium.remote.ErrorHandler.createThrowable(ErrorHandler.java:214)
	at org.openqa.selenium.remote.ErrorHandler.throwIfResponseFailed(ErrorHandler.java:166)
	at org.openqa.selenium.remote.http.JsonHttpResponseCodec.reconstructValue(JsonHttpResponseCodec.java:40)
	at org.openqa.selenium.remote.http.AbstractHttpResponseCodec.decode(AbstractHttpResponseCodec.java:80)
	at org.openqa.selenium.remote.http.AbstractHttpResponseCodec.decode(AbstractHttpResponseCodec.java:44)
	at org.openqa.selenium.remote.HttpCommandExecutor.execute(HttpCommandExecutor.java:160)
	at io.appium.java_client.remote.AppiumCommandExecutor.execute(AppiumCommandExecutor.java:129)
	at org.openqa.selenium.remote.RemoteWebDriver.execute(RemoteWebDriver.java:601)
	at io.appium.java_client.DefaultGenericMobileDriver.execute(DefaultGenericMobileDriver.java:42)
	at io.appium.java_client.AppiumDriver.execute(AppiumDriver.java:1)
	at io.appium.java_client.android.AndroidDriver.execute(AndroidDriver.java:1)
	at org.openqa.selenium.remote.RemoteWebDriver.findElement(RemoteWebDriver.java:371)
	at io.appium.java_client.DefaultGenericMobileDriver.findElement(DefaultGenericMobileDriver.java:62)
	at io.appium.java_client.AppiumDriver.findElement(AppiumDriver.java:1)
	at io.appium.java_client.android.AndroidDriver.findElement(AndroidDriver.java:1)
	at org.openqa.selenium.remote.RemoteWebDriver.findElementByXPath(RemoteWebDriver.java:473)
	at io.appium.java_client.DefaultGenericMobileDriver.findElementByXPath(DefaultGenericMobileDriver.java:152)
	at io.appium.java_client.AppiumDriver.findElementByXPath(AppiumDriver.java:1)
	at io.appium.java_client.android.AndroidDriver.findElementByXPath(AndroidDriver.java:1)
	at core.UiObject.tap(UiObject.java:178)
	at api.apps.Pliro.changeRole.RolePage.tapRoleChangeLinkText(RolePage.java:26)
	at tests.RoleTests.clickOnRoleChangeDropDown(RoleTests.java:18)
	at org.apache.maven.surefire.testng.TestNGExecutor.run(TestNGExecutor.java:283)
	at org.apache.maven.surefire.testng.TestNGXmlTestSuite.execute(TestNGXmlTestSuite.java:75)
	at org.apache.maven.surefire.testng.TestNGProvider.invoke(TestNGProvider.java:120)
	at org.apache.maven.surefire.booter.ForkedBooter.invokeProviderInSameClassLoader(ForkedBooter.java:373)
	at org.apache.maven.surefire.booter.ForkedBooter.runSuitesInProcess(ForkedBooter.java:334)
	at org.apache.maven.surefire.booter.ForkedBooter.execute(ForkedBooter.java:119)
	at org.apache.maven.surefire.booter.ForkedBooter.main(ForkedBooter.java:407)
... Removed 25 stack frames]]>
    </failure>
  </testcase> <!-- clickOnRoleChangeDropDown -->
  <testcase name="isSearchFieldOnLocationPageVisible" time="5.423" classname="tests.RoleTests">
    <failure type="org.openqa.selenium.NoSuchElementException" message="An element could not be located on the page using the given search parameters. (WARNING: The server did not provide any stacktrace information)
Command duration or timeout: 0 milliseconds
For documentation on this error, please visit: http://seleniumhq.org/exceptions/no_such_element.html
Build info: version: &amp;apos;3.9.1&amp;apos;, revision: &amp;apos;63f7b50&amp;apos;, time: &amp;apos;2018-02-07T22:25:02.294Z&amp;apos;
System info: host: &amp;apos;KASHIFALI&amp;apos;, ip: &amp;apos;192.168.1.135&amp;apos;, os.name: &amp;apos;Windows 8.1&amp;apos;, os.arch: &amp;apos;amd64&amp;apos;, os.version: &amp;apos;6.3&amp;apos;, java.version: &amp;apos;1.8.0_25&amp;apos;
Driver info: io.appium.java_client.android.AndroidDriver
Capabilities {app: D:\pliro-mobile-2.0\automat..., appActivity: com.pliro_mobile_2.SplashAc..., appPackage: com.aurora.pliro, automationName: UiAutomator2, deviceName: emulator-5554, javascriptEnabled: true, newCommandTimeout: 30, platform: ANDROID, platformName: ANDROID, platformVersion: 7.1.1}
Session ID: 53f6dfe6-c93c-4343-b890-8e9ebbad1621
*** Element info: {Using=-android uiautomator, value=new UiSelector().text(&amp;quot;Doctor&amp;quot;)}">
      <![CDATA[org.openqa.selenium.NoSuchElementException: An element could not be located on the page using the given search parameters. (WARNING: The server did not provide any stacktrace information)
Command duration or timeout: 0 milliseconds
For documentation on this error, please visit: http://seleniumhq.org/exceptions/no_such_element.html
Build info: version: '3.9.1', revision: '63f7b50', time: '2018-02-07T22:25:02.294Z'
System info: host: 'KASHIFALI', ip: '192.168.1.135', os.name: 'Windows 8.1', os.arch: 'amd64', os.version: '6.3', java.version: '1.8.0_25'
Driver info: io.appium.java_client.android.AndroidDriver
Capabilities {app: D:\pliro-mobile-2.0\automat..., appActivity: com.pliro_mobile_2.SplashAc..., appPackage: com.aurora.pliro, automationName: UiAutomator2, deviceName: emulator-5554, javascriptEnabled: true, newCommandTimeout: 30, platform: ANDROID, platformName: ANDROID, platformVersion: 7.1.1}
Session ID: 53f6dfe6-c93c-4343-b890-8e9ebbad1621
*** Element info: {Using=-android uiautomator, value=new UiSelector().text("Doctor")}
	at org.openqa.selenium.remote.ErrorHandler.createThrowable(ErrorHandler.java:214)
	at org.openqa.selenium.remote.ErrorHandler.throwIfResponseFailed(ErrorHandler.java:166)
	at org.openqa.selenium.remote.http.JsonHttpResponseCodec.reconstructValue(JsonHttpResponseCodec.java:40)
	at org.openqa.selenium.remote.http.AbstractHttpResponseCodec.decode(AbstractHttpResponseCodec.java:80)
	at org.openqa.selenium.remote.http.AbstractHttpResponseCodec.decode(AbstractHttpResponseCodec.java:44)
	at org.openqa.selenium.remote.HttpCommandExecutor.execute(HttpCommandExecutor.java:160)
	at io.appium.java_client.remote.AppiumCommandExecutor.execute(AppiumCommandExecutor.java:129)
	at org.openqa.selenium.remote.RemoteWebDriver.execute(RemoteWebDriver.java:601)
	at io.appium.java_client.DefaultGenericMobileDriver.execute(DefaultGenericMobileDriver.java:42)
	at io.appium.java_client.AppiumDriver.execute(AppiumDriver.java:1)
	at io.appium.java_client.android.AndroidDriver.execute(AndroidDriver.java:1)
	at org.openqa.selenium.remote.RemoteWebDriver.findElement(RemoteWebDriver.java:371)
	at io.appium.java_client.DefaultGenericMobileDriver.findElement(DefaultGenericMobileDriver.java:62)
	at io.appium.java_client.AppiumDriver.findElement(AppiumDriver.java:1)
	at io.appium.java_client.android.AndroidDriver.findElement(AndroidDriver.java:1)
	at io.appium.java_client.FindsByAndroidUIAutomator.findElementByAndroidUIAutomator(FindsByAndroidUIAutomator.java:38)
	at core.UiObject.getText(UiObject.java:120)
	at api.apps.Pliro.changeRole.RolePage.isRoleFieldVisible(RolePage.java:56)
	at tests.RoleTests.isSearchFieldOnLocationPageVisible(RoleTests.java:24)
	at org.apache.maven.surefire.testng.TestNGExecutor.run(TestNGExecutor.java:283)
	at org.apache.maven.surefire.testng.TestNGXmlTestSuite.execute(TestNGXmlTestSuite.java:75)
	at org.apache.maven.surefire.testng.TestNGProvider.invoke(TestNGProvider.java:120)
	at org.apache.maven.surefire.booter.ForkedBooter.invokeProviderInSameClassLoader(ForkedBooter.java:373)
	at org.apache.maven.surefire.booter.ForkedBooter.runSuitesInProcess(ForkedBooter.java:334)
	at org.apache.maven.surefire.booter.ForkedBooter.execute(ForkedBooter.java:119)
	at org.apache.maven.surefire.booter.ForkedBooter.main(ForkedBooter.java:407)
... Removed 25 stack frames]]>
    </failure>
  </testcase> <!-- isSearchFieldOnLocationPageVisible -->
  <testcase name="searchRole" time="5.405" classname="tests.RoleTests">
    <failure type="org.openqa.selenium.NoSuchElementException" message="An element could not be located on the page using the given search parameters. (WARNING: The server did not provide any stacktrace information)
Command duration or timeout: 0 milliseconds
For documentation on this error, please visit: http://seleniumhq.org/exceptions/no_such_element.html
Build info: version: &amp;apos;3.9.1&amp;apos;, revision: &amp;apos;63f7b50&amp;apos;, time: &amp;apos;2018-02-07T22:25:02.294Z&amp;apos;
System info: host: &amp;apos;KASHIFALI&amp;apos;, ip: &amp;apos;192.168.1.135&amp;apos;, os.name: &amp;apos;Windows 8.1&amp;apos;, os.arch: &amp;apos;amd64&amp;apos;, os.version: &amp;apos;6.3&amp;apos;, java.version: &amp;apos;1.8.0_25&amp;apos;
Driver info: io.appium.java_client.android.AndroidDriver
Capabilities {app: D:\pliro-mobile-2.0\automat..., appActivity: com.pliro_mobile_2.SplashAc..., appPackage: com.aurora.pliro, automationName: UiAutomator2, deviceName: emulator-5554, javascriptEnabled: true, newCommandTimeout: 30, platform: ANDROID, platformName: ANDROID, platformVersion: 7.1.1}
Session ID: 53f6dfe6-c93c-4343-b890-8e9ebbad1621
*** Element info: {Using=-android uiautomator, value=new UiSelector().text(&amp;quot;Doctor&amp;quot;)}">
      <![CDATA[org.openqa.selenium.NoSuchElementException: An element could not be located on the page using the given search parameters. (WARNING: The server did not provide any stacktrace information)
Command duration or timeout: 0 milliseconds
For documentation on this error, please visit: http://seleniumhq.org/exceptions/no_such_element.html
Build info: version: '3.9.1', revision: '63f7b50', time: '2018-02-07T22:25:02.294Z'
System info: host: 'KASHIFALI', ip: '192.168.1.135', os.name: 'Windows 8.1', os.arch: 'amd64', os.version: '6.3', java.version: '1.8.0_25'
Driver info: io.appium.java_client.android.AndroidDriver
Capabilities {app: D:\pliro-mobile-2.0\automat..., appActivity: com.pliro_mobile_2.SplashAc..., appPackage: com.aurora.pliro, automationName: UiAutomator2, deviceName: emulator-5554, javascriptEnabled: true, newCommandTimeout: 30, platform: ANDROID, platformName: ANDROID, platformVersion: 7.1.1}
Session ID: 53f6dfe6-c93c-4343-b890-8e9ebbad1621
*** Element info: {Using=-android uiautomator, value=new UiSelector().text("Doctor")}
	at org.openqa.selenium.remote.ErrorHandler.createThrowable(ErrorHandler.java:214)
	at org.openqa.selenium.remote.ErrorHandler.throwIfResponseFailed(ErrorHandler.java:166)
	at org.openqa.selenium.remote.http.JsonHttpResponseCodec.reconstructValue(JsonHttpResponseCodec.java:40)
	at org.openqa.selenium.remote.http.AbstractHttpResponseCodec.decode(AbstractHttpResponseCodec.java:80)
	at org.openqa.selenium.remote.http.AbstractHttpResponseCodec.decode(AbstractHttpResponseCodec.java:44)
	at org.openqa.selenium.remote.HttpCommandExecutor.execute(HttpCommandExecutor.java:160)
	at io.appium.java_client.remote.AppiumCommandExecutor.execute(AppiumCommandExecutor.java:129)
	at org.openqa.selenium.remote.RemoteWebDriver.execute(RemoteWebDriver.java:601)
	at io.appium.java_client.DefaultGenericMobileDriver.execute(DefaultGenericMobileDriver.java:42)
	at io.appium.java_client.AppiumDriver.execute(AppiumDriver.java:1)
	at io.appium.java_client.android.AndroidDriver.execute(AndroidDriver.java:1)
	at org.openqa.selenium.remote.RemoteWebDriver.findElement(RemoteWebDriver.java:371)
	at io.appium.java_client.DefaultGenericMobileDriver.findElement(DefaultGenericMobileDriver.java:62)
	at io.appium.java_client.AppiumDriver.findElement(AppiumDriver.java:1)
	at io.appium.java_client.android.AndroidDriver.findElement(AndroidDriver.java:1)
	at io.appium.java_client.FindsByAndroidUIAutomator.findElementByAndroidUIAutomator(FindsByAndroidUIAutomator.java:38)
	at core.UiObject.sendText(UiObject.java:163)
	at api.apps.Pliro.changeRole.RolePage.sendRoleToSearchField(RolePage.java:68)
	at tests.RoleTests.searchRole(RoleTests.java:30)
	at org.apache.maven.surefire.testng.TestNGExecutor.run(TestNGExecutor.java:283)
	at org.apache.maven.surefire.testng.TestNGXmlTestSuite.execute(TestNGXmlTestSuite.java:75)
	at org.apache.maven.surefire.testng.TestNGProvider.invoke(TestNGProvider.java:120)
	at org.apache.maven.surefire.booter.ForkedBooter.invokeProviderInSameClassLoader(ForkedBooter.java:373)
	at org.apache.maven.surefire.booter.ForkedBooter.runSuitesInProcess(ForkedBooter.java:334)
	at org.apache.maven.surefire.booter.ForkedBooter.execute(ForkedBooter.java:119)
	at org.apache.maven.surefire.booter.ForkedBooter.main(ForkedBooter.java:407)
... Removed 25 stack frames]]>
    </failure>
  </testcase> <!-- searchRole -->
  <testcase name="isHealthCenterChangeLinkTextVisible" time="5.429" classname="tests.HealthCenterTests">
    <failure type="org.openqa.selenium.NoSuchElementException" message="An element could not be located on the page using the given search parameters. (WARNING: The server did not provide any stacktrace information)
Command duration or timeout: 0 milliseconds
For documentation on this error, please visit: http://seleniumhq.org/exceptions/no_such_element.html
Build info: version: &amp;apos;3.9.1&amp;apos;, revision: &amp;apos;63f7b50&amp;apos;, time: &amp;apos;2018-02-07T22:25:02.294Z&amp;apos;
System info: host: &amp;apos;KASHIFALI&amp;apos;, ip: &amp;apos;192.168.1.135&amp;apos;, os.name: &amp;apos;Windows 8.1&amp;apos;, os.arch: &amp;apos;amd64&amp;apos;, os.version: &amp;apos;6.3&amp;apos;, java.version: &amp;apos;1.8.0_25&amp;apos;
Driver info: io.appium.java_client.android.AndroidDriver
Capabilities {app: D:\pliro-mobile-2.0\automat..., appActivity: com.pliro_mobile_2.SplashAc..., appPackage: com.aurora.pliro, automationName: UiAutomator2, deviceName: emulator-5554, javascriptEnabled: true, newCommandTimeout: 30, platform: ANDROID, platformName: ANDROID, platformVersion: 7.1.1}
Session ID: 53f6dfe6-c93c-4343-b890-8e9ebbad1621
*** Element info: {Using=xpath, value=/hierarchy/android.widget.FrameLayout/android.widget.LinearLayout/android.widget.FrameLayout/android.widget.LinearLayout/android.widget.FrameLayout/android.widget.RelativeLayout/android.widget.RelativeLayout/android.widget.FrameLayout/android.view.ViewGroup/android.view.ViewGroup[2]/android.view.ViewGroup/android.widget.TextView[2]}">
      <![CDATA[org.openqa.selenium.NoSuchElementException: An element could not be located on the page using the given search parameters. (WARNING: The server did not provide any stacktrace information)
Command duration or timeout: 0 milliseconds
For documentation on this error, please visit: http://seleniumhq.org/exceptions/no_such_element.html
Build info: version: '3.9.1', revision: '63f7b50', time: '2018-02-07T22:25:02.294Z'
System info: host: 'KASHIFALI', ip: '192.168.1.135', os.name: 'Windows 8.1', os.arch: 'amd64', os.version: '6.3', java.version: '1.8.0_25'
Driver info: io.appium.java_client.android.AndroidDriver
Capabilities {app: D:\pliro-mobile-2.0\automat..., appActivity: com.pliro_mobile_2.SplashAc..., appPackage: com.aurora.pliro, automationName: UiAutomator2, deviceName: emulator-5554, javascriptEnabled: true, newCommandTimeout: 30, platform: ANDROID, platformName: ANDROID, platformVersion: 7.1.1}
Session ID: 53f6dfe6-c93c-4343-b890-8e9ebbad1621
*** Element info: {Using=xpath, value=/hierarchy/android.widget.FrameLayout/android.widget.LinearLayout/android.widget.FrameLayout/android.widget.LinearLayout/android.widget.FrameLayout/android.widget.RelativeLayout/android.widget.RelativeLayout/android.widget.FrameLayout/android.view.ViewGroup/android.view.ViewGroup[2]/android.view.ViewGroup/android.widget.TextView[2]}
	at org.openqa.selenium.remote.ErrorHandler.createThrowable(ErrorHandler.java:214)
	at org.openqa.selenium.remote.ErrorHandler.throwIfResponseFailed(ErrorHandler.java:166)
	at org.openqa.selenium.remote.http.JsonHttpResponseCodec.reconstructValue(JsonHttpResponseCodec.java:40)
	at org.openqa.selenium.remote.http.AbstractHttpResponseCodec.decode(AbstractHttpResponseCodec.java:80)
	at org.openqa.selenium.remote.http.AbstractHttpResponseCodec.decode(AbstractHttpResponseCodec.java:44)
	at org.openqa.selenium.remote.HttpCommandExecutor.execute(HttpCommandExecutor.java:160)
	at io.appium.java_client.remote.AppiumCommandExecutor.execute(AppiumCommandExecutor.java:129)
	at org.openqa.selenium.remote.RemoteWebDriver.execute(RemoteWebDriver.java:601)
	at io.appium.java_client.DefaultGenericMobileDriver.execute(DefaultGenericMobileDriver.java:42)
	at io.appium.java_client.AppiumDriver.execute(AppiumDriver.java:1)
	at io.appium.java_client.android.AndroidDriver.execute(AndroidDriver.java:1)
	at org.openqa.selenium.remote.RemoteWebDriver.findElement(RemoteWebDriver.java:371)
	at io.appium.java_client.DefaultGenericMobileDriver.findElement(DefaultGenericMobileDriver.java:62)
	at io.appium.java_client.AppiumDriver.findElement(AppiumDriver.java:1)
	at io.appium.java_client.android.AndroidDriver.findElement(AndroidDriver.java:1)
	at org.openqa.selenium.remote.RemoteWebDriver.findElementByXPath(RemoteWebDriver.java:473)
	at io.appium.java_client.DefaultGenericMobileDriver.findElementByXPath(DefaultGenericMobileDriver.java:152)
	at io.appium.java_client.AppiumDriver.findElementByXPath(AppiumDriver.java:1)
	at io.appium.java_client.android.AndroidDriver.findElementByXPath(AndroidDriver.java:1)
	at core.UiObject.getText(UiObject.java:119)
	at api.apps.Pliro.changeHealthCenter.HealthCenterPage.findHealthCenterChangeLinkText(HealthCenterPage.java:15)
	at tests.HealthCenterTests.isHealthCenterChangeLinkTextVisible(HealthCenterTests.java:12)
	at org.apache.maven.surefire.testng.TestNGExecutor.run(TestNGExecutor.java:283)
	at org.apache.maven.surefire.testng.TestNGXmlTestSuite.execute(TestNGXmlTestSuite.java:75)
	at org.apache.maven.surefire.testng.TestNGProvider.invoke(TestNGProvider.java:120)
	at org.apache.maven.surefire.booter.ForkedBooter.invokeProviderInSameClassLoader(ForkedBooter.java:373)
	at org.apache.maven.surefire.booter.ForkedBooter.runSuitesInProcess(ForkedBooter.java:334)
	at org.apache.maven.surefire.booter.ForkedBooter.execute(ForkedBooter.java:119)
	at org.apache.maven.surefire.booter.ForkedBooter.main(ForkedBooter.java:407)
... Removed 25 stack frames]]>
    </failure>
  </testcase> <!-- isHealthCenterChangeLinkTextVisible -->
  <testcase name="clickOnHCChangeDropDown" time="5.467" classname="tests.HealthCenterTests">
    <failure type="org.openqa.selenium.NoSuchElementException" message="An element could not be located on the page using the given search parameters. (WARNING: The server did not provide any stacktrace information)
Command duration or timeout: 0 milliseconds
For documentation on this error, please visit: http://seleniumhq.org/exceptions/no_such_element.html
Build info: version: &amp;apos;3.9.1&amp;apos;, revision: &amp;apos;63f7b50&amp;apos;, time: &amp;apos;2018-02-07T22:25:02.294Z&amp;apos;
System info: host: &amp;apos;KASHIFALI&amp;apos;, ip: &amp;apos;192.168.1.135&amp;apos;, os.name: &amp;apos;Windows 8.1&amp;apos;, os.arch: &amp;apos;amd64&amp;apos;, os.version: &amp;apos;6.3&amp;apos;, java.version: &amp;apos;1.8.0_25&amp;apos;
Driver info: io.appium.java_client.android.AndroidDriver
Capabilities {app: D:\pliro-mobile-2.0\automat..., appActivity: com.pliro_mobile_2.SplashAc..., appPackage: com.aurora.pliro, automationName: UiAutomator2, deviceName: emulator-5554, javascriptEnabled: true, newCommandTimeout: 30, platform: ANDROID, platformName: ANDROID, platformVersion: 7.1.1}
Session ID: 53f6dfe6-c93c-4343-b890-8e9ebbad1621
*** Element info: {Using=xpath, value=/hierarchy/android.widget.FrameLayout/android.widget.LinearLayout/android.widget.FrameLayout/android.widget.LinearLayout/android.widget.FrameLayout/android.widget.RelativeLayout/android.widget.RelativeLayout/android.widget.FrameLayout/android.view.ViewGroup/android.view.ViewGroup[2]/android.view.ViewGroup/android.widget.TextView[2]}">
      <![CDATA[org.openqa.selenium.NoSuchElementException: An element could not be located on the page using the given search parameters. (WARNING: The server did not provide any stacktrace information)
Command duration or timeout: 0 milliseconds
For documentation on this error, please visit: http://seleniumhq.org/exceptions/no_such_element.html
Build info: version: '3.9.1', revision: '63f7b50', time: '2018-02-07T22:25:02.294Z'
System info: host: 'KASHIFALI', ip: '192.168.1.135', os.name: 'Windows 8.1', os.arch: 'amd64', os.version: '6.3', java.version: '1.8.0_25'
Driver info: io.appium.java_client.android.AndroidDriver
Capabilities {app: D:\pliro-mobile-2.0\automat..., appActivity: com.pliro_mobile_2.SplashAc..., appPackage: com.aurora.pliro, automationName: UiAutomator2, deviceName: emulator-5554, javascriptEnabled: true, newCommandTimeout: 30, platform: ANDROID, platformName: ANDROID, platformVersion: 7.1.1}
Session ID: 53f6dfe6-c93c-4343-b890-8e9ebbad1621
*** Element info: {Using=xpath, value=/hierarchy/android.widget.FrameLayout/android.widget.LinearLayout/android.widget.FrameLayout/android.widget.LinearLayout/android.widget.FrameLayout/android.widget.RelativeLayout/android.widget.RelativeLayout/android.widget.FrameLayout/android.view.ViewGroup/android.view.ViewGroup[2]/android.view.ViewGroup/android.widget.TextView[2]}
	at org.openqa.selenium.remote.ErrorHandler.createThrowable(ErrorHandler.java:214)
	at org.openqa.selenium.remote.ErrorHandler.throwIfResponseFailed(ErrorHandler.java:166)
	at org.openqa.selenium.remote.http.JsonHttpResponseCodec.reconstructValue(JsonHttpResponseCodec.java:40)
	at org.openqa.selenium.remote.http.AbstractHttpResponseCodec.decode(AbstractHttpResponseCodec.java:80)
	at org.openqa.selenium.remote.http.AbstractHttpResponseCodec.decode(AbstractHttpResponseCodec.java:44)
	at org.openqa.selenium.remote.HttpCommandExecutor.execute(HttpCommandExecutor.java:160)
	at io.appium.java_client.remote.AppiumCommandExecutor.execute(AppiumCommandExecutor.java:129)
	at org.openqa.selenium.remote.RemoteWebDriver.execute(RemoteWebDriver.java:601)
	at io.appium.java_client.DefaultGenericMobileDriver.execute(DefaultGenericMobileDriver.java:42)
	at io.appium.java_client.AppiumDriver.execute(AppiumDriver.java:1)
	at io.appium.java_client.android.AndroidDriver.execute(AndroidDriver.java:1)
	at org.openqa.selenium.remote.RemoteWebDriver.findElement(RemoteWebDriver.java:371)
	at io.appium.java_client.DefaultGenericMobileDriver.findElement(DefaultGenericMobileDriver.java:62)
	at io.appium.java_client.AppiumDriver.findElement(AppiumDriver.java:1)
	at io.appium.java_client.android.AndroidDriver.findElement(AndroidDriver.java:1)
	at org.openqa.selenium.remote.RemoteWebDriver.findElementByXPath(RemoteWebDriver.java:473)
	at io.appium.java_client.DefaultGenericMobileDriver.findElementByXPath(DefaultGenericMobileDriver.java:152)
	at io.appium.java_client.AppiumDriver.findElementByXPath(AppiumDriver.java:1)
	at io.appium.java_client.android.AndroidDriver.findElementByXPath(AndroidDriver.java:1)
	at core.UiObject.tap(UiObject.java:178)
	at api.apps.Pliro.changeHealthCenter.HealthCenterPage.tapHealthCenterChangeLinkText(HealthCenterPage.java:26)
	at tests.HealthCenterTests.clickOnHCChangeDropDown(HealthCenterTests.java:18)
	at org.apache.maven.surefire.testng.TestNGExecutor.run(TestNGExecutor.java:283)
	at org.apache.maven.surefire.testng.TestNGXmlTestSuite.execute(TestNGXmlTestSuite.java:75)
	at org.apache.maven.surefire.testng.TestNGProvider.invoke(TestNGProvider.java:120)
	at org.apache.maven.surefire.booter.ForkedBooter.invokeProviderInSameClassLoader(ForkedBooter.java:373)
	at org.apache.maven.surefire.booter.ForkedBooter.runSuitesInProcess(ForkedBooter.java:334)
	at org.apache.maven.surefire.booter.ForkedBooter.execute(ForkedBooter.java:119)
	at org.apache.maven.surefire.booter.ForkedBooter.main(ForkedBooter.java:407)
... Removed 25 stack frames]]>
    </failure>
  </testcase> <!-- clickOnHCChangeDropDown -->
  <testcase name="isSearchFieldOnHCPageVisible" time="5.362" classname="tests.HealthCenterTests">
    <failure type="org.openqa.selenium.NoSuchElementException" message="An element could not be located on the page using the given search parameters. (WARNING: The server did not provide any stacktrace information)
Command duration or timeout: 0 milliseconds
For documentation on this error, please visit: http://seleniumhq.org/exceptions/no_such_element.html
Build info: version: &amp;apos;3.9.1&amp;apos;, revision: &amp;apos;63f7b50&amp;apos;, time: &amp;apos;2018-02-07T22:25:02.294Z&amp;apos;
System info: host: &amp;apos;KASHIFALI&amp;apos;, ip: &amp;apos;192.168.1.135&amp;apos;, os.name: &amp;apos;Windows 8.1&amp;apos;, os.arch: &amp;apos;amd64&amp;apos;, os.version: &amp;apos;6.3&amp;apos;, java.version: &amp;apos;1.8.0_25&amp;apos;
Driver info: io.appium.java_client.android.AndroidDriver
Capabilities {app: D:\pliro-mobile-2.0\automat..., appActivity: com.pliro_mobile_2.SplashAc..., appPackage: com.aurora.pliro, automationName: UiAutomator2, deviceName: emulator-5554, javascriptEnabled: true, newCommandTimeout: 30, platform: ANDROID, platformName: ANDROID, platformVersion: 7.1.1}
Session ID: 53f6dfe6-c93c-4343-b890-8e9ebbad1621
*** Element info: {Using=-android uiautomator, value=new UiSelector().text(&amp;quot;The Dental Consultants, Jinnah Super&amp;quot;)}">
      <![CDATA[org.openqa.selenium.NoSuchElementException: An element could not be located on the page using the given search parameters. (WARNING: The server did not provide any stacktrace information)
Command duration or timeout: 0 milliseconds
For documentation on this error, please visit: http://seleniumhq.org/exceptions/no_such_element.html
Build info: version: '3.9.1', revision: '63f7b50', time: '2018-02-07T22:25:02.294Z'
System info: host: 'KASHIFALI', ip: '192.168.1.135', os.name: 'Windows 8.1', os.arch: 'amd64', os.version: '6.3', java.version: '1.8.0_25'
Driver info: io.appium.java_client.android.AndroidDriver
Capabilities {app: D:\pliro-mobile-2.0\automat..., appActivity: com.pliro_mobile_2.SplashAc..., appPackage: com.aurora.pliro, automationName: UiAutomator2, deviceName: emulator-5554, javascriptEnabled: true, newCommandTimeout: 30, platform: ANDROID, platformName: ANDROID, platformVersion: 7.1.1}
Session ID: 53f6dfe6-c93c-4343-b890-8e9ebbad1621
*** Element info: {Using=-android uiautomator, value=new UiSelector().text("The Dental Consultants, Jinnah Super")}
	at org.openqa.selenium.remote.ErrorHandler.createThrowable(ErrorHandler.java:214)
	at org.openqa.selenium.remote.ErrorHandler.throwIfResponseFailed(ErrorHandler.java:166)
	at org.openqa.selenium.remote.http.JsonHttpResponseCodec.reconstructValue(JsonHttpResponseCodec.java:40)
	at org.openqa.selenium.remote.http.AbstractHttpResponseCodec.decode(AbstractHttpResponseCodec.java:80)
	at org.openqa.selenium.remote.http.AbstractHttpResponseCodec.decode(AbstractHttpResponseCodec.java:44)
	at org.openqa.selenium.remote.HttpCommandExecutor.execute(HttpCommandExecutor.java:160)
	at io.appium.java_client.remote.AppiumCommandExecutor.execute(AppiumCommandExecutor.java:129)
	at org.openqa.selenium.remote.RemoteWebDriver.execute(RemoteWebDriver.java:601)
	at io.appium.java_client.DefaultGenericMobileDriver.execute(DefaultGenericMobileDriver.java:42)
	at io.appium.java_client.AppiumDriver.execute(AppiumDriver.java:1)
	at io.appium.java_client.android.AndroidDriver.execute(AndroidDriver.java:1)
	at org.openqa.selenium.remote.RemoteWebDriver.findElement(RemoteWebDriver.java:371)
	at io.appium.java_client.DefaultGenericMobileDriver.findElement(DefaultGenericMobileDriver.java:62)
	at io.appium.java_client.AppiumDriver.findElement(AppiumDriver.java:1)
	at io.appium.java_client.android.AndroidDriver.findElement(AndroidDriver.java:1)
	at io.appium.java_client.FindsByAndroidUIAutomator.findElementByAndroidUIAutomator(FindsByAndroidUIAutomator.java:38)
	at core.UiObject.getText(UiObject.java:120)
	at api.apps.Pliro.changeHealthCenter.HealthCenterPage.isHealthCenterFieldVisible(HealthCenterPage.java:57)
	at tests.HealthCenterTests.isSearchFieldOnHCPageVisible(HealthCenterTests.java:24)
	at org.apache.maven.surefire.testng.TestNGExecutor.run(TestNGExecutor.java:283)
	at org.apache.maven.surefire.testng.TestNGXmlTestSuite.execute(TestNGXmlTestSuite.java:75)
	at org.apache.maven.surefire.testng.TestNGProvider.invoke(TestNGProvider.java:120)
	at org.apache.maven.surefire.booter.ForkedBooter.invokeProviderInSameClassLoader(ForkedBooter.java:373)
	at org.apache.maven.surefire.booter.ForkedBooter.runSuitesInProcess(ForkedBooter.java:334)
	at org.apache.maven.surefire.booter.ForkedBooter.execute(ForkedBooter.java:119)
	at org.apache.maven.surefire.booter.ForkedBooter.main(ForkedBooter.java:407)
... Removed 24 stack frames]]>
    </failure>
  </testcase> <!-- isSearchFieldOnHCPageVisible -->
  <testcase name="searchHC" time="5.382" classname="tests.HealthCenterTests">
    <failure type="org.openqa.selenium.NoSuchElementException" message="An element could not be located on the page using the given search parameters. (WARNING: The server did not provide any stacktrace information)
Command duration or timeout: 0 milliseconds
For documentation on this error, please visit: http://seleniumhq.org/exceptions/no_such_element.html
Build info: version: &amp;apos;3.9.1&amp;apos;, revision: &amp;apos;63f7b50&amp;apos;, time: &amp;apos;2018-02-07T22:25:02.294Z&amp;apos;
System info: host: &amp;apos;KASHIFALI&amp;apos;, ip: &amp;apos;192.168.1.135&amp;apos;, os.name: &amp;apos;Windows 8.1&amp;apos;, os.arch: &amp;apos;amd64&amp;apos;, os.version: &amp;apos;6.3&amp;apos;, java.version: &amp;apos;1.8.0_25&amp;apos;
Driver info: io.appium.java_client.android.AndroidDriver
Capabilities {app: D:\pliro-mobile-2.0\automat..., appActivity: com.pliro_mobile_2.SplashAc..., appPackage: com.aurora.pliro, automationName: UiAutomator2, deviceName: emulator-5554, javascriptEnabled: true, newCommandTimeout: 30, platform: ANDROID, platformName: ANDROID, platformVersion: 7.1.1}
Session ID: 53f6dfe6-c93c-4343-b890-8e9ebbad1621
*** Element info: {Using=-android uiautomator, value=new UiSelector().text(&amp;quot;The Dental Consultants, Jinnah Super&amp;quot;)}">
      <![CDATA[org.openqa.selenium.NoSuchElementException: An element could not be located on the page using the given search parameters. (WARNING: The server did not provide any stacktrace information)
Command duration or timeout: 0 milliseconds
For documentation on this error, please visit: http://seleniumhq.org/exceptions/no_such_element.html
Build info: version: '3.9.1', revision: '63f7b50', time: '2018-02-07T22:25:02.294Z'
System info: host: 'KASHIFALI', ip: '192.168.1.135', os.name: 'Windows 8.1', os.arch: 'amd64', os.version: '6.3', java.version: '1.8.0_25'
Driver info: io.appium.java_client.android.AndroidDriver
Capabilities {app: D:\pliro-mobile-2.0\automat..., appActivity: com.pliro_mobile_2.SplashAc..., appPackage: com.aurora.pliro, automationName: UiAutomator2, deviceName: emulator-5554, javascriptEnabled: true, newCommandTimeout: 30, platform: ANDROID, platformName: ANDROID, platformVersion: 7.1.1}
Session ID: 53f6dfe6-c93c-4343-b890-8e9ebbad1621
*** Element info: {Using=-android uiautomator, value=new UiSelector().text("The Dental Consultants, Jinnah Super")}
	at org.openqa.selenium.remote.ErrorHandler.createThrowable(ErrorHandler.java:214)
	at org.openqa.selenium.remote.ErrorHandler.throwIfResponseFailed(ErrorHandler.java:166)
	at org.openqa.selenium.remote.http.JsonHttpResponseCodec.reconstructValue(JsonHttpResponseCodec.java:40)
	at org.openqa.selenium.remote.http.AbstractHttpResponseCodec.decode(AbstractHttpResponseCodec.java:80)
	at org.openqa.selenium.remote.http.AbstractHttpResponseCodec.decode(AbstractHttpResponseCodec.java:44)
	at org.openqa.selenium.remote.HttpCommandExecutor.execute(HttpCommandExecutor.java:160)
	at io.appium.java_client.remote.AppiumCommandExecutor.execute(AppiumCommandExecutor.java:129)
	at org.openqa.selenium.remote.RemoteWebDriver.execute(RemoteWebDriver.java:601)
	at io.appium.java_client.DefaultGenericMobileDriver.execute(DefaultGenericMobileDriver.java:42)
	at io.appium.java_client.AppiumDriver.execute(AppiumDriver.java:1)
	at io.appium.java_client.android.AndroidDriver.execute(AndroidDriver.java:1)
	at org.openqa.selenium.remote.RemoteWebDriver.findElement(RemoteWebDriver.java:371)
	at io.appium.java_client.DefaultGenericMobileDriver.findElement(DefaultGenericMobileDriver.java:62)
	at io.appium.java_client.AppiumDriver.findElement(AppiumDriver.java:1)
	at io.appium.java_client.android.AndroidDriver.findElement(AndroidDriver.java:1)
	at io.appium.java_client.FindsByAndroidUIAutomator.findElementByAndroidUIAutomator(FindsByAndroidUIAutomator.java:38)
	at core.UiObject.sendText(UiObject.java:163)
	at api.apps.Pliro.changeHealthCenter.HealthCenterPage.sendHCToSearchField(HealthCenterPage.java:69)
	at tests.HealthCenterTests.searchHC(HealthCenterTests.java:30)
	at org.apache.maven.surefire.testng.TestNGExecutor.run(TestNGExecutor.java:283)
	at org.apache.maven.surefire.testng.TestNGXmlTestSuite.execute(TestNGXmlTestSuite.java:75)
	at org.apache.maven.surefire.testng.TestNGProvider.invoke(TestNGProvider.java:120)
	at org.apache.maven.surefire.booter.ForkedBooter.invokeProviderInSameClassLoader(ForkedBooter.java:373)
	at org.apache.maven.surefire.booter.ForkedBooter.runSuitesInProcess(ForkedBooter.java:334)
	at org.apache.maven.surefire.booter.ForkedBooter.execute(ForkedBooter.java:119)
	at org.apache.maven.surefire.booter.ForkedBooter.main(ForkedBooter.java:407)
... Removed 24 stack frames]]>
    </failure>
  </testcase> <!-- searchHC -->
  <testcase name="selectPendingAppointments" time="15.854" classname="tests.PendingTests">
    <failure type="java.lang.AssertionError" message="No Pending Appointment">
      <![CDATA[java.lang.AssertionError: No Pending Appointment
	at api.apps.Pliro.pendingPage.PendingPage.findNoPendingAppointments(PendingPage.java:108)
	at tests.PendingTests.selectPendingAppointments(PendingTests.java:11)
	at org.apache.maven.surefire.testng.TestNGExecutor.run(TestNGExecutor.java:283)
	at org.apache.maven.surefire.testng.TestNGXmlTestSuite.execute(TestNGXmlTestSuite.java:75)
	at org.apache.maven.surefire.testng.TestNGProvider.invoke(TestNGProvider.java:120)
	at org.apache.maven.surefire.booter.ForkedBooter.invokeProviderInSameClassLoader(ForkedBooter.java:373)
	at org.apache.maven.surefire.booter.ForkedBooter.runSuitesInProcess(ForkedBooter.java:334)
	at org.apache.maven.surefire.booter.ForkedBooter.execute(ForkedBooter.java:119)
	at org.apache.maven.surefire.booter.ForkedBooter.main(ForkedBooter.java:407)
... Removed 21 stack frames]]>
    </failure>
  </testcase> <!-- selectPendingAppointments -->
  <testcase name="isRescheduleLinkTextVisible" time="10.748" classname="tests.PendingTests">
    <failure type="org.openqa.selenium.NoSuchElementException" message="An element could not be located on the page using the given search parameters. (WARNING: The server did not provide any stacktrace information)
Command duration or timeout: 0 milliseconds
For documentation on this error, please visit: http://seleniumhq.org/exceptions/no_such_element.html
Build info: version: &amp;apos;3.9.1&amp;apos;, revision: &amp;apos;63f7b50&amp;apos;, time: &amp;apos;2018-02-07T22:25:02.294Z&amp;apos;
System info: host: &amp;apos;KASHIFALI&amp;apos;, ip: &amp;apos;192.168.1.135&amp;apos;, os.name: &amp;apos;Windows 8.1&amp;apos;, os.arch: &amp;apos;amd64&amp;apos;, os.version: &amp;apos;6.3&amp;apos;, java.version: &amp;apos;1.8.0_25&amp;apos;
Driver info: io.appium.java_client.android.AndroidDriver
Capabilities {app: D:\pliro-mobile-2.0\automat..., appActivity: com.pliro_mobile_2.SplashAc..., appPackage: com.aurora.pliro, automationName: UiAutomator2, deviceName: emulator-5554, javascriptEnabled: true, newCommandTimeout: 30, platform: ANDROID, platformName: ANDROID, platformVersion: 7.1.1}
Session ID: 53f6dfe6-c93c-4343-b890-8e9ebbad1621
*** Element info: {Using=-android uiautomator, value=new UiSelector().text(&amp;quot;Reschedule&amp;quot;)}">
      <![CDATA[org.openqa.selenium.NoSuchElementException: An element could not be located on the page using the given search parameters. (WARNING: The server did not provide any stacktrace information)
Command duration or timeout: 0 milliseconds
For documentation on this error, please visit: http://seleniumhq.org/exceptions/no_such_element.html
Build info: version: '3.9.1', revision: '63f7b50', time: '2018-02-07T22:25:02.294Z'
System info: host: 'KASHIFALI', ip: '192.168.1.135', os.name: 'Windows 8.1', os.arch: 'amd64', os.version: '6.3', java.version: '1.8.0_25'
Driver info: io.appium.java_client.android.AndroidDriver
Capabilities {app: D:\pliro-mobile-2.0\automat..., appActivity: com.pliro_mobile_2.SplashAc..., appPackage: com.aurora.pliro, automationName: UiAutomator2, deviceName: emulator-5554, javascriptEnabled: true, newCommandTimeout: 30, platform: ANDROID, platformName: ANDROID, platformVersion: 7.1.1}
Session ID: 53f6dfe6-c93c-4343-b890-8e9ebbad1621
*** Element info: {Using=-android uiautomator, value=new UiSelector().text("Reschedule")}
	at org.openqa.selenium.remote.ErrorHandler.createThrowable(ErrorHandler.java:214)
	at org.openqa.selenium.remote.ErrorHandler.throwIfResponseFailed(ErrorHandler.java:166)
	at org.openqa.selenium.remote.http.JsonHttpResponseCodec.reconstructValue(JsonHttpResponseCodec.java:40)
	at org.openqa.selenium.remote.http.AbstractHttpResponseCodec.decode(AbstractHttpResponseCodec.java:80)
	at org.openqa.selenium.remote.http.AbstractHttpResponseCodec.decode(AbstractHttpResponseCodec.java:44)
	at org.openqa.selenium.remote.HttpCommandExecutor.execute(HttpCommandExecutor.java:160)
	at io.appium.java_client.remote.AppiumCommandExecutor.execute(AppiumCommandExecutor.java:129)
	at org.openqa.selenium.remote.RemoteWebDriver.execute(RemoteWebDriver.java:601)
	at io.appium.java_client.DefaultGenericMobileDriver.execute(DefaultGenericMobileDriver.java:42)
	at io.appium.java_client.AppiumDriver.execute(AppiumDriver.java:1)
	at io.appium.java_client.android.AndroidDriver.execute(AndroidDriver.java:1)
	at org.openqa.selenium.remote.RemoteWebDriver.findElement(RemoteWebDriver.java:371)
	at io.appium.java_client.DefaultGenericMobileDriver.findElement(DefaultGenericMobileDriver.java:62)
	at io.appium.java_client.AppiumDriver.findElement(AppiumDriver.java:1)
	at io.appium.java_client.android.AndroidDriver.findElement(AndroidDriver.java:1)
	at io.appium.java_client.FindsByAndroidUIAutomator.findElementByAndroidUIAutomator(FindsByAndroidUIAutomator.java:38)
	at core.UiObject.getText(UiObject.java:120)
	at api.apps.Pliro.pendingPage.PendingPage.findRescheduleText(PendingPage.java:19)
	at tests.PendingTests.isRescheduleLinkTextVisible(PendingTests.java:17)
	at org.apache.maven.surefire.testng.TestNGExecutor.run(TestNGExecutor.java:283)
	at org.apache.maven.surefire.testng.TestNGXmlTestSuite.execute(TestNGXmlTestSuite.java:75)
	at org.apache.maven.surefire.testng.TestNGProvider.invoke(TestNGProvider.java:120)
	at org.apache.maven.surefire.booter.ForkedBooter.invokeProviderInSameClassLoader(ForkedBooter.java:373)
	at org.apache.maven.surefire.booter.ForkedBooter.runSuitesInProcess(ForkedBooter.java:334)
	at org.apache.maven.surefire.booter.ForkedBooter.execute(ForkedBooter.java:119)
	at org.apache.maven.surefire.booter.ForkedBooter.main(ForkedBooter.java:407)
... Removed 24 stack frames]]>
    </failure>
  </testcase> <!-- isRescheduleLinkTextVisible -->
  <testcase name="isDeclineLinkTextVisible" time="10.722" classname="tests.PendingTests">
    <failure type="org.openqa.selenium.NoSuchElementException" message="An element could not be located on the page using the given search parameters. (WARNING: The server did not provide any stacktrace information)
Command duration or timeout: 0 milliseconds
For documentation on this error, please visit: http://seleniumhq.org/exceptions/no_such_element.html
Build info: version: &amp;apos;3.9.1&amp;apos;, revision: &amp;apos;63f7b50&amp;apos;, time: &amp;apos;2018-02-07T22:25:02.294Z&amp;apos;
System info: host: &amp;apos;KASHIFALI&amp;apos;, ip: &amp;apos;192.168.1.135&amp;apos;, os.name: &amp;apos;Windows 8.1&amp;apos;, os.arch: &amp;apos;amd64&amp;apos;, os.version: &amp;apos;6.3&amp;apos;, java.version: &amp;apos;1.8.0_25&amp;apos;
Driver info: io.appium.java_client.android.AndroidDriver
Capabilities {app: D:\pliro-mobile-2.0\automat..., appActivity: com.pliro_mobile_2.SplashAc..., appPackage: com.aurora.pliro, automationName: UiAutomator2, deviceName: emulator-5554, javascriptEnabled: true, newCommandTimeout: 30, platform: ANDROID, platformName: ANDROID, platformVersion: 7.1.1}
Session ID: 53f6dfe6-c93c-4343-b890-8e9ebbad1621
*** Element info: {Using=-android uiautomator, value=new UiSelector().text(&amp;quot;Decline&amp;quot;)}">
      <![CDATA[org.openqa.selenium.NoSuchElementException: An element could not be located on the page using the given search parameters. (WARNING: The server did not provide any stacktrace information)
Command duration or timeout: 0 milliseconds
For documentation on this error, please visit: http://seleniumhq.org/exceptions/no_such_element.html
Build info: version: '3.9.1', revision: '63f7b50', time: '2018-02-07T22:25:02.294Z'
System info: host: 'KASHIFALI', ip: '192.168.1.135', os.name: 'Windows 8.1', os.arch: 'amd64', os.version: '6.3', java.version: '1.8.0_25'
Driver info: io.appium.java_client.android.AndroidDriver
Capabilities {app: D:\pliro-mobile-2.0\automat..., appActivity: com.pliro_mobile_2.SplashAc..., appPackage: com.aurora.pliro, automationName: UiAutomator2, deviceName: emulator-5554, javascriptEnabled: true, newCommandTimeout: 30, platform: ANDROID, platformName: ANDROID, platformVersion: 7.1.1}
Session ID: 53f6dfe6-c93c-4343-b890-8e9ebbad1621
*** Element info: {Using=-android uiautomator, value=new UiSelector().text("Decline")}
	at org.openqa.selenium.remote.ErrorHandler.createThrowable(ErrorHandler.java:214)
	at org.openqa.selenium.remote.ErrorHandler.throwIfResponseFailed(ErrorHandler.java:166)
	at org.openqa.selenium.remote.http.JsonHttpResponseCodec.reconstructValue(JsonHttpResponseCodec.java:40)
	at org.openqa.selenium.remote.http.AbstractHttpResponseCodec.decode(AbstractHttpResponseCodec.java:80)
	at org.openqa.selenium.remote.http.AbstractHttpResponseCodec.decode(AbstractHttpResponseCodec.java:44)
	at org.openqa.selenium.remote.HttpCommandExecutor.execute(HttpCommandExecutor.java:160)
	at io.appium.java_client.remote.AppiumCommandExecutor.execute(AppiumCommandExecutor.java:129)
	at org.openqa.selenium.remote.RemoteWebDriver.execute(RemoteWebDriver.java:601)
	at io.appium.java_client.DefaultGenericMobileDriver.execute(DefaultGenericMobileDriver.java:42)
	at io.appium.java_client.AppiumDriver.execute(AppiumDriver.java:1)
	at io.appium.java_client.android.AndroidDriver.execute(AndroidDriver.java:1)
	at org.openqa.selenium.remote.RemoteWebDriver.findElement(RemoteWebDriver.java:371)
	at io.appium.java_client.DefaultGenericMobileDriver.findElement(DefaultGenericMobileDriver.java:62)
	at io.appium.java_client.AppiumDriver.findElement(AppiumDriver.java:1)
	at io.appium.java_client.android.AndroidDriver.findElement(AndroidDriver.java:1)
	at io.appium.java_client.FindsByAndroidUIAutomator.findElementByAndroidUIAutomator(FindsByAndroidUIAutomator.java:38)
	at core.UiObject.getText(UiObject.java:120)
	at api.apps.Pliro.pendingPage.PendingPage.findDeclineText(PendingPage.java:64)
	at tests.PendingTests.isDeclineLinkTextVisible(PendingTests.java:23)
	at org.apache.maven.surefire.testng.TestNGExecutor.run(TestNGExecutor.java:283)
	at org.apache.maven.surefire.testng.TestNGXmlTestSuite.execute(TestNGXmlTestSuite.java:75)
	at org.apache.maven.surefire.testng.TestNGProvider.invoke(TestNGProvider.java:120)
	at org.apache.maven.surefire.booter.ForkedBooter.invokeProviderInSameClassLoader(ForkedBooter.java:373)
	at org.apache.maven.surefire.booter.ForkedBooter.runSuitesInProcess(ForkedBooter.java:334)
	at org.apache.maven.surefire.booter.ForkedBooter.execute(ForkedBooter.java:119)
	at org.apache.maven.surefire.booter.ForkedBooter.main(ForkedBooter.java:407)
... Removed 24 stack frames]]>
    </failure>
  </testcase> <!-- isDeclineLinkTextVisible -->
  <testcase name="isConfirmLinkTextVisible" time="10.705" classname="tests.PendingTests">
    <failure type="org.openqa.selenium.NoSuchElementException" message="An element could not be located on the page using the given search parameters. (WARNING: The server did not provide any stacktrace information)
Command duration or timeout: 0 milliseconds
For documentation on this error, please visit: http://seleniumhq.org/exceptions/no_such_element.html
Build info: version: &amp;apos;3.9.1&amp;apos;, revision: &amp;apos;63f7b50&amp;apos;, time: &amp;apos;2018-02-07T22:25:02.294Z&amp;apos;
System info: host: &amp;apos;KASHIFALI&amp;apos;, ip: &amp;apos;192.168.1.135&amp;apos;, os.name: &amp;apos;Windows 8.1&amp;apos;, os.arch: &amp;apos;amd64&amp;apos;, os.version: &amp;apos;6.3&amp;apos;, java.version: &amp;apos;1.8.0_25&amp;apos;
Driver info: io.appium.java_client.android.AndroidDriver
Capabilities {app: D:\pliro-mobile-2.0\automat..., appActivity: com.pliro_mobile_2.SplashAc..., appPackage: com.aurora.pliro, automationName: UiAutomator2, deviceName: emulator-5554, javascriptEnabled: true, newCommandTimeout: 30, platform: ANDROID, platformName: ANDROID, platformVersion: 7.1.1}
Session ID: 53f6dfe6-c93c-4343-b890-8e9ebbad1621
*** Element info: {Using=-android uiautomator, value=new UiSelector().text(&amp;quot;Confirm&amp;quot;)}">
      <![CDATA[org.openqa.selenium.NoSuchElementException: An element could not be located on the page using the given search parameters. (WARNING: The server did not provide any stacktrace information)
Command duration or timeout: 0 milliseconds
For documentation on this error, please visit: http://seleniumhq.org/exceptions/no_such_element.html
Build info: version: '3.9.1', revision: '63f7b50', time: '2018-02-07T22:25:02.294Z'
System info: host: 'KASHIFALI', ip: '192.168.1.135', os.name: 'Windows 8.1', os.arch: 'amd64', os.version: '6.3', java.version: '1.8.0_25'
Driver info: io.appium.java_client.android.AndroidDriver
Capabilities {app: D:\pliro-mobile-2.0\automat..., appActivity: com.pliro_mobile_2.SplashAc..., appPackage: com.aurora.pliro, automationName: UiAutomator2, deviceName: emulator-5554, javascriptEnabled: true, newCommandTimeout: 30, platform: ANDROID, platformName: ANDROID, platformVersion: 7.1.1}
Session ID: 53f6dfe6-c93c-4343-b890-8e9ebbad1621
*** Element info: {Using=-android uiautomator, value=new UiSelector().text("Confirm")}
	at org.openqa.selenium.remote.ErrorHandler.createThrowable(ErrorHandler.java:214)
	at org.openqa.selenium.remote.ErrorHandler.throwIfResponseFailed(ErrorHandler.java:166)
	at org.openqa.selenium.remote.http.JsonHttpResponseCodec.reconstructValue(JsonHttpResponseCodec.java:40)
	at org.openqa.selenium.remote.http.AbstractHttpResponseCodec.decode(AbstractHttpResponseCodec.java:80)
	at org.openqa.selenium.remote.http.AbstractHttpResponseCodec.decode(AbstractHttpResponseCodec.java:44)
	at org.openqa.selenium.remote.HttpCommandExecutor.execute(HttpCommandExecutor.java:160)
	at io.appium.java_client.remote.AppiumCommandExecutor.execute(AppiumCommandExecutor.java:129)
	at org.openqa.selenium.remote.RemoteWebDriver.execute(RemoteWebDriver.java:601)
	at io.appium.java_client.DefaultGenericMobileDriver.execute(DefaultGenericMobileDriver.java:42)
	at io.appium.java_client.AppiumDriver.execute(AppiumDriver.java:1)
	at io.appium.java_client.android.AndroidDriver.execute(AndroidDriver.java:1)
	at org.openqa.selenium.remote.RemoteWebDriver.findElement(RemoteWebDriver.java:371)
	at io.appium.java_client.DefaultGenericMobileDriver.findElement(DefaultGenericMobileDriver.java:62)
	at io.appium.java_client.AppiumDriver.findElement(AppiumDriver.java:1)
	at io.appium.java_client.android.AndroidDriver.findElement(AndroidDriver.java:1)
	at io.appium.java_client.FindsByAndroidUIAutomator.findElementByAndroidUIAutomator(FindsByAndroidUIAutomator.java:38)
	at core.UiObject.getText(UiObject.java:120)
	at api.apps.Pliro.pendingPage.PendingPage.findConfirmText(PendingPage.java:44)
	at tests.PendingTests.isConfirmLinkTextVisible(PendingTests.java:29)
	at org.apache.maven.surefire.testng.TestNGExecutor.run(TestNGExecutor.java:283)
	at org.apache.maven.surefire.testng.TestNGXmlTestSuite.execute(TestNGXmlTestSuite.java:75)
	at org.apache.maven.surefire.testng.TestNGProvider.invoke(TestNGProvider.java:120)
	at org.apache.maven.surefire.booter.ForkedBooter.invokeProviderInSameClassLoader(ForkedBooter.java:373)
	at org.apache.maven.surefire.booter.ForkedBooter.runSuitesInProcess(ForkedBooter.java:334)
	at org.apache.maven.surefire.booter.ForkedBooter.execute(ForkedBooter.java:119)
	at org.apache.maven.surefire.booter.ForkedBooter.main(ForkedBooter.java:407)
... Removed 24 stack frames]]>
    </failure>
  </testcase> <!-- isConfirmLinkTextVisible -->
  <testcase name="clickOnDeclineLinkText" time="10.717" classname="tests.AppointmentDeclineTests">
    <failure type="org.openqa.selenium.NoSuchElementException" message="An element could not be located on the page using the given search parameters. (WARNING: The server did not provide any stacktrace information)
Command duration or timeout: 0 milliseconds
For documentation on this error, please visit: http://seleniumhq.org/exceptions/no_such_element.html
Build info: version: &amp;apos;3.9.1&amp;apos;, revision: &amp;apos;63f7b50&amp;apos;, time: &amp;apos;2018-02-07T22:25:02.294Z&amp;apos;
System info: host: &amp;apos;KASHIFALI&amp;apos;, ip: &amp;apos;192.168.1.135&amp;apos;, os.name: &amp;apos;Windows 8.1&amp;apos;, os.arch: &amp;apos;amd64&amp;apos;, os.version: &amp;apos;6.3&amp;apos;, java.version: &amp;apos;1.8.0_25&amp;apos;
Driver info: io.appium.java_client.android.AndroidDriver
Capabilities {app: D:\pliro-mobile-2.0\automat..., appActivity: com.pliro_mobile_2.SplashAc..., appPackage: com.aurora.pliro, automationName: UiAutomator2, deviceName: emulator-5554, javascriptEnabled: true, newCommandTimeout: 30, platform: ANDROID, platformName: ANDROID, platformVersion: 7.1.1}
Session ID: 53f6dfe6-c93c-4343-b890-8e9ebbad1621
*** Element info: {Using=-android uiautomator, value=new UiSelector().text(&amp;quot;Decline&amp;quot;)}">
      <![CDATA[org.openqa.selenium.NoSuchElementException: An element could not be located on the page using the given search parameters. (WARNING: The server did not provide any stacktrace information)
Command duration or timeout: 0 milliseconds
For documentation on this error, please visit: http://seleniumhq.org/exceptions/no_such_element.html
Build info: version: '3.9.1', revision: '63f7b50', time: '2018-02-07T22:25:02.294Z'
System info: host: 'KASHIFALI', ip: '192.168.1.135', os.name: 'Windows 8.1', os.arch: 'amd64', os.version: '6.3', java.version: '1.8.0_25'
Driver info: io.appium.java_client.android.AndroidDriver
Capabilities {app: D:\pliro-mobile-2.0\automat..., appActivity: com.pliro_mobile_2.SplashAc..., appPackage: com.aurora.pliro, automationName: UiAutomator2, deviceName: emulator-5554, javascriptEnabled: true, newCommandTimeout: 30, platform: ANDROID, platformName: ANDROID, platformVersion: 7.1.1}
Session ID: 53f6dfe6-c93c-4343-b890-8e9ebbad1621
*** Element info: {Using=-android uiautomator, value=new UiSelector().text("Decline")}
	at org.openqa.selenium.remote.ErrorHandler.createThrowable(ErrorHandler.java:214)
	at org.openqa.selenium.remote.ErrorHandler.throwIfResponseFailed(ErrorHandler.java:166)
	at org.openqa.selenium.remote.http.JsonHttpResponseCodec.reconstructValue(JsonHttpResponseCodec.java:40)
	at org.openqa.selenium.remote.http.AbstractHttpResponseCodec.decode(AbstractHttpResponseCodec.java:80)
	at org.openqa.selenium.remote.http.AbstractHttpResponseCodec.decode(AbstractHttpResponseCodec.java:44)
	at org.openqa.selenium.remote.HttpCommandExecutor.execute(HttpCommandExecutor.java:160)
	at io.appium.java_client.remote.AppiumCommandExecutor.execute(AppiumCommandExecutor.java:129)
	at org.openqa.selenium.remote.RemoteWebDriver.execute(RemoteWebDriver.java:601)
	at io.appium.java_client.DefaultGenericMobileDriver.execute(DefaultGenericMobileDriver.java:42)
	at io.appium.java_client.AppiumDriver.execute(AppiumDriver.java:1)
	at io.appium.java_client.android.AndroidDriver.execute(AndroidDriver.java:1)
	at org.openqa.selenium.remote.RemoteWebDriver.findElement(RemoteWebDriver.java:371)
	at io.appium.java_client.DefaultGenericMobileDriver.findElement(DefaultGenericMobileDriver.java:62)
	at io.appium.java_client.AppiumDriver.findElement(AppiumDriver.java:1)
	at io.appium.java_client.android.AndroidDriver.findElement(AndroidDriver.java:1)
	at io.appium.java_client.FindsByAndroidUIAutomator.findElementByAndroidUIAutomator(FindsByAndroidUIAutomator.java:38)
	at core.UiObject.tap(UiObject.java:179)
	at api.apps.Pliro.pendingPage.PendingPage.tapDeclineLinkText(PendingPage.java:132)
	at tests.AppointmentDeclineTests.clickOnDeclineLinkText(AppointmentDeclineTests.java:12)
	at org.apache.maven.surefire.testng.TestNGExecutor.run(TestNGExecutor.java:283)
	at org.apache.maven.surefire.testng.TestNGXmlTestSuite.execute(TestNGXmlTestSuite.java:75)
	at org.apache.maven.surefire.testng.TestNGProvider.invoke(TestNGProvider.java:120)
	at org.apache.maven.surefire.booter.ForkedBooter.invokeProviderInSameClassLoader(ForkedBooter.java:373)
	at org.apache.maven.surefire.booter.ForkedBooter.runSuitesInProcess(ForkedBooter.java:334)
	at org.apache.maven.surefire.booter.ForkedBooter.execute(ForkedBooter.java:119)
	at org.apache.maven.surefire.booter.ForkedBooter.main(ForkedBooter.java:407)
... Removed 24 stack frames]]>
    </failure>
  </testcase> <!-- clickOnDeclineLinkText -->
  <testcase name="isConfirmDeclineAppointmentTextVisible" time="0.001" classname="tests.AppointmentDeclineTests">
    <skipped/>
  </testcase> <!-- isConfirmDeclineAppointmentTextVisible -->
  <testcase name="isCancelTextVisible" time="0.0" classname="tests.AppointmentDeclineTests">
    <skipped/>
  </testcase> <!-- isCancelTextVisible -->
  <testcase name="isOkTextVisible" time="0.0" classname="tests.AppointmentDeclineTests">
    <skipped/>
  </testcase> <!-- isOkTextVisible -->
  <testcase name="clickOnCancelLinkText" time="0.0" classname="tests.AppointmentDeclineTests">
    <skipped/>
  </testcase> <!-- clickOnCancelLinkText -->
  <testcase name="clickOnDeclineOklLinkText" time="0.0" classname="tests.AppointmentDeclineTests">
    <skipped/>
  </testcase> <!-- clickOnDeclineOklLinkText -->
  <testcase name="clickOnConfirmLinkText" time="10.682" classname="tests.AppointmentConfirmTests">
    <failure type="org.openqa.selenium.NoSuchElementException" message="An element could not be located on the page using the given search parameters. (WARNING: The server did not provide any stacktrace information)
Command duration or timeout: 0 milliseconds
For documentation on this error, please visit: http://seleniumhq.org/exceptions/no_such_element.html
Build info: version: &amp;apos;3.9.1&amp;apos;, revision: &amp;apos;63f7b50&amp;apos;, time: &amp;apos;2018-02-07T22:25:02.294Z&amp;apos;
System info: host: &amp;apos;KASHIFALI&amp;apos;, ip: &amp;apos;192.168.1.135&amp;apos;, os.name: &amp;apos;Windows 8.1&amp;apos;, os.arch: &amp;apos;amd64&amp;apos;, os.version: &amp;apos;6.3&amp;apos;, java.version: &amp;apos;1.8.0_25&amp;apos;
Driver info: io.appium.java_client.android.AndroidDriver
Capabilities {app: D:\pliro-mobile-2.0\automat..., appActivity: com.pliro_mobile_2.SplashAc..., appPackage: com.aurora.pliro, automationName: UiAutomator2, deviceName: emulator-5554, javascriptEnabled: true, newCommandTimeout: 30, platform: ANDROID, platformName: ANDROID, platformVersion: 7.1.1}
Session ID: 53f6dfe6-c93c-4343-b890-8e9ebbad1621
*** Element info: {Using=-android uiautomator, value=new UiSelector().text(&amp;quot;Confirm&amp;quot;)}">
      <![CDATA[org.openqa.selenium.NoSuchElementException: An element could not be located on the page using the given search parameters. (WARNING: The server did not provide any stacktrace information)
Command duration or timeout: 0 milliseconds
For documentation on this error, please visit: http://seleniumhq.org/exceptions/no_such_element.html
Build info: version: '3.9.1', revision: '63f7b50', time: '2018-02-07T22:25:02.294Z'
System info: host: 'KASHIFALI', ip: '192.168.1.135', os.name: 'Windows 8.1', os.arch: 'amd64', os.version: '6.3', java.version: '1.8.0_25'
Driver info: io.appium.java_client.android.AndroidDriver
Capabilities {app: D:\pliro-mobile-2.0\automat..., appActivity: com.pliro_mobile_2.SplashAc..., appPackage: com.aurora.pliro, automationName: UiAutomator2, deviceName: emulator-5554, javascriptEnabled: true, newCommandTimeout: 30, platform: ANDROID, platformName: ANDROID, platformVersion: 7.1.1}
Session ID: 53f6dfe6-c93c-4343-b890-8e9ebbad1621
*** Element info: {Using=-android uiautomator, value=new UiSelector().text("Confirm")}
	at org.openqa.selenium.remote.ErrorHandler.createThrowable(ErrorHandler.java:214)
	at org.openqa.selenium.remote.ErrorHandler.throwIfResponseFailed(ErrorHandler.java:166)
	at org.openqa.selenium.remote.http.JsonHttpResponseCodec.reconstructValue(JsonHttpResponseCodec.java:40)
	at org.openqa.selenium.remote.http.AbstractHttpResponseCodec.decode(AbstractHttpResponseCodec.java:80)
	at org.openqa.selenium.remote.http.AbstractHttpResponseCodec.decode(AbstractHttpResponseCodec.java:44)
	at org.openqa.selenium.remote.HttpCommandExecutor.execute(HttpCommandExecutor.java:160)
	at io.appium.java_client.remote.AppiumCommandExecutor.execute(AppiumCommandExecutor.java:129)
	at org.openqa.selenium.remote.RemoteWebDriver.execute(RemoteWebDriver.java:601)
	at io.appium.java_client.DefaultGenericMobileDriver.execute(DefaultGenericMobileDriver.java:42)
	at io.appium.java_client.AppiumDriver.execute(AppiumDriver.java:1)
	at io.appium.java_client.android.AndroidDriver.execute(AndroidDriver.java:1)
	at org.openqa.selenium.remote.RemoteWebDriver.findElement(RemoteWebDriver.java:371)
	at io.appium.java_client.DefaultGenericMobileDriver.findElement(DefaultGenericMobileDriver.java:62)
	at io.appium.java_client.AppiumDriver.findElement(AppiumDriver.java:1)
	at io.appium.java_client.android.AndroidDriver.findElement(AndroidDriver.java:1)
	at io.appium.java_client.FindsByAndroidUIAutomator.findElementByAndroidUIAutomator(FindsByAndroidUIAutomator.java:38)
	at core.UiObject.tap(UiObject.java:179)
	at api.apps.Pliro.pendingPage.PendingPage.tapConfirmLinkText(PendingPage.java:116)
	at tests.AppointmentConfirmTests.clickOnConfirmLinkText(AppointmentConfirmTests.java:15)
	at org.apache.maven.surefire.testng.TestNGExecutor.run(TestNGExecutor.java:283)
	at org.apache.maven.surefire.testng.TestNGXmlTestSuite.execute(TestNGXmlTestSuite.java:75)
	at org.apache.maven.surefire.testng.TestNGProvider.invoke(TestNGProvider.java:120)
	at org.apache.maven.surefire.booter.ForkedBooter.invokeProviderInSameClassLoader(ForkedBooter.java:373)
	at org.apache.maven.surefire.booter.ForkedBooter.runSuitesInProcess(ForkedBooter.java:334)
	at org.apache.maven.surefire.booter.ForkedBooter.execute(ForkedBooter.java:119)
	at org.apache.maven.surefire.booter.ForkedBooter.main(ForkedBooter.java:407)
... Removed 24 stack frames]]>
    </failure>
  </testcase> <!-- clickOnConfirmLinkText -->
  <testcase name="isConfirmAppointmentTextVisible" time="10.654" classname="tests.AppointmentConfirmTests">
    <failure type="org.openqa.selenium.NoSuchElementException" message="An element could not be located on the page using the given search parameters. (WARNING: The server did not provide any stacktrace information)
Command duration or timeout: 0 milliseconds
For documentation on this error, please visit: http://seleniumhq.org/exceptions/no_such_element.html
Build info: version: &amp;apos;3.9.1&amp;apos;, revision: &amp;apos;63f7b50&amp;apos;, time: &amp;apos;2018-02-07T22:25:02.294Z&amp;apos;
System info: host: &amp;apos;KASHIFALI&amp;apos;, ip: &amp;apos;192.168.1.135&amp;apos;, os.name: &amp;apos;Windows 8.1&amp;apos;, os.arch: &amp;apos;amd64&amp;apos;, os.version: &amp;apos;6.3&amp;apos;, java.version: &amp;apos;1.8.0_25&amp;apos;
Driver info: io.appium.java_client.android.AndroidDriver
Capabilities {app: D:\pliro-mobile-2.0\automat..., appActivity: com.pliro_mobile_2.SplashAc..., appPackage: com.aurora.pliro, automationName: UiAutomator2, deviceName: emulator-5554, javascriptEnabled: true, newCommandTimeout: 30, platform: ANDROID, platformName: ANDROID, platformVersion: 7.1.1}
Session ID: 53f6dfe6-c93c-4343-b890-8e9ebbad1621
*** Element info: {Using=-android uiautomator, value=new UiSelector().text(&amp;quot;Confirm Appointment&amp;quot;)}">
      <![CDATA[org.openqa.selenium.NoSuchElementException: An element could not be located on the page using the given search parameters. (WARNING: The server did not provide any stacktrace information)
Command duration or timeout: 0 milliseconds
For documentation on this error, please visit: http://seleniumhq.org/exceptions/no_such_element.html
Build info: version: '3.9.1', revision: '63f7b50', time: '2018-02-07T22:25:02.294Z'
System info: host: 'KASHIFALI', ip: '192.168.1.135', os.name: 'Windows 8.1', os.arch: 'amd64', os.version: '6.3', java.version: '1.8.0_25'
Driver info: io.appium.java_client.android.AndroidDriver
Capabilities {app: D:\pliro-mobile-2.0\automat..., appActivity: com.pliro_mobile_2.SplashAc..., appPackage: com.aurora.pliro, automationName: UiAutomator2, deviceName: emulator-5554, javascriptEnabled: true, newCommandTimeout: 30, platform: ANDROID, platformName: ANDROID, platformVersion: 7.1.1}
Session ID: 53f6dfe6-c93c-4343-b890-8e9ebbad1621
*** Element info: {Using=-android uiautomator, value=new UiSelector().text("Confirm Appointment")}
	at org.openqa.selenium.remote.ErrorHandler.createThrowable(ErrorHandler.java:214)
	at org.openqa.selenium.remote.ErrorHandler.throwIfResponseFailed(ErrorHandler.java:166)
	at org.openqa.selenium.remote.http.JsonHttpResponseCodec.reconstructValue(JsonHttpResponseCodec.java:40)
	at org.openqa.selenium.remote.http.AbstractHttpResponseCodec.decode(AbstractHttpResponseCodec.java:80)
	at org.openqa.selenium.remote.http.AbstractHttpResponseCodec.decode(AbstractHttpResponseCodec.java:44)
	at org.openqa.selenium.remote.HttpCommandExecutor.execute(HttpCommandExecutor.java:160)
	at io.appium.java_client.remote.AppiumCommandExecutor.execute(AppiumCommandExecutor.java:129)
	at org.openqa.selenium.remote.RemoteWebDriver.execute(RemoteWebDriver.java:601)
	at io.appium.java_client.DefaultGenericMobileDriver.execute(DefaultGenericMobileDriver.java:42)
	at io.appium.java_client.AppiumDriver.execute(AppiumDriver.java:1)
	at io.appium.java_client.android.AndroidDriver.execute(AndroidDriver.java:1)
	at org.openqa.selenium.remote.RemoteWebDriver.findElement(RemoteWebDriver.java:371)
	at io.appium.java_client.DefaultGenericMobileDriver.findElement(DefaultGenericMobileDriver.java:62)
	at io.appium.java_client.AppiumDriver.findElement(AppiumDriver.java:1)
	at io.appium.java_client.android.AndroidDriver.findElement(AndroidDriver.java:1)
	at io.appium.java_client.FindsByAndroidUIAutomator.findElementByAndroidUIAutomator(FindsByAndroidUIAutomator.java:38)
	at core.UiObject.getText(UiObject.java:120)
	at api.apps.Pliro.pendingAppointment.PendingAppointmentPage.findConfirmAppointmentText(PendingAppointmentPage.java:19)
	at tests.AppointmentConfirmTests.isConfirmAppointmentTextVisible(AppointmentConfirmTests.java:20)
	at org.apache.maven.surefire.testng.TestNGExecutor.run(TestNGExecutor.java:283)
	at org.apache.maven.surefire.testng.TestNGXmlTestSuite.execute(TestNGXmlTestSuite.java:75)
	at org.apache.maven.surefire.testng.TestNGProvider.invoke(TestNGProvider.java:120)
	at org.apache.maven.surefire.booter.ForkedBooter.invokeProviderInSameClassLoader(ForkedBooter.java:373)
	at org.apache.maven.surefire.booter.ForkedBooter.runSuitesInProcess(ForkedBooter.java:334)
	at org.apache.maven.surefire.booter.ForkedBooter.execute(ForkedBooter.java:119)
	at org.apache.maven.surefire.booter.ForkedBooter.main(ForkedBooter.java:407)
... Removed 24 stack frames]]>
    </failure>
  </testcase> <!-- isConfirmAppointmentTextVisible -->
  <testcase name="isCancelTextVisible" time="0.001" classname="tests.AppointmentConfirmTests">
    <skipped/>
  </testcase> <!-- isCancelTextVisible -->
  <testcase name="isOkTextVisible" time="0.0" classname="tests.AppointmentConfirmTests">
    <skipped/>
  </testcase> <!-- isOkTextVisible -->
  <testcase name="clickOnCancelLinkText" time="0.001" classname="tests.AppointmentConfirmTests">
    <skipped/>
  </testcase> <!-- clickOnCancelLinkText -->
  <testcase name="clickOnCancelOklLinkText" time="0.0" classname="tests.AppointmentConfirmTests">
    <skipped/>
  </testcase> <!-- clickOnCancelOklLinkText -->
  <testcase name="clickOnRescheduleCancelLinkText" time="15.838" classname="tests.AppointmentRescheduleTests">
    <failure type="org.openqa.selenium.NoSuchElementException" message="An element could not be located on the page using the given search parameters. (WARNING: The server did not provide any stacktrace information)
Command duration or timeout: 0 milliseconds
For documentation on this error, please visit: http://seleniumhq.org/exceptions/no_such_element.html
Build info: version: &amp;apos;3.9.1&amp;apos;, revision: &amp;apos;63f7b50&amp;apos;, time: &amp;apos;2018-02-07T22:25:02.294Z&amp;apos;
System info: host: &amp;apos;KASHIFALI&amp;apos;, ip: &amp;apos;192.168.1.135&amp;apos;, os.name: &amp;apos;Windows 8.1&amp;apos;, os.arch: &amp;apos;amd64&amp;apos;, os.version: &amp;apos;6.3&amp;apos;, java.version: &amp;apos;1.8.0_25&amp;apos;
Driver info: io.appium.java_client.android.AndroidDriver
Capabilities {app: D:\pliro-mobile-2.0\automat..., appActivity: com.pliro_mobile_2.SplashAc..., appPackage: com.aurora.pliro, automationName: UiAutomator2, deviceName: emulator-5554, javascriptEnabled: true, newCommandTimeout: 30, platform: ANDROID, platformName: ANDROID, platformVersion: 7.1.1}
Session ID: 53f6dfe6-c93c-4343-b890-8e9ebbad1621
*** Element info: {Using=-android uiautomator, value=new UiSelector().text(&amp;quot;Reschedule&amp;quot;)}">
      <![CDATA[org.openqa.selenium.NoSuchElementException: An element could not be located on the page using the given search parameters. (WARNING: The server did not provide any stacktrace information)
Command duration or timeout: 0 milliseconds
For documentation on this error, please visit: http://seleniumhq.org/exceptions/no_such_element.html
Build info: version: '3.9.1', revision: '63f7b50', time: '2018-02-07T22:25:02.294Z'
System info: host: 'KASHIFALI', ip: '192.168.1.135', os.name: 'Windows 8.1', os.arch: 'amd64', os.version: '6.3', java.version: '1.8.0_25'
Driver info: io.appium.java_client.android.AndroidDriver
Capabilities {app: D:\pliro-mobile-2.0\automat..., appActivity: com.pliro_mobile_2.SplashAc..., appPackage: com.aurora.pliro, automationName: UiAutomator2, deviceName: emulator-5554, javascriptEnabled: true, newCommandTimeout: 30, platform: ANDROID, platformName: ANDROID, platformVersion: 7.1.1}
Session ID: 53f6dfe6-c93c-4343-b890-8e9ebbad1621
*** Element info: {Using=-android uiautomator, value=new UiSelector().text("Reschedule")}
	at org.openqa.selenium.remote.ErrorHandler.createThrowable(ErrorHandler.java:214)
	at org.openqa.selenium.remote.ErrorHandler.throwIfResponseFailed(ErrorHandler.java:166)
	at org.openqa.selenium.remote.http.JsonHttpResponseCodec.reconstructValue(JsonHttpResponseCodec.java:40)
	at org.openqa.selenium.remote.http.AbstractHttpResponseCodec.decode(AbstractHttpResponseCodec.java:80)
	at org.openqa.selenium.remote.http.AbstractHttpResponseCodec.decode(AbstractHttpResponseCodec.java:44)
	at org.openqa.selenium.remote.HttpCommandExecutor.execute(HttpCommandExecutor.java:160)
	at io.appium.java_client.remote.AppiumCommandExecutor.execute(AppiumCommandExecutor.java:129)
	at org.openqa.selenium.remote.RemoteWebDriver.execute(RemoteWebDriver.java:601)
	at io.appium.java_client.DefaultGenericMobileDriver.execute(DefaultGenericMobileDriver.java:42)
	at io.appium.java_client.AppiumDriver.execute(AppiumDriver.java:1)
	at io.appium.java_client.android.AndroidDriver.execute(AndroidDriver.java:1)
	at org.openqa.selenium.remote.RemoteWebDriver.findElement(RemoteWebDriver.java:371)
	at io.appium.java_client.DefaultGenericMobileDriver.findElement(DefaultGenericMobileDriver.java:62)
	at io.appium.java_client.AppiumDriver.findElement(AppiumDriver.java:1)
	at io.appium.java_client.android.AndroidDriver.findElement(AndroidDriver.java:1)
	at io.appium.java_client.FindsByAndroidUIAutomator.findElementByAndroidUIAutomator(FindsByAndroidUIAutomator.java:38)
	at core.UiObject.tap(UiObject.java:179)
	at api.apps.Pliro.pendingPage.PendingPage.tapRescheduleLinkText(PendingPage.java:148)
	at tests.AppointmentRescheduleTests.clickOnRescheduleCancelLinkText(AppointmentRescheduleTests.java:21)
	at org.apache.maven.surefire.testng.TestNGExecutor.run(TestNGExecutor.java:283)
	at org.apache.maven.surefire.testng.TestNGXmlTestSuite.execute(TestNGXmlTestSuite.java:75)
	at org.apache.maven.surefire.testng.TestNGProvider.invoke(TestNGProvider.java:120)
	at org.apache.maven.surefire.booter.ForkedBooter.invokeProviderInSameClassLoader(ForkedBooter.java:373)
	at org.apache.maven.surefire.booter.ForkedBooter.runSuitesInProcess(ForkedBooter.java:334)
	at org.apache.maven.surefire.booter.ForkedBooter.execute(ForkedBooter.java:119)
	at org.apache.maven.surefire.booter.ForkedBooter.main(ForkedBooter.java:407)
... Removed 24 stack frames]]>
    </failure>
  </testcase> <!-- clickOnRescheduleCancelLinkText -->
  <testcase name="clickOnRescheduleConfirmLinkText" time="16.03" classname="tests.AppointmentRescheduleTests">
    <failure type="org.openqa.selenium.NoSuchElementException" message="An element could not be located on the page using the given search parameters. (WARNING: The server did not provide any stacktrace information)
Command duration or timeout: 0 milliseconds
For documentation on this error, please visit: http://seleniumhq.org/exceptions/no_such_element.html
Build info: version: &amp;apos;3.9.1&amp;apos;, revision: &amp;apos;63f7b50&amp;apos;, time: &amp;apos;2018-02-07T22:25:02.294Z&amp;apos;
System info: host: &amp;apos;KASHIFALI&amp;apos;, ip: &amp;apos;192.168.1.135&amp;apos;, os.name: &amp;apos;Windows 8.1&amp;apos;, os.arch: &amp;apos;amd64&amp;apos;, os.version: &amp;apos;6.3&amp;apos;, java.version: &amp;apos;1.8.0_25&amp;apos;
Driver info: io.appium.java_client.android.AndroidDriver
Capabilities {app: D:\pliro-mobile-2.0\automat..., appActivity: com.pliro_mobile_2.SplashAc..., appPackage: com.aurora.pliro, automationName: UiAutomator2, deviceName: emulator-5554, javascriptEnabled: true, newCommandTimeout: 30, platform: ANDROID, platformName: ANDROID, platformVersion: 7.1.1}
Session ID: 53f6dfe6-c93c-4343-b890-8e9ebbad1621
*** Element info: {Using=-android uiautomator, value=new UiSelector().text(&amp;quot;Reschedule&amp;quot;)}">
      <![CDATA[org.openqa.selenium.NoSuchElementException: An element could not be located on the page using the given search parameters. (WARNING: The server did not provide any stacktrace information)
Command duration or timeout: 0 milliseconds
For documentation on this error, please visit: http://seleniumhq.org/exceptions/no_such_element.html
Build info: version: '3.9.1', revision: '63f7b50', time: '2018-02-07T22:25:02.294Z'
System info: host: 'KASHIFALI', ip: '192.168.1.135', os.name: 'Windows 8.1', os.arch: 'amd64', os.version: '6.3', java.version: '1.8.0_25'
Driver info: io.appium.java_client.android.AndroidDriver
Capabilities {app: D:\pliro-mobile-2.0\automat..., appActivity: com.pliro_mobile_2.SplashAc..., appPackage: com.aurora.pliro, automationName: UiAutomator2, deviceName: emulator-5554, javascriptEnabled: true, newCommandTimeout: 30, platform: ANDROID, platformName: ANDROID, platformVersion: 7.1.1}
Session ID: 53f6dfe6-c93c-4343-b890-8e9ebbad1621
*** Element info: {Using=-android uiautomator, value=new UiSelector().text("Reschedule")}
	at org.openqa.selenium.remote.ErrorHandler.createThrowable(ErrorHandler.java:214)
	at org.openqa.selenium.remote.ErrorHandler.throwIfResponseFailed(ErrorHandler.java:166)
	at org.openqa.selenium.remote.http.JsonHttpResponseCodec.reconstructValue(JsonHttpResponseCodec.java:40)
	at org.openqa.selenium.remote.http.AbstractHttpResponseCodec.decode(AbstractHttpResponseCodec.java:80)
	at org.openqa.selenium.remote.http.AbstractHttpResponseCodec.decode(AbstractHttpResponseCodec.java:44)
	at org.openqa.selenium.remote.HttpCommandExecutor.execute(HttpCommandExecutor.java:160)
	at io.appium.java_client.remote.AppiumCommandExecutor.execute(AppiumCommandExecutor.java:129)
	at org.openqa.selenium.remote.RemoteWebDriver.execute(RemoteWebDriver.java:601)
	at io.appium.java_client.DefaultGenericMobileDriver.execute(DefaultGenericMobileDriver.java:42)
	at io.appium.java_client.AppiumDriver.execute(AppiumDriver.java:1)
	at io.appium.java_client.android.AndroidDriver.execute(AndroidDriver.java:1)
	at org.openqa.selenium.remote.RemoteWebDriver.findElement(RemoteWebDriver.java:371)
	at io.appium.java_client.DefaultGenericMobileDriver.findElement(DefaultGenericMobileDriver.java:62)
	at io.appium.java_client.AppiumDriver.findElement(AppiumDriver.java:1)
	at io.appium.java_client.android.AndroidDriver.findElement(AndroidDriver.java:1)
	at io.appium.java_client.FindsByAndroidUIAutomator.findElementByAndroidUIAutomator(FindsByAndroidUIAutomator.java:38)
	at core.UiObject.tap(UiObject.java:179)
	at api.apps.Pliro.pendingPage.PendingPage.tapRescheduleLinkText(PendingPage.java:148)
	at tests.AppointmentRescheduleTests.clickOnRescheduleConfirmLinkText(AppointmentRescheduleTests.java:39)
	at org.apache.maven.surefire.testng.TestNGExecutor.run(TestNGExecutor.java:283)
	at org.apache.maven.surefire.testng.TestNGXmlTestSuite.execute(TestNGXmlTestSuite.java:75)
	at org.apache.maven.surefire.testng.TestNGProvider.invoke(TestNGProvider.java:120)
	at org.apache.maven.surefire.booter.ForkedBooter.invokeProviderInSameClassLoader(ForkedBooter.java:373)
	at org.apache.maven.surefire.booter.ForkedBooter.runSuitesInProcess(ForkedBooter.java:334)
	at org.apache.maven.surefire.booter.ForkedBooter.execute(ForkedBooter.java:119)
	at org.apache.maven.surefire.booter.ForkedBooter.main(ForkedBooter.java:407)
... Removed 24 stack frames]]>
    </failure>
  </testcase> <!-- clickOnRescheduleConfirmLinkText -->
  <testcase name="clickonsettingsText" time="5.407" classname="tests.DoctorSettingsPageTests">
    <failure type="org.openqa.selenium.NoSuchElementException" message="An element could not be located on the page using the given search parameters. (WARNING: The server did not provide any stacktrace information)
Command duration or timeout: 0 milliseconds
For documentation on this error, please visit: http://seleniumhq.org/exceptions/no_such_element.html
Build info: version: &amp;apos;3.9.1&amp;apos;, revision: &amp;apos;63f7b50&amp;apos;, time: &amp;apos;2018-02-07T22:25:02.294Z&amp;apos;
System info: host: &amp;apos;KASHIFALI&amp;apos;, ip: &amp;apos;192.168.1.135&amp;apos;, os.name: &amp;apos;Windows 8.1&amp;apos;, os.arch: &amp;apos;amd64&amp;apos;, os.version: &amp;apos;6.3&amp;apos;, java.version: &amp;apos;1.8.0_25&amp;apos;
Driver info: io.appium.java_client.android.AndroidDriver
Capabilities {app: D:\pliro-mobile-2.0\automat..., appActivity: com.pliro_mobile_2.SplashAc..., appPackage: com.aurora.pliro, automationName: UiAutomator2, deviceName: emulator-5554, javascriptEnabled: true, newCommandTimeout: 30, platform: ANDROID, platformName: ANDROID, platformVersion: 7.1.1}
Session ID: 53f6dfe6-c93c-4343-b890-8e9ebbad1621
*** Element info: {Using=xpath, value=/hierarchy/android.widget.FrameLayout/android.widget.LinearLayout/android.widget.FrameLayout/android.widget.LinearLayout/android.widget.FrameLayout/android.widget.RelativeLayout/android.widget.FrameLayout/android.widget.LinearLayout/android.widget.FrameLayout[4]/android.widget.ImageView}">
      <![CDATA[org.openqa.selenium.NoSuchElementException: An element could not be located on the page using the given search parameters. (WARNING: The server did not provide any stacktrace information)
Command duration or timeout: 0 milliseconds
For documentation on this error, please visit: http://seleniumhq.org/exceptions/no_such_element.html
Build info: version: '3.9.1', revision: '63f7b50', time: '2018-02-07T22:25:02.294Z'
System info: host: 'KASHIFALI', ip: '192.168.1.135', os.name: 'Windows 8.1', os.arch: 'amd64', os.version: '6.3', java.version: '1.8.0_25'
Driver info: io.appium.java_client.android.AndroidDriver
Capabilities {app: D:\pliro-mobile-2.0\automat..., appActivity: com.pliro_mobile_2.SplashAc..., appPackage: com.aurora.pliro, automationName: UiAutomator2, deviceName: emulator-5554, javascriptEnabled: true, newCommandTimeout: 30, platform: ANDROID, platformName: ANDROID, platformVersion: 7.1.1}
Session ID: 53f6dfe6-c93c-4343-b890-8e9ebbad1621
*** Element info: {Using=xpath, value=/hierarchy/android.widget.FrameLayout/android.widget.LinearLayout/android.widget.FrameLayout/android.widget.LinearLayout/android.widget.FrameLayout/android.widget.RelativeLayout/android.widget.FrameLayout/android.widget.LinearLayout/android.widget.FrameLayout[4]/android.widget.ImageView}
	at org.openqa.selenium.remote.ErrorHandler.createThrowable(ErrorHandler.java:214)
	at org.openqa.selenium.remote.ErrorHandler.throwIfResponseFailed(ErrorHandler.java:166)
	at org.openqa.selenium.remote.http.JsonHttpResponseCodec.reconstructValue(JsonHttpResponseCodec.java:40)
	at org.openqa.selenium.remote.http.AbstractHttpResponseCodec.decode(AbstractHttpResponseCodec.java:80)
	at org.openqa.selenium.remote.http.AbstractHttpResponseCodec.decode(AbstractHttpResponseCodec.java:44)
	at org.openqa.selenium.remote.HttpCommandExecutor.execute(HttpCommandExecutor.java:160)
	at io.appium.java_client.remote.AppiumCommandExecutor.execute(AppiumCommandExecutor.java:129)
	at org.openqa.selenium.remote.RemoteWebDriver.execute(RemoteWebDriver.java:601)
	at io.appium.java_client.DefaultGenericMobileDriver.execute(DefaultGenericMobileDriver.java:42)
	at io.appium.java_client.AppiumDriver.execute(AppiumDriver.java:1)
	at io.appium.java_client.android.AndroidDriver.execute(AndroidDriver.java:1)
	at org.openqa.selenium.remote.RemoteWebDriver.findElement(RemoteWebDriver.java:371)
	at io.appium.java_client.DefaultGenericMobileDriver.findElement(DefaultGenericMobileDriver.java:62)
	at io.appium.java_client.AppiumDriver.findElement(AppiumDriver.java:1)
	at io.appium.java_client.android.AndroidDriver.findElement(AndroidDriver.java:1)
	at org.openqa.selenium.remote.RemoteWebDriver.findElementByXPath(RemoteWebDriver.java:473)
	at io.appium.java_client.DefaultGenericMobileDriver.findElementByXPath(DefaultGenericMobileDriver.java:152)
	at io.appium.java_client.AppiumDriver.findElementByXPath(AppiumDriver.java:1)
	at io.appium.java_client.android.AndroidDriver.findElementByXPath(AndroidDriver.java:1)
	at core.UiObject.tap(UiObject.java:178)
	at api.apps.Pliro.settingsPage.SettingsPage.tapsettingsText(SettingsPage.java:47)
	at tests.DoctorSettingsPageTests.clickonsettingsText(DoctorSettingsPageTests.java:15)
	at org.apache.maven.surefire.testng.TestNGExecutor.run(TestNGExecutor.java:283)
	at org.apache.maven.surefire.testng.TestNGXmlTestSuite.execute(TestNGXmlTestSuite.java:75)
	at org.apache.maven.surefire.testng.TestNGProvider.invoke(TestNGProvider.java:120)
	at org.apache.maven.surefire.booter.ForkedBooter.invokeProviderInSameClassLoader(ForkedBooter.java:373)
	at org.apache.maven.surefire.booter.ForkedBooter.runSuitesInProcess(ForkedBooter.java:334)
	at org.apache.maven.surefire.booter.ForkedBooter.execute(ForkedBooter.java:119)
	at org.apache.maven.surefire.booter.ForkedBooter.main(ForkedBooter.java:407)
... Removed 24 stack frames]]>
    </failure>
  </testcase> <!-- clickonsettingsText -->
  <testcase name="findLogoutText" time="5.576" classname="tests.DoctorSettingsPageTests">
    <failure type="org.openqa.selenium.NoSuchElementException" message="An element could not be located on the page using the given search parameters. (WARNING: The server did not provide any stacktrace information)
Command duration or timeout: 0 milliseconds
For documentation on this error, please visit: http://seleniumhq.org/exceptions/no_such_element.html
Build info: version: &amp;apos;3.9.1&amp;apos;, revision: &amp;apos;63f7b50&amp;apos;, time: &amp;apos;2018-02-07T22:25:02.294Z&amp;apos;
System info: host: &amp;apos;KASHIFALI&amp;apos;, ip: &amp;apos;192.168.1.135&amp;apos;, os.name: &amp;apos;Windows 8.1&amp;apos;, os.arch: &amp;apos;amd64&amp;apos;, os.version: &amp;apos;6.3&amp;apos;, java.version: &amp;apos;1.8.0_25&amp;apos;
Driver info: io.appium.java_client.android.AndroidDriver
Capabilities {app: D:\pliro-mobile-2.0\automat..., appActivity: com.pliro_mobile_2.SplashAc..., appPackage: com.aurora.pliro, automationName: UiAutomator2, deviceName: emulator-5554, javascriptEnabled: true, newCommandTimeout: 30, platform: ANDROID, platformName: ANDROID, platformVersion: 7.1.1}
Session ID: 53f6dfe6-c93c-4343-b890-8e9ebbad1621
*** Element info: {Using=-android uiautomator, value=new UiSelector().text(&amp;quot;Logout&amp;quot;)}">
      <![CDATA[org.openqa.selenium.NoSuchElementException: An element could not be located on the page using the given search parameters. (WARNING: The server did not provide any stacktrace information)
Command duration or timeout: 0 milliseconds
For documentation on this error, please visit: http://seleniumhq.org/exceptions/no_such_element.html
Build info: version: '3.9.1', revision: '63f7b50', time: '2018-02-07T22:25:02.294Z'
System info: host: 'KASHIFALI', ip: '192.168.1.135', os.name: 'Windows 8.1', os.arch: 'amd64', os.version: '6.3', java.version: '1.8.0_25'
Driver info: io.appium.java_client.android.AndroidDriver
Capabilities {app: D:\pliro-mobile-2.0\automat..., appActivity: com.pliro_mobile_2.SplashAc..., appPackage: com.aurora.pliro, automationName: UiAutomator2, deviceName: emulator-5554, javascriptEnabled: true, newCommandTimeout: 30, platform: ANDROID, platformName: ANDROID, platformVersion: 7.1.1}
Session ID: 53f6dfe6-c93c-4343-b890-8e9ebbad1621
*** Element info: {Using=-android uiautomator, value=new UiSelector().text("Logout")}
	at org.openqa.selenium.remote.ErrorHandler.createThrowable(ErrorHandler.java:214)
	at org.openqa.selenium.remote.ErrorHandler.throwIfResponseFailed(ErrorHandler.java:166)
	at org.openqa.selenium.remote.http.JsonHttpResponseCodec.reconstructValue(JsonHttpResponseCodec.java:40)
	at org.openqa.selenium.remote.http.AbstractHttpResponseCodec.decode(AbstractHttpResponseCodec.java:80)
	at org.openqa.selenium.remote.http.AbstractHttpResponseCodec.decode(AbstractHttpResponseCodec.java:44)
	at org.openqa.selenium.remote.HttpCommandExecutor.execute(HttpCommandExecutor.java:160)
	at io.appium.java_client.remote.AppiumCommandExecutor.execute(AppiumCommandExecutor.java:129)
	at org.openqa.selenium.remote.RemoteWebDriver.execute(RemoteWebDriver.java:601)
	at io.appium.java_client.DefaultGenericMobileDriver.execute(DefaultGenericMobileDriver.java:42)
	at io.appium.java_client.AppiumDriver.execute(AppiumDriver.java:1)
	at io.appium.java_client.android.AndroidDriver.execute(AndroidDriver.java:1)
	at org.openqa.selenium.remote.RemoteWebDriver.findElement(RemoteWebDriver.java:371)
	at io.appium.java_client.DefaultGenericMobileDriver.findElement(DefaultGenericMobileDriver.java:62)
	at io.appium.java_client.AppiumDriver.findElement(AppiumDriver.java:1)
	at io.appium.java_client.android.AndroidDriver.findElement(AndroidDriver.java:1)
	at io.appium.java_client.FindsByAndroidUIAutomator.findElementByAndroidUIAutomator(FindsByAndroidUIAutomator.java:38)
	at core.UiObject.getText(UiObject.java:120)
	at api.apps.Pliro.settingsPage.SettingsPage.findLogoutTextLink(SettingsPage.java:24)
	at tests.DoctorSettingsPageTests.findLogoutText(DoctorSettingsPageTests.java:22)
	at org.apache.maven.surefire.testng.TestNGExecutor.run(TestNGExecutor.java:283)
	at org.apache.maven.surefire.testng.TestNGXmlTestSuite.execute(TestNGXmlTestSuite.java:75)
	at org.apache.maven.surefire.testng.TestNGProvider.invoke(TestNGProvider.java:120)
	at org.apache.maven.surefire.booter.ForkedBooter.invokeProviderInSameClassLoader(ForkedBooter.java:373)
	at org.apache.maven.surefire.booter.ForkedBooter.runSuitesInProcess(ForkedBooter.java:334)
	at org.apache.maven.surefire.booter.ForkedBooter.execute(ForkedBooter.java:119)
	at org.apache.maven.surefire.booter.ForkedBooter.main(ForkedBooter.java:407)
... Removed 24 stack frames]]>
    </failure>
  </testcase> <!-- findLogoutText -->
  <testcase name="isFindBestDoctorTextVisible" time="5.369" classname="tests.SkipLoginTests">
    <failure type="org.openqa.selenium.NoSuchElementException" message="An element could not be located on the page using the given search parameters. (WARNING: The server did not provide any stacktrace information)
Command duration or timeout: 0 milliseconds
For documentation on this error, please visit: http://seleniumhq.org/exceptions/no_such_element.html
Build info: version: &amp;apos;3.9.1&amp;apos;, revision: &amp;apos;63f7b50&amp;apos;, time: &amp;apos;2018-02-07T22:25:02.294Z&amp;apos;
System info: host: &amp;apos;KASHIFALI&amp;apos;, ip: &amp;apos;192.168.1.135&amp;apos;, os.name: &amp;apos;Windows 8.1&amp;apos;, os.arch: &amp;apos;amd64&amp;apos;, os.version: &amp;apos;6.3&amp;apos;, java.version: &amp;apos;1.8.0_25&amp;apos;
Driver info: io.appium.java_client.android.AndroidDriver
Capabilities {app: D:\pliro-mobile-2.0\automat..., appActivity: com.pliro_mobile_2.SplashAc..., appPackage: com.aurora.pliro, automationName: UiAutomator2, deviceName: emulator-5554, javascriptEnabled: true, newCommandTimeout: 30, platform: ANDROID, platformName: ANDROID, platformVersion: 7.1.1}
Session ID: 53f6dfe6-c93c-4343-b890-8e9ebbad1621
*** Element info: {Using=-android uiautomator, value=new UiSelector().text(&amp;quot;Find the best doctors nearby and book health appointments at available times.&amp;quot;)}">
      <![CDATA[org.openqa.selenium.NoSuchElementException: An element could not be located on the page using the given search parameters. (WARNING: The server did not provide any stacktrace information)
Command duration or timeout: 0 milliseconds
For documentation on this error, please visit: http://seleniumhq.org/exceptions/no_such_element.html
Build info: version: '3.9.1', revision: '63f7b50', time: '2018-02-07T22:25:02.294Z'
System info: host: 'KASHIFALI', ip: '192.168.1.135', os.name: 'Windows 8.1', os.arch: 'amd64', os.version: '6.3', java.version: '1.8.0_25'
Driver info: io.appium.java_client.android.AndroidDriver
Capabilities {app: D:\pliro-mobile-2.0\automat..., appActivity: com.pliro_mobile_2.SplashAc..., appPackage: com.aurora.pliro, automationName: UiAutomator2, deviceName: emulator-5554, javascriptEnabled: true, newCommandTimeout: 30, platform: ANDROID, platformName: ANDROID, platformVersion: 7.1.1}
Session ID: 53f6dfe6-c93c-4343-b890-8e9ebbad1621
*** Element info: {Using=-android uiautomator, value=new UiSelector().text("Find the best doctors nearby and book health appointments at available times.")}
	at org.openqa.selenium.remote.ErrorHandler.createThrowable(ErrorHandler.java:214)
	at org.openqa.selenium.remote.ErrorHandler.throwIfResponseFailed(ErrorHandler.java:166)
	at org.openqa.selenium.remote.http.JsonHttpResponseCodec.reconstructValue(JsonHttpResponseCodec.java:40)
	at org.openqa.selenium.remote.http.AbstractHttpResponseCodec.decode(AbstractHttpResponseCodec.java:80)
	at org.openqa.selenium.remote.http.AbstractHttpResponseCodec.decode(AbstractHttpResponseCodec.java:44)
	at org.openqa.selenium.remote.HttpCommandExecutor.execute(HttpCommandExecutor.java:160)
	at io.appium.java_client.remote.AppiumCommandExecutor.execute(AppiumCommandExecutor.java:129)
	at org.openqa.selenium.remote.RemoteWebDriver.execute(RemoteWebDriver.java:601)
	at io.appium.java_client.DefaultGenericMobileDriver.execute(DefaultGenericMobileDriver.java:42)
	at io.appium.java_client.AppiumDriver.execute(AppiumDriver.java:1)
	at io.appium.java_client.android.AndroidDriver.execute(AndroidDriver.java:1)
	at org.openqa.selenium.remote.RemoteWebDriver.findElement(RemoteWebDriver.java:371)
	at io.appium.java_client.DefaultGenericMobileDriver.findElement(DefaultGenericMobileDriver.java:62)
	at io.appium.java_client.AppiumDriver.findElement(AppiumDriver.java:1)
	at io.appium.java_client.android.AndroidDriver.findElement(AndroidDriver.java:1)
	at io.appium.java_client.FindsByAndroidUIAutomator.findElementByAndroidUIAutomator(FindsByAndroidUIAutomator.java:38)
	at core.UiObject.getText(UiObject.java:120)
	at api.apps.Pliro.lookingForDoctorPage.LookingForDoctorPage.findBestDoctorText(LookingForDoctorPage.java:28)
	at tests.SkipLoginTests.isFindBestDoctorTextVisible(SkipLoginTests.java:15)
	at org.apache.maven.surefire.testng.TestNGExecutor.run(TestNGExecutor.java:283)
	at org.apache.maven.surefire.testng.TestNGXmlTestSuite.execute(TestNGXmlTestSuite.java:75)
	at org.apache.maven.surefire.testng.TestNGProvider.invoke(TestNGProvider.java:120)
	at org.apache.maven.surefire.booter.ForkedBooter.invokeProviderInSameClassLoader(ForkedBooter.java:373)
	at org.apache.maven.surefire.booter.ForkedBooter.runSuitesInProcess(ForkedBooter.java:334)
	at org.apache.maven.surefire.booter.ForkedBooter.execute(ForkedBooter.java:119)
	at org.apache.maven.surefire.booter.ForkedBooter.main(ForkedBooter.java:407)
... Removed 24 stack frames]]>
    </failure>
  </testcase> <!-- isFindBestDoctorTextVisible -->
  <testcase name="isLoginWithEmailButtonVisible" time="0.0" classname="tests.SkipLoginTests">
    <skipped/>
  </testcase> <!-- isLoginWithEmailButtonVisible -->
  <testcase name="isSkipThisStepTextVisible" time="0.0" classname="tests.SkipLoginTests">
    <skipped/>
  </testcase> <!-- isSkipThisStepTextVisible -->
  <testcase name="isDontHaveAccountTextVisible" time="0.0" classname="tests.SkipLoginTests">
    <skipped/>
  </testcase> <!-- isDontHaveAccountTextVisible -->
  <testcase name="isSignupTextVisible" time="0.0" classname="tests.SkipLoginTests">
    <skipped/>
  </testcase> <!-- isSignupTextVisible -->
  <testcase name="tabSkipThisStepLinkText" time="0.0" classname="tests.SkipLoginTests">
    <skipped/>
  </testcase> <!-- tabSkipThisStepLinkText -->
  <testcase name="clickOnCONTINUEButton" time="0.0" classname="tests.SkipLoginTests">
    <skipped/>
  </testcase> <!-- clickOnCONTINUEButton -->
  <testcase name="isSearchButtonVisible" time="5.457" classname="tests.PublicViewAppointmentTests">
    <failure type="org.openqa.selenium.NoSuchElementException" message="An element could not be located on the page using the given search parameters. (WARNING: The server did not provide any stacktrace information)
Command duration or timeout: 0 milliseconds
For documentation on this error, please visit: http://seleniumhq.org/exceptions/no_such_element.html
Build info: version: &amp;apos;3.9.1&amp;apos;, revision: &amp;apos;63f7b50&amp;apos;, time: &amp;apos;2018-02-07T22:25:02.294Z&amp;apos;
System info: host: &amp;apos;KASHIFALI&amp;apos;, ip: &amp;apos;192.168.1.135&amp;apos;, os.name: &amp;apos;Windows 8.1&amp;apos;, os.arch: &amp;apos;amd64&amp;apos;, os.version: &amp;apos;6.3&amp;apos;, java.version: &amp;apos;1.8.0_25&amp;apos;
Driver info: io.appium.java_client.android.AndroidDriver
Capabilities {app: D:\pliro-mobile-2.0\automat..., appActivity: com.pliro_mobile_2.SplashAc..., appPackage: com.aurora.pliro, automationName: UiAutomator2, deviceName: emulator-5554, javascriptEnabled: true, newCommandTimeout: 30, platform: ANDROID, platformName: ANDROID, platformVersion: 7.1.1}
Session ID: 53f6dfe6-c93c-4343-b890-8e9ebbad1621
*** Element info: {Using=xpath, value=/hierarchy/android.widget.FrameLayout/android.widget.LinearLayout/android.widget.FrameLayout/android.widget.LinearLayout/android.widget.FrameLayout/android.widget.RelativeLayout/android.widget.FrameLayout/android.widget.LinearLayout/android.widget.FrameLayout[1]/android.widget.ImageView}">
      <![CDATA[org.openqa.selenium.NoSuchElementException: An element could not be located on the page using the given search parameters. (WARNING: The server did not provide any stacktrace information)
Command duration or timeout: 0 milliseconds
For documentation on this error, please visit: http://seleniumhq.org/exceptions/no_such_element.html
Build info: version: '3.9.1', revision: '63f7b50', time: '2018-02-07T22:25:02.294Z'
System info: host: 'KASHIFALI', ip: '192.168.1.135', os.name: 'Windows 8.1', os.arch: 'amd64', os.version: '6.3', java.version: '1.8.0_25'
Driver info: io.appium.java_client.android.AndroidDriver
Capabilities {app: D:\pliro-mobile-2.0\automat..., appActivity: com.pliro_mobile_2.SplashAc..., appPackage: com.aurora.pliro, automationName: UiAutomator2, deviceName: emulator-5554, javascriptEnabled: true, newCommandTimeout: 30, platform: ANDROID, platformName: ANDROID, platformVersion: 7.1.1}
Session ID: 53f6dfe6-c93c-4343-b890-8e9ebbad1621
*** Element info: {Using=xpath, value=/hierarchy/android.widget.FrameLayout/android.widget.LinearLayout/android.widget.FrameLayout/android.widget.LinearLayout/android.widget.FrameLayout/android.widget.RelativeLayout/android.widget.FrameLayout/android.widget.LinearLayout/android.widget.FrameLayout[1]/android.widget.ImageView}
	at org.openqa.selenium.remote.ErrorHandler.createThrowable(ErrorHandler.java:214)
	at org.openqa.selenium.remote.ErrorHandler.throwIfResponseFailed(ErrorHandler.java:166)
	at org.openqa.selenium.remote.http.JsonHttpResponseCodec.reconstructValue(JsonHttpResponseCodec.java:40)
	at org.openqa.selenium.remote.http.AbstractHttpResponseCodec.decode(AbstractHttpResponseCodec.java:80)
	at org.openqa.selenium.remote.http.AbstractHttpResponseCodec.decode(AbstractHttpResponseCodec.java:44)
	at org.openqa.selenium.remote.HttpCommandExecutor.execute(HttpCommandExecutor.java:160)
	at io.appium.java_client.remote.AppiumCommandExecutor.execute(AppiumCommandExecutor.java:129)
	at org.openqa.selenium.remote.RemoteWebDriver.execute(RemoteWebDriver.java:601)
	at io.appium.java_client.DefaultGenericMobileDriver.execute(DefaultGenericMobileDriver.java:42)
	at io.appium.java_client.AppiumDriver.execute(AppiumDriver.java:1)
	at io.appium.java_client.android.AndroidDriver.execute(AndroidDriver.java:1)
	at org.openqa.selenium.remote.RemoteWebDriver.findElement(RemoteWebDriver.java:371)
	at io.appium.java_client.DefaultGenericMobileDriver.findElement(DefaultGenericMobileDriver.java:62)
	at io.appium.java_client.AppiumDriver.findElement(AppiumDriver.java:1)
	at io.appium.java_client.android.AndroidDriver.findElement(AndroidDriver.java:1)
	at org.openqa.selenium.remote.RemoteWebDriver.findElementByXPath(RemoteWebDriver.java:473)
	at io.appium.java_client.DefaultGenericMobileDriver.findElementByXPath(DefaultGenericMobileDriver.java:152)
	at io.appium.java_client.AppiumDriver.findElementByXPath(AppiumDriver.java:1)
	at io.appium.java_client.android.AndroidDriver.findElementByXPath(AndroidDriver.java:1)
	at core.UiObject.tap(UiObject.java:178)
	at api.apps.Pliro.homeScreen.HomeScreenPage.tapHomeButton(HomeScreenPage.java:38)
	at tests.PublicViewAppointmentTests.isSearchButtonVisible(PublicViewAppointmentTests.java:16)
	at org.apache.maven.surefire.testng.TestNGExecutor.run(TestNGExecutor.java:283)
	at org.apache.maven.surefire.testng.TestNGXmlTestSuite.execute(TestNGXmlTestSuite.java:75)
	at org.apache.maven.surefire.testng.TestNGProvider.invoke(TestNGProvider.java:120)
	at org.apache.maven.surefire.booter.ForkedBooter.invokeProviderInSameClassLoader(ForkedBooter.java:373)
	at org.apache.maven.surefire.booter.ForkedBooter.runSuitesInProcess(ForkedBooter.java:334)
	at org.apache.maven.surefire.booter.ForkedBooter.execute(ForkedBooter.java:119)
	at org.apache.maven.surefire.booter.ForkedBooter.main(ForkedBooter.java:407)
... Removed 24 stack frames]]>
    </failure>
  </testcase> <!-- isSearchButtonVisible -->
  <testcase name="isSearchDiagnosticLinkTextVisible" time="5.324" classname="tests.PublicViewAppointmentTests">
    <failure type="org.openqa.selenium.NoSuchElementException" message="An element could not be located on the page using the given search parameters. (WARNING: The server did not provide any stacktrace information)
Command duration or timeout: 0 milliseconds
For documentation on this error, please visit: http://seleniumhq.org/exceptions/no_such_element.html
Build info: version: &amp;apos;3.9.1&amp;apos;, revision: &amp;apos;63f7b50&amp;apos;, time: &amp;apos;2018-02-07T22:25:02.294Z&amp;apos;
System info: host: &amp;apos;KASHIFALI&amp;apos;, ip: &amp;apos;192.168.1.135&amp;apos;, os.name: &amp;apos;Windows 8.1&amp;apos;, os.arch: &amp;apos;amd64&amp;apos;, os.version: &amp;apos;6.3&amp;apos;, java.version: &amp;apos;1.8.0_25&amp;apos;
Driver info: io.appium.java_client.android.AndroidDriver
Capabilities {app: D:\pliro-mobile-2.0\automat..., appActivity: com.pliro_mobile_2.SplashAc..., appPackage: com.aurora.pliro, automationName: UiAutomator2, deviceName: emulator-5554, javascriptEnabled: true, newCommandTimeout: 30, platform: ANDROID, platformName: ANDROID, platformVersion: 7.1.1}
Session ID: 53f6dfe6-c93c-4343-b890-8e9ebbad1621
*** Element info: {Using=-android uiautomator, value=new UiSelector().text(&amp;quot;Search Diagnostic&amp;quot;)}">
      <![CDATA[org.openqa.selenium.NoSuchElementException: An element could not be located on the page using the given search parameters. (WARNING: The server did not provide any stacktrace information)
Command duration or timeout: 0 milliseconds
For documentation on this error, please visit: http://seleniumhq.org/exceptions/no_such_element.html
Build info: version: '3.9.1', revision: '63f7b50', time: '2018-02-07T22:25:02.294Z'
System info: host: 'KASHIFALI', ip: '192.168.1.135', os.name: 'Windows 8.1', os.arch: 'amd64', os.version: '6.3', java.version: '1.8.0_25'
Driver info: io.appium.java_client.android.AndroidDriver
Capabilities {app: D:\pliro-mobile-2.0\automat..., appActivity: com.pliro_mobile_2.SplashAc..., appPackage: com.aurora.pliro, automationName: UiAutomator2, deviceName: emulator-5554, javascriptEnabled: true, newCommandTimeout: 30, platform: ANDROID, platformName: ANDROID, platformVersion: 7.1.1}
Session ID: 53f6dfe6-c93c-4343-b890-8e9ebbad1621
*** Element info: {Using=-android uiautomator, value=new UiSelector().text("Search Diagnostic")}
	at org.openqa.selenium.remote.ErrorHandler.createThrowable(ErrorHandler.java:214)
	at org.openqa.selenium.remote.ErrorHandler.throwIfResponseFailed(ErrorHandler.java:166)
	at org.openqa.selenium.remote.http.JsonHttpResponseCodec.reconstructValue(JsonHttpResponseCodec.java:40)
	at org.openqa.selenium.remote.http.AbstractHttpResponseCodec.decode(AbstractHttpResponseCodec.java:80)
	at org.openqa.selenium.remote.http.AbstractHttpResponseCodec.decode(AbstractHttpResponseCodec.java:44)
	at org.openqa.selenium.remote.HttpCommandExecutor.execute(HttpCommandExecutor.java:160)
	at io.appium.java_client.remote.AppiumCommandExecutor.execute(AppiumCommandExecutor.java:129)
	at org.openqa.selenium.remote.RemoteWebDriver.execute(RemoteWebDriver.java:601)
	at io.appium.java_client.DefaultGenericMobileDriver.execute(DefaultGenericMobileDriver.java:42)
	at io.appium.java_client.AppiumDriver.execute(AppiumDriver.java:1)
	at io.appium.java_client.android.AndroidDriver.execute(AndroidDriver.java:1)
	at org.openqa.selenium.remote.RemoteWebDriver.findElement(RemoteWebDriver.java:371)
	at io.appium.java_client.DefaultGenericMobileDriver.findElement(DefaultGenericMobileDriver.java:62)
	at io.appium.java_client.AppiumDriver.findElement(AppiumDriver.java:1)
	at io.appium.java_client.android.AndroidDriver.findElement(AndroidDriver.java:1)
	at io.appium.java_client.FindsByAndroidUIAutomator.findElementByAndroidUIAutomator(FindsByAndroidUIAutomator.java:38)
	at core.UiObject.getText(UiObject.java:120)
	at api.apps.Pliro.homeScreen.HomeScreenPage.findSearchDiagnosticButton(HomeScreenPage.java:27)
	at tests.PublicViewAppointmentTests.isSearchDiagnosticLinkTextVisible(PublicViewAppointmentTests.java:29)
	at org.apache.maven.surefire.testng.TestNGExecutor.run(TestNGExecutor.java:283)
	at org.apache.maven.surefire.testng.TestNGXmlTestSuite.execute(TestNGXmlTestSuite.java:75)
	at org.apache.maven.surefire.testng.TestNGProvider.invoke(TestNGProvider.java:120)
	at org.apache.maven.surefire.booter.ForkedBooter.invokeProviderInSameClassLoader(ForkedBooter.java:373)
	at org.apache.maven.surefire.booter.ForkedBooter.runSuitesInProcess(ForkedBooter.java:334)
	at org.apache.maven.surefire.booter.ForkedBooter.execute(ForkedBooter.java:119)
	at org.apache.maven.surefire.booter.ForkedBooter.main(ForkedBooter.java:407)
... Removed 24 stack frames]]>
    </failure>
  </testcase> <!-- isSearchDiagnosticLinkTextVisible -->
  <testcase name="isTapToSelectLinkTextVisible" time="5.332" classname="tests.PublicViewAppointmentTests">
    <failure type="org.openqa.selenium.NoSuchElementException" message="An element could not be located on the page using the given search parameters. (WARNING: The server did not provide any stacktrace information)
Command duration or timeout: 0 milliseconds
For documentation on this error, please visit: http://seleniumhq.org/exceptions/no_such_element.html
Build info: version: &amp;apos;3.9.1&amp;apos;, revision: &amp;apos;63f7b50&amp;apos;, time: &amp;apos;2018-02-07T22:25:02.294Z&amp;apos;
System info: host: &amp;apos;KASHIFALI&amp;apos;, ip: &amp;apos;192.168.1.135&amp;apos;, os.name: &amp;apos;Windows 8.1&amp;apos;, os.arch: &amp;apos;amd64&amp;apos;, os.version: &amp;apos;6.3&amp;apos;, java.version: &amp;apos;1.8.0_25&amp;apos;
Driver info: io.appium.java_client.android.AndroidDriver
Capabilities {app: D:\pliro-mobile-2.0\automat..., appActivity: com.pliro_mobile_2.SplashAc..., appPackage: com.aurora.pliro, automationName: UiAutomator2, deviceName: emulator-5554, javascriptEnabled: true, newCommandTimeout: 30, platform: ANDROID, platformName: ANDROID, platformVersion: 7.1.1}
Session ID: 53f6dfe6-c93c-4343-b890-8e9ebbad1621
*** Element info: {Using=-android uiautomator, value=new UiSelector().text(&amp;quot;Specialty, doctor, or health center&amp;quot;)}">
      <![CDATA[org.openqa.selenium.NoSuchElementException: An element could not be located on the page using the given search parameters. (WARNING: The server did not provide any stacktrace information)
Command duration or timeout: 0 milliseconds
For documentation on this error, please visit: http://seleniumhq.org/exceptions/no_such_element.html
Build info: version: '3.9.1', revision: '63f7b50', time: '2018-02-07T22:25:02.294Z'
System info: host: 'KASHIFALI', ip: '192.168.1.135', os.name: 'Windows 8.1', os.arch: 'amd64', os.version: '6.3', java.version: '1.8.0_25'
Driver info: io.appium.java_client.android.AndroidDriver
Capabilities {app: D:\pliro-mobile-2.0\automat..., appActivity: com.pliro_mobile_2.SplashAc..., appPackage: com.aurora.pliro, automationName: UiAutomator2, deviceName: emulator-5554, javascriptEnabled: true, newCommandTimeout: 30, platform: ANDROID, platformName: ANDROID, platformVersion: 7.1.1}
Session ID: 53f6dfe6-c93c-4343-b890-8e9ebbad1621
*** Element info: {Using=-android uiautomator, value=new UiSelector().text("Specialty, doctor, or health center")}
	at org.openqa.selenium.remote.ErrorHandler.createThrowable(ErrorHandler.java:214)
	at org.openqa.selenium.remote.ErrorHandler.throwIfResponseFailed(ErrorHandler.java:166)
	at org.openqa.selenium.remote.http.JsonHttpResponseCodec.reconstructValue(JsonHttpResponseCodec.java:40)
	at org.openqa.selenium.remote.http.AbstractHttpResponseCodec.decode(AbstractHttpResponseCodec.java:80)
	at org.openqa.selenium.remote.http.AbstractHttpResponseCodec.decode(AbstractHttpResponseCodec.java:44)
	at org.openqa.selenium.remote.HttpCommandExecutor.execute(HttpCommandExecutor.java:160)
	at io.appium.java_client.remote.AppiumCommandExecutor.execute(AppiumCommandExecutor.java:129)
	at org.openqa.selenium.remote.RemoteWebDriver.execute(RemoteWebDriver.java:601)
	at io.appium.java_client.DefaultGenericMobileDriver.execute(DefaultGenericMobileDriver.java:42)
	at io.appium.java_client.AppiumDriver.execute(AppiumDriver.java:1)
	at io.appium.java_client.android.AndroidDriver.execute(AndroidDriver.java:1)
	at org.openqa.selenium.remote.RemoteWebDriver.findElement(RemoteWebDriver.java:371)
	at io.appium.java_client.DefaultGenericMobileDriver.findElement(DefaultGenericMobileDriver.java:62)
	at io.appium.java_client.AppiumDriver.findElement(AppiumDriver.java:1)
	at io.appium.java_client.android.AndroidDriver.findElement(AndroidDriver.java:1)
	at io.appium.java_client.FindsByAndroidUIAutomator.findElementByAndroidUIAutomator(FindsByAndroidUIAutomator.java:38)
	at core.UiObject.getText(UiObject.java:120)
	at api.apps.Pliro.homeScreen.HomeScreenPage.getTapToSelectText(HomeScreenPage.java:50)
	at tests.PublicViewAppointmentTests.isTapToSelectLinkTextVisible(PublicViewAppointmentTests.java:36)
	at org.apache.maven.surefire.testng.TestNGExecutor.run(TestNGExecutor.java:283)
	at org.apache.maven.surefire.testng.TestNGXmlTestSuite.execute(TestNGXmlTestSuite.java:75)
	at org.apache.maven.surefire.testng.TestNGProvider.invoke(TestNGProvider.java:120)
	at org.apache.maven.surefire.booter.ForkedBooter.invokeProviderInSameClassLoader(ForkedBooter.java:373)
	at org.apache.maven.surefire.booter.ForkedBooter.runSuitesInProcess(ForkedBooter.java:334)
	at org.apache.maven.surefire.booter.ForkedBooter.execute(ForkedBooter.java:119)
	at org.apache.maven.surefire.booter.ForkedBooter.main(ForkedBooter.java:407)
... Removed 24 stack frames]]>
    </failure>
  </testcase> <!-- isTapToSelectLinkTextVisible -->
  <testcase name="isSelectionLocationLinkTextVisible" time="5.26" classname="tests.PublicViewAppointmentTests">
    <failure type="org.openqa.selenium.NoSuchElementException" message="An element could not be located on the page using the given search parameters. (WARNING: The server did not provide any stacktrace information)
Command duration or timeout: 0 milliseconds
For documentation on this error, please visit: http://seleniumhq.org/exceptions/no_such_element.html
Build info: version: &amp;apos;3.9.1&amp;apos;, revision: &amp;apos;63f7b50&amp;apos;, time: &amp;apos;2018-02-07T22:25:02.294Z&amp;apos;
System info: host: &amp;apos;KASHIFALI&amp;apos;, ip: &amp;apos;192.168.1.135&amp;apos;, os.name: &amp;apos;Windows 8.1&amp;apos;, os.arch: &amp;apos;amd64&amp;apos;, os.version: &amp;apos;6.3&amp;apos;, java.version: &amp;apos;1.8.0_25&amp;apos;
Driver info: io.appium.java_client.android.AndroidDriver
Capabilities {app: D:\pliro-mobile-2.0\automat..., appActivity: com.pliro_mobile_2.SplashAc..., appPackage: com.aurora.pliro, automationName: UiAutomator2, deviceName: emulator-5554, javascriptEnabled: true, newCommandTimeout: 30, platform: ANDROID, platformName: ANDROID, platformVersion: 7.1.1}
Session ID: 53f6dfe6-c93c-4343-b890-8e9ebbad1621
*** Element info: {Using=-android uiautomator, value=new UiSelector().text(&amp;quot;Select location&amp;quot;)}">
      <![CDATA[org.openqa.selenium.NoSuchElementException: An element could not be located on the page using the given search parameters. (WARNING: The server did not provide any stacktrace information)
Command duration or timeout: 0 milliseconds
For documentation on this error, please visit: http://seleniumhq.org/exceptions/no_such_element.html
Build info: version: '3.9.1', revision: '63f7b50', time: '2018-02-07T22:25:02.294Z'
System info: host: 'KASHIFALI', ip: '192.168.1.135', os.name: 'Windows 8.1', os.arch: 'amd64', os.version: '6.3', java.version: '1.8.0_25'
Driver info: io.appium.java_client.android.AndroidDriver
Capabilities {app: D:\pliro-mobile-2.0\automat..., appActivity: com.pliro_mobile_2.SplashAc..., appPackage: com.aurora.pliro, automationName: UiAutomator2, deviceName: emulator-5554, javascriptEnabled: true, newCommandTimeout: 30, platform: ANDROID, platformName: ANDROID, platformVersion: 7.1.1}
Session ID: 53f6dfe6-c93c-4343-b890-8e9ebbad1621
*** Element info: {Using=-android uiautomator, value=new UiSelector().text("Select location")}
	at org.openqa.selenium.remote.ErrorHandler.createThrowable(ErrorHandler.java:214)
	at org.openqa.selenium.remote.ErrorHandler.throwIfResponseFailed(ErrorHandler.java:166)
	at org.openqa.selenium.remote.http.JsonHttpResponseCodec.reconstructValue(JsonHttpResponseCodec.java:40)
	at org.openqa.selenium.remote.http.AbstractHttpResponseCodec.decode(AbstractHttpResponseCodec.java:80)
	at org.openqa.selenium.remote.http.AbstractHttpResponseCodec.decode(AbstractHttpResponseCodec.java:44)
	at org.openqa.selenium.remote.HttpCommandExecutor.execute(HttpCommandExecutor.java:160)
	at io.appium.java_client.remote.AppiumCommandExecutor.execute(AppiumCommandExecutor.java:129)
	at org.openqa.selenium.remote.RemoteWebDriver.execute(RemoteWebDriver.java:601)
	at io.appium.java_client.DefaultGenericMobileDriver.execute(DefaultGenericMobileDriver.java:42)
	at io.appium.java_client.AppiumDriver.execute(AppiumDriver.java:1)
	at io.appium.java_client.android.AndroidDriver.execute(AndroidDriver.java:1)
	at org.openqa.selenium.remote.RemoteWebDriver.findElement(RemoteWebDriver.java:371)
	at io.appium.java_client.DefaultGenericMobileDriver.findElement(DefaultGenericMobileDriver.java:62)
	at io.appium.java_client.AppiumDriver.findElement(AppiumDriver.java:1)
	at io.appium.java_client.android.AndroidDriver.findElement(AndroidDriver.java:1)
	at io.appium.java_client.FindsByAndroidUIAutomator.findElementByAndroidUIAutomator(FindsByAndroidUIAutomator.java:38)
	at core.UiObject.getText(UiObject.java:120)
	at api.apps.Pliro.homeScreen.HomeScreenPage.isSelectionLinkTextVisible(HomeScreenPage.java:92)
	at tests.PublicViewAppointmentTests.isSelectionLocationLinkTextVisible(PublicViewAppointmentTests.java:43)
	at org.apache.maven.surefire.testng.TestNGExecutor.run(TestNGExecutor.java:283)
	at org.apache.maven.surefire.testng.TestNGXmlTestSuite.execute(TestNGXmlTestSuite.java:75)
	at org.apache.maven.surefire.testng.TestNGProvider.invoke(TestNGProvider.java:120)
	at org.apache.maven.surefire.booter.ForkedBooter.invokeProviderInSameClassLoader(ForkedBooter.java:373)
	at org.apache.maven.surefire.booter.ForkedBooter.runSuitesInProcess(ForkedBooter.java:334)
	at org.apache.maven.surefire.booter.ForkedBooter.execute(ForkedBooter.java:119)
	at org.apache.maven.surefire.booter.ForkedBooter.main(ForkedBooter.java:407)
... Removed 24 stack frames]]>
    </failure>
  </testcase> <!-- isSelectionLocationLinkTextVisible -->
  <testcase name="isFindDoctorButtonVisible" time="5.287" classname="tests.PublicViewAppointmentTests">
    <failure type="org.openqa.selenium.NoSuchElementException" message="An element could not be located on the page using the given search parameters. (WARNING: The server did not provide any stacktrace information)
Command duration or timeout: 0 milliseconds
For documentation on this error, please visit: http://seleniumhq.org/exceptions/no_such_element.html
Build info: version: &amp;apos;3.9.1&amp;apos;, revision: &amp;apos;63f7b50&amp;apos;, time: &amp;apos;2018-02-07T22:25:02.294Z&amp;apos;
System info: host: &amp;apos;KASHIFALI&amp;apos;, ip: &amp;apos;192.168.1.135&amp;apos;, os.name: &amp;apos;Windows 8.1&amp;apos;, os.arch: &amp;apos;amd64&amp;apos;, os.version: &amp;apos;6.3&amp;apos;, java.version: &amp;apos;1.8.0_25&amp;apos;
Driver info: io.appium.java_client.android.AndroidDriver
Capabilities {app: D:\pliro-mobile-2.0\automat..., appActivity: com.pliro_mobile_2.SplashAc..., appPackage: com.aurora.pliro, automationName: UiAutomator2, deviceName: emulator-5554, javascriptEnabled: true, newCommandTimeout: 30, platform: ANDROID, platformName: ANDROID, platformVersion: 7.1.1}
Session ID: 53f6dfe6-c93c-4343-b890-8e9ebbad1621
*** Element info: {Using=-android uiautomator, value=new UiSelector().text(&amp;quot;FIND DOCTOR&amp;quot;)}">
      <![CDATA[org.openqa.selenium.NoSuchElementException: An element could not be located on the page using the given search parameters. (WARNING: The server did not provide any stacktrace information)
Command duration or timeout: 0 milliseconds
For documentation on this error, please visit: http://seleniumhq.org/exceptions/no_such_element.html
Build info: version: '3.9.1', revision: '63f7b50', time: '2018-02-07T22:25:02.294Z'
System info: host: 'KASHIFALI', ip: '192.168.1.135', os.name: 'Windows 8.1', os.arch: 'amd64', os.version: '6.3', java.version: '1.8.0_25'
Driver info: io.appium.java_client.android.AndroidDriver
Capabilities {app: D:\pliro-mobile-2.0\automat..., appActivity: com.pliro_mobile_2.SplashAc..., appPackage: com.aurora.pliro, automationName: UiAutomator2, deviceName: emulator-5554, javascriptEnabled: true, newCommandTimeout: 30, platform: ANDROID, platformName: ANDROID, platformVersion: 7.1.1}
Session ID: 53f6dfe6-c93c-4343-b890-8e9ebbad1621
*** Element info: {Using=-android uiautomator, value=new UiSelector().text("FIND DOCTOR")}
	at org.openqa.selenium.remote.ErrorHandler.createThrowable(ErrorHandler.java:214)
	at org.openqa.selenium.remote.ErrorHandler.throwIfResponseFailed(ErrorHandler.java:166)
	at org.openqa.selenium.remote.http.JsonHttpResponseCodec.reconstructValue(JsonHttpResponseCodec.java:40)
	at org.openqa.selenium.remote.http.AbstractHttpResponseCodec.decode(AbstractHttpResponseCodec.java:80)
	at org.openqa.selenium.remote.http.AbstractHttpResponseCodec.decode(AbstractHttpResponseCodec.java:44)
	at org.openqa.selenium.remote.HttpCommandExecutor.execute(HttpCommandExecutor.java:160)
	at io.appium.java_client.remote.AppiumCommandExecutor.execute(AppiumCommandExecutor.java:129)
	at org.openqa.selenium.remote.RemoteWebDriver.execute(RemoteWebDriver.java:601)
	at io.appium.java_client.DefaultGenericMobileDriver.execute(DefaultGenericMobileDriver.java:42)
	at io.appium.java_client.AppiumDriver.execute(AppiumDriver.java:1)
	at io.appium.java_client.android.AndroidDriver.execute(AndroidDriver.java:1)
	at org.openqa.selenium.remote.RemoteWebDriver.findElement(RemoteWebDriver.java:371)
	at io.appium.java_client.DefaultGenericMobileDriver.findElement(DefaultGenericMobileDriver.java:62)
	at io.appium.java_client.AppiumDriver.findElement(AppiumDriver.java:1)
	at io.appium.java_client.android.AndroidDriver.findElement(AndroidDriver.java:1)
	at io.appium.java_client.FindsByAndroidUIAutomator.findElementByAndroidUIAutomator(FindsByAndroidUIAutomator.java:38)
	at core.UiObject.getText(UiObject.java:120)
	at api.apps.Pliro.homeScreen.HomeScreenPage.isFindDoctorButtonVisible(HomeScreenPage.java:166)
	at tests.PublicViewAppointmentTests.isFindDoctorButtonVisible(PublicViewAppointmentTests.java:50)
	at org.apache.maven.surefire.testng.TestNGExecutor.run(TestNGExecutor.java:283)
	at org.apache.maven.surefire.testng.TestNGXmlTestSuite.execute(TestNGXmlTestSuite.java:75)
	at org.apache.maven.surefire.testng.TestNGProvider.invoke(TestNGProvider.java:120)
	at org.apache.maven.surefire.booter.ForkedBooter.invokeProviderInSameClassLoader(ForkedBooter.java:373)
	at org.apache.maven.surefire.booter.ForkedBooter.runSuitesInProcess(ForkedBooter.java:334)
	at org.apache.maven.surefire.booter.ForkedBooter.execute(ForkedBooter.java:119)
	at org.apache.maven.surefire.booter.ForkedBooter.main(ForkedBooter.java:407)
... Removed 24 stack frames]]>
    </failure>
  </testcase> <!-- isFindDoctorButtonVisible -->
  <testcase name="isMoreSpecialitiesLinkTextVisible" time="5.307" classname="tests.PublicViewAppointmentTests">
    <failure type="org.openqa.selenium.NoSuchElementException" message="An element could not be located on the page using the given search parameters. (WARNING: The server did not provide any stacktrace information)
Command duration or timeout: 0 milliseconds
For documentation on this error, please visit: http://seleniumhq.org/exceptions/no_such_element.html
Build info: version: &amp;apos;3.9.1&amp;apos;, revision: &amp;apos;63f7b50&amp;apos;, time: &amp;apos;2018-02-07T22:25:02.294Z&amp;apos;
System info: host: &amp;apos;KASHIFALI&amp;apos;, ip: &amp;apos;192.168.1.135&amp;apos;, os.name: &amp;apos;Windows 8.1&amp;apos;, os.arch: &amp;apos;amd64&amp;apos;, os.version: &amp;apos;6.3&amp;apos;, java.version: &amp;apos;1.8.0_25&amp;apos;
Driver info: io.appium.java_client.android.AndroidDriver
Capabilities {app: D:\pliro-mobile-2.0\automat..., appActivity: com.pliro_mobile_2.SplashAc..., appPackage: com.aurora.pliro, automationName: UiAutomator2, deviceName: emulator-5554, javascriptEnabled: true, newCommandTimeout: 30, platform: ANDROID, platformName: ANDROID, platformVersion: 7.1.1}
Session ID: 53f6dfe6-c93c-4343-b890-8e9ebbad1621
*** Element info: {Using=-android uiautomator, value=new UiSelector().text(&amp;quot;More Specialities&amp;quot;)}">
      <![CDATA[org.openqa.selenium.NoSuchElementException: An element could not be located on the page using the given search parameters. (WARNING: The server did not provide any stacktrace information)
Command duration or timeout: 0 milliseconds
For documentation on this error, please visit: http://seleniumhq.org/exceptions/no_such_element.html
Build info: version: '3.9.1', revision: '63f7b50', time: '2018-02-07T22:25:02.294Z'
System info: host: 'KASHIFALI', ip: '192.168.1.135', os.name: 'Windows 8.1', os.arch: 'amd64', os.version: '6.3', java.version: '1.8.0_25'
Driver info: io.appium.java_client.android.AndroidDriver
Capabilities {app: D:\pliro-mobile-2.0\automat..., appActivity: com.pliro_mobile_2.SplashAc..., appPackage: com.aurora.pliro, automationName: UiAutomator2, deviceName: emulator-5554, javascriptEnabled: true, newCommandTimeout: 30, platform: ANDROID, platformName: ANDROID, platformVersion: 7.1.1}
Session ID: 53f6dfe6-c93c-4343-b890-8e9ebbad1621
*** Element info: {Using=-android uiautomator, value=new UiSelector().text("More Specialities")}
	at org.openqa.selenium.remote.ErrorHandler.createThrowable(ErrorHandler.java:214)
	at org.openqa.selenium.remote.ErrorHandler.throwIfResponseFailed(ErrorHandler.java:166)
	at org.openqa.selenium.remote.http.JsonHttpResponseCodec.reconstructValue(JsonHttpResponseCodec.java:40)
	at org.openqa.selenium.remote.http.AbstractHttpResponseCodec.decode(AbstractHttpResponseCodec.java:80)
	at org.openqa.selenium.remote.http.AbstractHttpResponseCodec.decode(AbstractHttpResponseCodec.java:44)
	at org.openqa.selenium.remote.HttpCommandExecutor.execute(HttpCommandExecutor.java:160)
	at io.appium.java_client.remote.AppiumCommandExecutor.execute(AppiumCommandExecutor.java:129)
	at org.openqa.selenium.remote.RemoteWebDriver.execute(RemoteWebDriver.java:601)
	at io.appium.java_client.DefaultGenericMobileDriver.execute(DefaultGenericMobileDriver.java:42)
	at io.appium.java_client.AppiumDriver.execute(AppiumDriver.java:1)
	at io.appium.java_client.android.AndroidDriver.execute(AndroidDriver.java:1)
	at org.openqa.selenium.remote.RemoteWebDriver.findElement(RemoteWebDriver.java:371)
	at io.appium.java_client.DefaultGenericMobileDriver.findElement(DefaultGenericMobileDriver.java:62)
	at io.appium.java_client.AppiumDriver.findElement(AppiumDriver.java:1)
	at io.appium.java_client.android.AndroidDriver.findElement(AndroidDriver.java:1)
	at io.appium.java_client.FindsByAndroidUIAutomator.findElementByAndroidUIAutomator(FindsByAndroidUIAutomator.java:38)
	at core.UiObject.getText(UiObject.java:120)
	at api.apps.Pliro.homeScreen.HomeScreenPage.findMoreSpecialitiesLinkText(HomeScreenPage.java:125)
	at tests.PublicViewAppointmentTests.isMoreSpecialitiesLinkTextVisible(PublicViewAppointmentTests.java:57)
	at org.apache.maven.surefire.testng.TestNGExecutor.run(TestNGExecutor.java:283)
	at org.apache.maven.surefire.testng.TestNGXmlTestSuite.execute(TestNGXmlTestSuite.java:75)
	at org.apache.maven.surefire.testng.TestNGProvider.invoke(TestNGProvider.java:120)
	at org.apache.maven.surefire.booter.ForkedBooter.invokeProviderInSameClassLoader(ForkedBooter.java:373)
	at org.apache.maven.surefire.booter.ForkedBooter.runSuitesInProcess(ForkedBooter.java:334)
	at org.apache.maven.surefire.booter.ForkedBooter.execute(ForkedBooter.java:119)
	at org.apache.maven.surefire.booter.ForkedBooter.main(ForkedBooter.java:407)
... Removed 24 stack frames]]>
    </failure>
  </testcase> <!-- isMoreSpecialitiesLinkTextVisible -->
  <testcase name="clickOnTapToSelectDropDown" time="5.274" classname="tests.PublicViewAppointmentTests">
    <failure type="org.openqa.selenium.NoSuchElementException" message="An element could not be located on the page using the given search parameters. (WARNING: The server did not provide any stacktrace information)
Command duration or timeout: 0 milliseconds
For documentation on this error, please visit: http://seleniumhq.org/exceptions/no_such_element.html
Build info: version: &amp;apos;3.9.1&amp;apos;, revision: &amp;apos;63f7b50&amp;apos;, time: &amp;apos;2018-02-07T22:25:02.294Z&amp;apos;
System info: host: &amp;apos;KASHIFALI&amp;apos;, ip: &amp;apos;192.168.1.135&amp;apos;, os.name: &amp;apos;Windows 8.1&amp;apos;, os.arch: &amp;apos;amd64&amp;apos;, os.version: &amp;apos;6.3&amp;apos;, java.version: &amp;apos;1.8.0_25&amp;apos;
Driver info: io.appium.java_client.android.AndroidDriver
Capabilities {app: D:\pliro-mobile-2.0\automat..., appActivity: com.pliro_mobile_2.SplashAc..., appPackage: com.aurora.pliro, automationName: UiAutomator2, deviceName: emulator-5554, javascriptEnabled: true, newCommandTimeout: 30, platform: ANDROID, platformName: ANDROID, platformVersion: 7.1.1}
Session ID: 53f6dfe6-c93c-4343-b890-8e9ebbad1621
*** Element info: {Using=-android uiautomator, value=new UiSelector().text(&amp;quot;Specialty, doctor, or health center&amp;quot;)}">
      <![CDATA[org.openqa.selenium.NoSuchElementException: An element could not be located on the page using the given search parameters. (WARNING: The server did not provide any stacktrace information)
Command duration or timeout: 0 milliseconds
For documentation on this error, please visit: http://seleniumhq.org/exceptions/no_such_element.html
Build info: version: '3.9.1', revision: '63f7b50', time: '2018-02-07T22:25:02.294Z'
System info: host: 'KASHIFALI', ip: '192.168.1.135', os.name: 'Windows 8.1', os.arch: 'amd64', os.version: '6.3', java.version: '1.8.0_25'
Driver info: io.appium.java_client.android.AndroidDriver
Capabilities {app: D:\pliro-mobile-2.0\automat..., appActivity: com.pliro_mobile_2.SplashAc..., appPackage: com.aurora.pliro, automationName: UiAutomator2, deviceName: emulator-5554, javascriptEnabled: true, newCommandTimeout: 30, platform: ANDROID, platformName: ANDROID, platformVersion: 7.1.1}
Session ID: 53f6dfe6-c93c-4343-b890-8e9ebbad1621
*** Element info: {Using=-android uiautomator, value=new UiSelector().text("Specialty, doctor, or health center")}
	at org.openqa.selenium.remote.ErrorHandler.createThrowable(ErrorHandler.java:214)
	at org.openqa.selenium.remote.ErrorHandler.throwIfResponseFailed(ErrorHandler.java:166)
	at org.openqa.selenium.remote.http.JsonHttpResponseCodec.reconstructValue(JsonHttpResponseCodec.java:40)
	at org.openqa.selenium.remote.http.AbstractHttpResponseCodec.decode(AbstractHttpResponseCodec.java:80)
	at org.openqa.selenium.remote.http.AbstractHttpResponseCodec.decode(AbstractHttpResponseCodec.java:44)
	at org.openqa.selenium.remote.HttpCommandExecutor.execute(HttpCommandExecutor.java:160)
	at io.appium.java_client.remote.AppiumCommandExecutor.execute(AppiumCommandExecutor.java:129)
	at org.openqa.selenium.remote.RemoteWebDriver.execute(RemoteWebDriver.java:601)
	at io.appium.java_client.DefaultGenericMobileDriver.execute(DefaultGenericMobileDriver.java:42)
	at io.appium.java_client.AppiumDriver.execute(AppiumDriver.java:1)
	at io.appium.java_client.android.AndroidDriver.execute(AndroidDriver.java:1)
	at org.openqa.selenium.remote.RemoteWebDriver.findElement(RemoteWebDriver.java:371)
	at io.appium.java_client.DefaultGenericMobileDriver.findElement(DefaultGenericMobileDriver.java:62)
	at io.appium.java_client.AppiumDriver.findElement(AppiumDriver.java:1)
	at io.appium.java_client.android.AndroidDriver.findElement(AndroidDriver.java:1)
	at io.appium.java_client.FindsByAndroidUIAutomator.findElementByAndroidUIAutomator(FindsByAndroidUIAutomator.java:38)
	at core.UiObject.tap(UiObject.java:179)
	at api.apps.Pliro.homeScreen.HomeScreenPage.tapSelectDoctor(HomeScreenPage.java:62)
	at tests.PublicViewAppointmentTests.clickOnTapToSelectDropDown(PublicViewAppointmentTests.java:64)
	at org.apache.maven.surefire.testng.TestNGExecutor.run(TestNGExecutor.java:283)
	at org.apache.maven.surefire.testng.TestNGXmlTestSuite.execute(TestNGXmlTestSuite.java:75)
	at org.apache.maven.surefire.testng.TestNGProvider.invoke(TestNGProvider.java:120)
	at org.apache.maven.surefire.booter.ForkedBooter.invokeProviderInSameClassLoader(ForkedBooter.java:373)
	at org.apache.maven.surefire.booter.ForkedBooter.runSuitesInProcess(ForkedBooter.java:334)
	at org.apache.maven.surefire.booter.ForkedBooter.execute(ForkedBooter.java:119)
	at org.apache.maven.surefire.booter.ForkedBooter.main(ForkedBooter.java:407)
... Removed 24 stack frames]]>
    </failure>
  </testcase> <!-- clickOnTapToSelectDropDown -->
  <testcase name="isSearchVisible" time="5.223" classname="tests.PublicViewAppointmentTests">
    <failure type="org.openqa.selenium.NoSuchElementException" message="An element could not be located on the page using the given search parameters. (WARNING: The server did not provide any stacktrace information)
Command duration or timeout: 0 milliseconds
For documentation on this error, please visit: http://seleniumhq.org/exceptions/no_such_element.html
Build info: version: &amp;apos;3.9.1&amp;apos;, revision: &amp;apos;63f7b50&amp;apos;, time: &amp;apos;2018-02-07T22:25:02.294Z&amp;apos;
System info: host: &amp;apos;KASHIFALI&amp;apos;, ip: &amp;apos;192.168.1.135&amp;apos;, os.name: &amp;apos;Windows 8.1&amp;apos;, os.arch: &amp;apos;amd64&amp;apos;, os.version: &amp;apos;6.3&amp;apos;, java.version: &amp;apos;1.8.0_25&amp;apos;
Driver info: io.appium.java_client.android.AndroidDriver
Capabilities {app: D:\pliro-mobile-2.0\automat..., appActivity: com.pliro_mobile_2.SplashAc..., appPackage: com.aurora.pliro, automationName: UiAutomator2, deviceName: emulator-5554, javascriptEnabled: true, newCommandTimeout: 30, platform: ANDROID, platformName: ANDROID, platformVersion: 7.1.1}
Session ID: 53f6dfe6-c93c-4343-b890-8e9ebbad1621
*** Element info: {Using=-android uiautomator, value=new UiSelector().text(&amp;quot;Search&amp;quot;)}">
      <![CDATA[org.openqa.selenium.NoSuchElementException: An element could not be located on the page using the given search parameters. (WARNING: The server did not provide any stacktrace information)
Command duration or timeout: 0 milliseconds
For documentation on this error, please visit: http://seleniumhq.org/exceptions/no_such_element.html
Build info: version: '3.9.1', revision: '63f7b50', time: '2018-02-07T22:25:02.294Z'
System info: host: 'KASHIFALI', ip: '192.168.1.135', os.name: 'Windows 8.1', os.arch: 'amd64', os.version: '6.3', java.version: '1.8.0_25'
Driver info: io.appium.java_client.android.AndroidDriver
Capabilities {app: D:\pliro-mobile-2.0\automat..., appActivity: com.pliro_mobile_2.SplashAc..., appPackage: com.aurora.pliro, automationName: UiAutomator2, deviceName: emulator-5554, javascriptEnabled: true, newCommandTimeout: 30, platform: ANDROID, platformName: ANDROID, platformVersion: 7.1.1}
Session ID: 53f6dfe6-c93c-4343-b890-8e9ebbad1621
*** Element info: {Using=-android uiautomator, value=new UiSelector().text("Search")}
	at org.openqa.selenium.remote.ErrorHandler.createThrowable(ErrorHandler.java:214)
	at org.openqa.selenium.remote.ErrorHandler.throwIfResponseFailed(ErrorHandler.java:166)
	at org.openqa.selenium.remote.http.JsonHttpResponseCodec.reconstructValue(JsonHttpResponseCodec.java:40)
	at org.openqa.selenium.remote.http.AbstractHttpResponseCodec.decode(AbstractHttpResponseCodec.java:80)
	at org.openqa.selenium.remote.http.AbstractHttpResponseCodec.decode(AbstractHttpResponseCodec.java:44)
	at org.openqa.selenium.remote.HttpCommandExecutor.execute(HttpCommandExecutor.java:160)
	at io.appium.java_client.remote.AppiumCommandExecutor.execute(AppiumCommandExecutor.java:129)
	at org.openqa.selenium.remote.RemoteWebDriver.execute(RemoteWebDriver.java:601)
	at io.appium.java_client.DefaultGenericMobileDriver.execute(DefaultGenericMobileDriver.java:42)
	at io.appium.java_client.AppiumDriver.execute(AppiumDriver.java:1)
	at io.appium.java_client.android.AndroidDriver.execute(AndroidDriver.java:1)
	at org.openqa.selenium.remote.RemoteWebDriver.findElement(RemoteWebDriver.java:371)
	at io.appium.java_client.DefaultGenericMobileDriver.findElement(DefaultGenericMobileDriver.java:62)
	at io.appium.java_client.AppiumDriver.findElement(AppiumDriver.java:1)
	at io.appium.java_client.android.AndroidDriver.findElement(AndroidDriver.java:1)
	at io.appium.java_client.FindsByAndroidUIAutomator.findElementByAndroidUIAutomator(FindsByAndroidUIAutomator.java:38)
	at core.UiObject.getText(UiObject.java:120)
	at api.apps.Pliro.selectCriteria.SelectCriteriaPage.isSearchFieldVisible(SelectCriteriaPage.java:48)
	at tests.PublicViewAppointmentTests.isSearchVisible(PublicViewAppointmentTests.java:70)
	at org.apache.maven.surefire.testng.TestNGExecutor.run(TestNGExecutor.java:283)
	at org.apache.maven.surefire.testng.TestNGXmlTestSuite.execute(TestNGXmlTestSuite.java:75)
	at org.apache.maven.surefire.testng.TestNGProvider.invoke(TestNGProvider.java:120)
	at org.apache.maven.surefire.booter.ForkedBooter.invokeProviderInSameClassLoader(ForkedBooter.java:373)
	at org.apache.maven.surefire.booter.ForkedBooter.runSuitesInProcess(ForkedBooter.java:334)
	at org.apache.maven.surefire.booter.ForkedBooter.execute(ForkedBooter.java:119)
	at org.apache.maven.surefire.booter.ForkedBooter.main(ForkedBooter.java:407)
... Removed 24 stack frames]]>
    </failure>
  </testcase> <!-- isSearchVisible -->
  <testcase name="isCloseButtonVisible" time="0.001" classname="tests.PublicViewAppointmentTests">
    <skipped/>
  </testcase> <!-- isCloseButtonVisible -->
  <testcase name="isCloseButtonClickable" time="0.0" classname="tests.PublicViewAppointmentTests">
    <skipped/>
  </testcase> <!-- isCloseButtonClickable -->
  <testcase name="clickTapToSelectDropDown" time="0.0" classname="tests.PublicViewAppointmentTests">
    <skipped/>
  </testcase> <!-- clickTapToSelectDropDown -->
  <testcase name="clickBackButton" time="0.001" classname="tests.PublicViewAppointmentTests">
    <skipped/>
  </testcase> <!-- clickBackButton -->
  <testcase name="clickTapToSelectDD" time="0.0" classname="tests.PublicViewAppointmentTests">
    <skipped/>
  </testcase> <!-- clickTapToSelectDD -->
  <testcase name="searchDoctor" time="0.0" classname="tests.PublicViewAppointmentTests">
    <skipped/>
  </testcase> <!-- searchDoctor -->
  <testcase name="clickLocationDD" time="0.001" classname="tests.PublicViewAppointmentTests">
    <skipped/>
  </testcase> <!-- clickLocationDD -->
  <testcase name="isSearchFieldOnLocationPageVisible" time="0.0" classname="tests.PublicViewAppointmentTests">
    <skipped/>
  </testcase> <!-- isSearchFieldOnLocationPageVisible -->
  <testcase name="searchLocation" time="0.0" classname="tests.PublicViewAppointmentTests">
    <skipped/>
  </testcase> <!-- searchLocation -->
  <testcase name="tapFindDoctorButton" time="0.001" classname="tests.PublicViewAppointmentTests">
    <skipped/>
  </testcase> <!-- tapFindDoctorButton -->
  <testcase name="selectDoctor" time="0.0" classname="tests.PublicViewAppointmentTests">
    <skipped/>
  </testcase> <!-- selectDoctor -->
  <testcase name="isBookAppointmentButtonVisible" time="0.0" classname="tests.PublicViewAppointmentTests">
    <skipped/>
  </testcase> <!-- isBookAppointmentButtonVisible -->
  <testcase name="tapBookAppointmentButton" time="0.0" classname="tests.PublicViewAppointmentTests">
    <skipped/>
  </testcase> <!-- tapBookAppointmentButton -->
  <testcase name="isEnterNameFieldVisible" time="0.0" classname="tests.PublicViewAppointmentTests">
    <skipped/>
  </testcase> <!-- isEnterNameFieldVisible -->
  <testcase name="enterName" time="0.0" classname="tests.PublicViewAppointmentTests">
    <skipped/>
  </testcase> <!-- enterName -->
  <testcase name="isPhoneNumberFieldVisible" time="0.0" classname="tests.PublicViewAppointmentTests">
    <skipped/>
  </testcase> <!-- isPhoneNumberFieldVisible -->
  <testcase name="isPatientInfoTextVisible" time="0.0" classname="tests.PublicViewAppointmentTests">
    <skipped/>
  </testcase> <!-- isPatientInfoTextVisible -->
  <testcase name="enterPhonenumber" time="0.0" classname="tests.PublicViewAppointmentTests">
    <skipped/>
  </testcase> <!-- enterPhonenumber -->
  <testcase name="clickOnConfirmAppointmentButton" time="0.001" classname="tests.PublicViewAppointmentTests">
    <skipped/>
  </testcase> <!-- clickOnConfirmAppointmentButton -->
  <testcase name="clickOnConfirmAppointmentButtonAgain" time="0.0" classname="tests.PublicViewAppointmentTests">
    <skipped/>
  </testcase> <!-- clickOnConfirmAppointmentButtonAgain -->
  <testcase name="isTimeScheduleWindowPageAvailable" time="0.0" classname="tests.PublicViewAppointmentTests">
    <skipped/>
  </testcase> <!-- isTimeScheduleWindowPageAvailable -->
  <testcase name="isTimeSlotAvailable" time="0.0" classname="tests.PublicViewAppointmentTests">
    <skipped/>
  </testcase> <!-- isTimeSlotAvailable -->
  <testcase name="isConfirmAppointmentButtonVisible" time="0.001" classname="tests.PublicViewAppointmentTests">
    <skipped/>
  </testcase> <!-- isConfirmAppointmentButtonVisible -->
  <testcase name="tapConfirmAppointmentButton" time="0.0" classname="tests.PublicViewAppointmentTests">
    <skipped/>
  </testcase> <!-- tapConfirmAppointmentButton -->
  <testcase name="isCheckYourEmailTextVisible" time="0.0" classname="tests.PublicViewAppointmentTests">
    <skipped/>
  </testcase> <!-- isCheckYourEmailTextVisible -->
  <testcase name="isOrPhoneTextVisible" time="0.001" classname="tests.PublicViewAppointmentTests">
    <skipped/>
  </testcase> <!-- isOrPhoneTextVisible -->
  <testcase name="isCodeValue1FieldVisible" time="0.0" classname="tests.PublicViewAppointmentTests">
    <skipped/>
  </testcase> <!-- isCodeValue1FieldVisible -->
  <testcase name="enterCodeValue1Field" time="0.0" classname="tests.PublicViewAppointmentTests">
    <skipped/>
  </testcase> <!-- enterCodeValue1Field -->
  <testcase name="isCodeValue2FieldVisible" time="0.0" classname="tests.PublicViewAppointmentTests">
    <skipped/>
  </testcase> <!-- isCodeValue2FieldVisible -->
  <testcase name="enterCodeValue2Field" time="0.001" classname="tests.PublicViewAppointmentTests">
    <skipped/>
  </testcase> <!-- enterCodeValue2Field -->
  <testcase name="isCodeValue3FieldVisible" time="0.0" classname="tests.PublicViewAppointmentTests">
    <skipped/>
  </testcase> <!-- isCodeValue3FieldVisible -->
  <testcase name="enterCodeValue3Field" time="0.0" classname="tests.PublicViewAppointmentTests">
    <skipped/>
  </testcase> <!-- enterCodeValue3Field -->
  <testcase name="isCodeValue4FieldVisible" time="0.0" classname="tests.PublicViewAppointmentTests">
    <skipped/>
  </testcase> <!-- isCodeValue4FieldVisible -->
  <testcase name="enterCodeValue4Field" time="0.0" classname="tests.PublicViewAppointmentTests">
    <skipped/>
  </testcase> <!-- enterCodeValue4Field -->
  <testcase name="congratulationsText" time="0.0" classname="tests.PublicViewAppointmentTests">
    <skipped/>
  </testcase> <!-- congratulationsText -->
  <testcase name="appointmentCompletedSuccessfullyText" time="0.0" classname="tests.PublicViewAppointmentTests">
    <skipped/>
  </testcase> <!-- appointmentCompletedSuccessfullyText -->
</testsuite> <!-- PliroRegressionSuite -->
